2019-01-17 08:42:14.446566: I tensorflow/core/platform/cpu_feature_guard.cc:137] Your CPU supports instructions that this TensorFlow binary was not compiled to use: SSE4.1 SSE4.2 AVX AVX2 FMA
2019-01-17 08:42:14.868903: I tensorflow/core/common_runtime/gpu/gpu_device.cc:1030] Found device 0 with properties: 
name: Tesla P100-PCIE-12GB major: 6 minor: 0 memoryClockRate(GHz): 1.3285
pciBusID: 0000:04:00.0
totalMemory: 11.91GiB freeMemory: 11.63GiB
2019-01-17 08:42:14.869209: I tensorflow/core/common_runtime/gpu/gpu_device.cc:1120] Creating TensorFlow device (/device:GPU:0) -> (device: 0, name: Tesla P100-PCIE-12GB, pci bus id: 0000:04:00.0, compute capability: 6.0)
2019-01-17 08:42:14.949086: I tensorflow/core/common_runtime/gpu/gpu_device.cc:1120] Creating TensorFlow device (/device:GPU:0) -> (device: 0, name: Tesla P100-PCIE-12GB, pci bus id: 0000:04:00.0, compute capability: 6.0)
2019-01-17 08:42:15.029613: I tensorflow/core/common_runtime/gpu/gpu_device.cc:1120] Creating TensorFlow device (/device:GPU:0) -> (device: 0, name: Tesla P100-PCIE-12GB, pci bus id: 0000:04:00.0, compute capability: 6.0)
2019-01-17 08:42:22.537392: I tensorflow/core/common_runtime/gpu/gpu_device.cc:1120] Creating TensorFlow device (/device:GPU:0) -> (device: 0, name: Tesla P100-PCIE-12GB, pci bus id: 0000:04:00.0, compute capability: 6.0)
2019-01-17 08:42:29.109802: I tensorflow/core/common_runtime/gpu/gpu_device.cc:1120] Creating TensorFlow device (/device:GPU:0) -> (device: 0, name: Tesla P100-PCIE-12GB, pci bus id: 0000:04:00.0, compute capability: 6.0)
2019-01-17 08:42:35.738911: I tensorflow/core/common_runtime/gpu/gpu_device.cc:1120] Creating TensorFlow device (/device:GPU:0) -> (device: 0, name: Tesla P100-PCIE-12GB, pci bus id: 0000:04:00.0, compute capability: 6.0)
2019-01-17 08:42:42.475592: I tensorflow/core/common_runtime/gpu/gpu_device.cc:1120] Creating TensorFlow device (/device:GPU:0) -> (device: 0, name: Tesla P100-PCIE-12GB, pci bus id: 0000:04:00.0, compute capability: 6.0)
2019-01-17 08:42:49.122190: I tensorflow/core/common_runtime/gpu/gpu_device.cc:1120] Creating TensorFlow device (/device:GPU:0) -> (device: 0, name: Tesla P100-PCIE-12GB, pci bus id: 0000:04:00.0, compute capability: 6.0)
2019-01-17 08:42:55.849406: I tensorflow/core/common_runtime/gpu/gpu_device.cc:1120] Creating TensorFlow device (/device:GPU:0) -> (device: 0, name: Tesla P100-PCIE-12GB, pci bus id: 0000:04:00.0, compute capability: 6.0)
2019-01-17 08:43:02.803452: I tensorflow/core/common_runtime/gpu/gpu_device.cc:1120] Creating TensorFlow device (/device:GPU:0) -> (device: 0, name: Tesla P100-PCIE-12GB, pci bus id: 0000:04:00.0, compute capability: 6.0)
2019-01-17 08:43:09.716161: I tensorflow/core/common_runtime/gpu/gpu_device.cc:1120] Creating TensorFlow device (/device:GPU:0) -> (device: 0, name: Tesla P100-PCIE-12GB, pci bus id: 0000:04:00.0, compute capability: 6.0)
2019-01-17 08:43:16.729067: I tensorflow/core/common_runtime/gpu/gpu_device.cc:1120] Creating TensorFlow device (/device:GPU:0) -> (device: 0, name: Tesla P100-PCIE-12GB, pci bus id: 0000:04:00.0, compute capability: 6.0)
2019-01-17 08:43:23.936460: I tensorflow/core/common_runtime/gpu/gpu_device.cc:1120] Creating TensorFlow device (/device:GPU:0) -> (device: 0, name: Tesla P100-PCIE-12GB, pci bus id: 0000:04:00.0, compute capability: 6.0)
2019-01-17 08:43:31.094862: I tensorflow/core/common_runtime/gpu/gpu_device.cc:1120] Creating TensorFlow device (/device:GPU:0) -> (device: 0, name: Tesla P100-PCIE-12GB, pci bus id: 0000:04:00.0, compute capability: 6.0)
2019-01-17 08:43:38.362996: I tensorflow/core/common_runtime/gpu/gpu_device.cc:1120] Creating TensorFlow device (/device:GPU:0) -> (device: 0, name: Tesla P100-PCIE-12GB, pci bus id: 0000:04:00.0, compute capability: 6.0)
2019-01-17 08:43:45.720084: I tensorflow/core/common_runtime/gpu/gpu_device.cc:1120] Creating TensorFlow device (/device:GPU:0) -> (device: 0, name: Tesla P100-PCIE-12GB, pci bus id: 0000:04:00.0, compute capability: 6.0)
2019-01-17 08:43:53.138137: I tensorflow/core/common_runtime/gpu/gpu_device.cc:1120] Creating TensorFlow device (/device:GPU:0) -> (device: 0, name: Tesla P100-PCIE-12GB, pci bus id: 0000:04:00.0, compute capability: 6.0)
/usr/home/studenti/sp160362/miniconda3/envs/tf/lib/python3.6/importlib/_bootstrap.py:219: RuntimeWarning: compiletime version 3.5 of module 'tensorflow.python.framework.fast_tensor_util' does not match runtime version 3.6
  return f(*args, **kwds)
/usr/home/studenti/sp160362/miniconda3/envs/tf/lib/python3.6/site-packages/matplotlib/pyplot.py:514: RuntimeWarning: More than 20 figures have been opened. Figures created through the pyplot interface (`matplotlib.pyplot.figure`) are retained until explicitly closed and may consume too much memory. (To control this warning, see the rcParam `figure.max_open_warning`).
  max_open_warning, RuntimeWarning)
Training using video SOM: /usr/home/studenti/sp160362/project/deep-word-learning/data/trained-models/video/best/video_20x30_s12.0_b128_a0.1_group-as_seed42_1547659811_minmax
---------Info-------
data                : video                                   
dims                : (20, 30)                                
sigma               : 12.0                                    
alpha               : 0.1                                     
batch               : 128                                     
group               : as                                      
seed                : 42                                      
id                  : 1547659811                              
trsf                : minmax                                  
Using MinMaxScaler...
Data loaded and transformed, building SOMs...
RESTORED SOM MODEL
RESTORED SOM MODEL
Preparing Hebbian model...
Hebbian model with 1 presentations.
Training...
Evaluating...
source: a, correct: 26 out of 48
[0, 4, 9, 7, 0, 8, 9, 4, 7, 9, 5, 4, 0, 3, 9, 2, 5, 5, 8, 5, 1, 7, 5, 2, 4, 2, 2, 6, 1, 9, 4, 3, 5, 8, 3, 7, 8, 5, 7, 5, 1, 8, 6, 4, 4, 4, 5, 3]
[2, 7, 9, 4, 0, 8, 9, 4, 1, 9, 5, 7, 2, 3, 9, 2, 2, 5, 3, 2, 9, 7, 5, 2, 4, 0, 2, 2, 7, 9, 4, 3, 2, 7, 3, 0, 8, 2, 4, 5, 0, 8, 0, 1, 4, 4, 5, 2]
source: v, correct: 164 out of 200
[5, 7, 7, 6, 4, 6, 6, 5, 8, 1, 8, 0, 6, 9, 9, 8, 2, 8, 7, 3, 5, 1, 3, 5, 2, 2, 1, 9, 9, 9, 3, 1, 6, 4, 3, 1, 6, 5, 9, 0, 3, 0, 3, 9, 2, 2, 9, 6, 4, 8, 5, 8, 2, 5, 0, 0, 6, 0, 2, 8, 2, 0, 5, 2, 6, 6, 6, 8, 0, 5, 1, 4, 5, 7, 2, 2, 6, 0, 5, 3, 6, 0, 2, 0, 3, 5, 9, 7, 7, 3, 3, 4, 5, 2, 7, 4, 7, 0, 0, 8, 7, 3, 9, 2, 6, 6, 5, 9, 1, 9, 5, 8, 9, 8, 0, 4, 1, 9, 5, 2, 8, 4, 7, 2, 2, 5, 5, 4, 8, 8, 5, 8, 2, 9, 5, 0, 1, 2, 0, 0, 0, 2, 7, 2, 8, 9, 8, 2, 8, 3, 6, 1, 9, 4, 9, 4, 3, 6, 0, 8, 5, 7, 6, 6, 8, 6, 2, 6, 3, 3, 3, 4, 1, 9, 4, 3, 2, 2, 8, 6, 4, 6, 3, 5, 8, 1, 3, 3, 9, 7, 9, 8, 6, 1, 2, 4, 3, 2, 6, 0]
[5, 7, 8, 6, 4, 6, 6, 9, 8, 2, 8, 0, 0, 9, 9, 8, 2, 8, 7, 3, 5, 2, 3, 5, 2, 2, 2, 9, 9, 9, 3, 2, 6, 4, 3, 2, 6, 5, 9, 0, 3, 0, 3, 9, 2, 2, 9, 6, 4, 8, 5, 8, 2, 5, 2, 0, 6, 0, 2, 8, 2, 6, 7, 2, 6, 6, 7, 8, 2, 5, 2, 4, 5, 7, 2, 2, 6, 2, 5, 3, 6, 2, 2, 0, 3, 5, 9, 7, 7, 3, 1, 4, 5, 2, 8, 4, 8, 2, 2, 8, 7, 6, 9, 2, 6, 6, 9, 9, 2, 9, 5, 8, 9, 8, 0, 4, 2, 9, 5, 2, 8, 4, 8, 2, 0, 5, 5, 4, 8, 8, 5, 8, 2, 9, 5, 2, 2, 2, 0, 2, 0, 2, 7, 2, 8, 9, 8, 2, 8, 3, 6, 2, 9, 4, 9, 4, 3, 6, 2, 8, 5, 7, 6, 6, 8, 6, 2, 6, 3, 3, 3, 4, 2, 9, 4, 3, 2, 2, 8, 6, 4, 6, 3, 5, 8, 2, 3, 3, 9, 2, 9, 8, 6, 2, 2, 4, 3, 2, 6, 0]
n=1, accuracy_a=0.5416666666666666, accuracy_v=0.82
Hebbian model with 2 presentations.
Training...
Evaluating...
source: a, correct: 29 out of 48
[0, 4, 9, 7, 0, 8, 9, 4, 7, 9, 5, 4, 0, 3, 9, 2, 5, 5, 8, 5, 1, 7, 5, 2, 4, 2, 2, 6, 1, 9, 4, 3, 5, 8, 3, 7, 8, 5, 7, 5, 1, 8, 6, 4, 4, 4, 5, 3]
[2, 7, 9, 4, 0, 8, 9, 7, 1, 9, 5, 7, 2, 3, 9, 2, 5, 5, 6, 5, 6, 7, 5, 0, 7, 0, 2, 2, 7, 9, 4, 3, 5, 5, 3, 7, 8, 5, 4, 5, 1, 8, 6, 1, 4, 7, 5, 0]
source: v, correct: 169 out of 200
[5, 7, 7, 6, 4, 6, 6, 5, 8, 1, 8, 0, 6, 9, 9, 8, 2, 8, 7, 3, 5, 1, 3, 5, 2, 2, 1, 9, 9, 9, 3, 1, 6, 4, 3, 1, 6, 5, 9, 0, 3, 0, 3, 9, 2, 2, 9, 6, 4, 8, 5, 8, 2, 5, 0, 0, 6, 0, 2, 8, 2, 0, 5, 2, 6, 6, 6, 8, 0, 5, 1, 4, 5, 7, 2, 2, 6, 0, 5, 3, 6, 0, 2, 0, 3, 5, 9, 7, 7, 3, 3, 4, 5, 2, 7, 4, 7, 0, 0, 8, 7, 3, 9, 2, 6, 6, 5, 9, 1, 9, 5, 8, 9, 8, 0, 4, 1, 9, 5, 2, 8, 4, 7, 2, 2, 5, 5, 4, 8, 8, 5, 8, 2, 9, 5, 0, 1, 2, 0, 0, 0, 2, 7, 2, 8, 9, 8, 2, 8, 3, 6, 1, 9, 4, 9, 4, 3, 6, 0, 8, 5, 7, 6, 6, 8, 6, 2, 6, 3, 3, 3, 4, 1, 9, 4, 3, 2, 2, 8, 6, 4, 6, 3, 5, 8, 1, 3, 3, 9, 7, 9, 8, 6, 1, 2, 4, 3, 2, 6, 0]
[5, 7, 7, 6, 4, 6, 6, 0, 8, 0, 8, 0, 0, 3, 9, 8, 2, 8, 7, 3, 5, 2, 3, 5, 2, 2, 2, 3, 9, 9, 3, 2, 6, 4, 3, 2, 6, 5, 9, 0, 3, 0, 3, 9, 2, 2, 9, 7, 4, 8, 5, 8, 2, 5, 0, 0, 6, 0, 2, 8, 2, 0, 0, 2, 6, 6, 7, 8, 2, 5, 0, 4, 5, 7, 2, 2, 6, 2, 5, 3, 6, 2, 0, 0, 3, 5, 3, 7, 7, 3, 0, 4, 5, 2, 7, 4, 7, 2, 2, 8, 7, 3, 9, 2, 6, 6, 5, 9, 2, 9, 5, 8, 9, 8, 0, 4, 2, 9, 5, 2, 8, 4, 7, 2, 2, 5, 5, 4, 8, 8, 5, 8, 2, 9, 5, 0, 2, 2, 0, 2, 0, 2, 7, 2, 8, 9, 8, 2, 9, 3, 6, 2, 9, 4, 9, 4, 3, 6, 0, 8, 5, 7, 6, 6, 8, 6, 2, 6, 3, 3, 3, 4, 2, 9, 4, 3, 2, 2, 8, 6, 4, 6, 3, 5, 8, 2, 3, 3, 9, 0, 9, 8, 6, 2, 2, 4, 3, 2, 6, 0]
n=2, accuracy_a=0.6041666666666666, accuracy_v=0.845
Hebbian model with 3 presentations.
Training...
Evaluating...
source: a, correct: 33 out of 48
[0, 4, 9, 7, 0, 8, 9, 4, 7, 9, 5, 4, 0, 3, 9, 2, 5, 5, 8, 5, 1, 7, 5, 2, 4, 2, 2, 6, 1, 9, 4, 3, 5, 8, 3, 7, 8, 5, 7, 5, 1, 8, 6, 4, 4, 4, 5, 3]
[2, 1, 9, 4, 0, 8, 9, 0, 2, 9, 5, 1, 2, 3, 9, 2, 5, 5, 8, 5, 9, 7, 5, 0, 7, 2, 2, 2, 7, 9, 4, 3, 5, 8, 3, 7, 8, 5, 4, 5, 1, 8, 6, 1, 4, 7, 5, 3]
source: v, correct: 172 out of 200
[5, 7, 7, 6, 4, 6, 6, 5, 8, 1, 8, 0, 6, 9, 9, 8, 2, 8, 7, 3, 5, 1, 3, 5, 2, 2, 1, 9, 9, 9, 3, 1, 6, 4, 3, 1, 6, 5, 9, 0, 3, 0, 3, 9, 2, 2, 9, 6, 4, 8, 5, 8, 2, 5, 0, 0, 6, 0, 2, 8, 2, 0, 5, 2, 6, 6, 6, 8, 0, 5, 1, 4, 5, 7, 2, 2, 6, 0, 5, 3, 6, 0, 2, 0, 3, 5, 9, 7, 7, 3, 3, 4, 5, 2, 7, 4, 7, 0, 0, 8, 7, 3, 9, 2, 6, 6, 5, 9, 1, 9, 5, 8, 9, 8, 0, 4, 1, 9, 5, 2, 8, 4, 7, 2, 2, 5, 5, 4, 8, 8, 5, 8, 2, 9, 5, 0, 1, 2, 0, 0, 0, 2, 7, 2, 8, 9, 8, 2, 8, 3, 6, 1, 9, 4, 9, 4, 3, 6, 0, 8, 5, 7, 6, 6, 8, 6, 2, 6, 3, 3, 3, 4, 1, 9, 4, 3, 2, 2, 8, 6, 4, 6, 3, 5, 8, 1, 3, 3, 9, 7, 9, 8, 6, 1, 2, 4, 3, 2, 6, 0]
[5, 7, 7, 6, 4, 6, 6, 0, 8, 0, 8, 0, 0, 9, 9, 8, 2, 8, 7, 3, 5, 2, 3, 5, 2, 2, 2, 9, 9, 9, 3, 2, 6, 4, 3, 2, 6, 5, 9, 0, 3, 0, 3, 9, 2, 2, 9, 7, 4, 8, 5, 8, 2, 5, 0, 0, 6, 0, 2, 8, 2, 0, 0, 2, 6, 6, 0, 8, 2, 5, 0, 4, 5, 7, 2, 2, 6, 2, 5, 3, 6, 2, 0, 0, 3, 5, 9, 7, 7, 3, 0, 4, 5, 2, 7, 4, 7, 2, 2, 8, 7, 3, 9, 2, 6, 6, 5, 9, 2, 9, 5, 8, 9, 8, 0, 4, 2, 9, 5, 2, 8, 4, 7, 2, 2, 5, 5, 4, 8, 8, 5, 8, 2, 9, 5, 0, 2, 2, 0, 2, 0, 2, 7, 2, 8, 9, 8, 2, 9, 3, 6, 2, 9, 4, 9, 4, 3, 6, 0, 8, 5, 7, 6, 6, 8, 6, 2, 6, 3, 3, 3, 4, 2, 9, 4, 3, 2, 2, 8, 6, 4, 6, 3, 5, 8, 2, 3, 3, 9, 0, 9, 8, 6, 2, 2, 4, 3, 2, 6, 0]
n=3, accuracy_a=0.6875, accuracy_v=0.86
Hebbian model with 4 presentations.
Training...
Evaluating...
source: a, correct: 35 out of 48
[0, 4, 9, 7, 0, 8, 9, 4, 7, 9, 5, 4, 0, 3, 9, 2, 5, 5, 8, 5, 1, 7, 5, 2, 4, 2, 2, 6, 1, 9, 4, 3, 5, 8, 3, 7, 8, 5, 7, 5, 1, 8, 6, 4, 4, 4, 5, 3]
[3, 1, 9, 4, 0, 8, 9, 7, 2, 9, 5, 1, 2, 3, 9, 2, 5, 5, 8, 5, 4, 7, 5, 0, 7, 2, 2, 3, 4, 9, 4, 3, 5, 8, 3, 7, 8, 5, 7, 5, 1, 8, 6, 4, 4, 7, 5, 3]
source: v, correct: 177 out of 200
[5, 7, 7, 6, 4, 6, 6, 5, 8, 1, 8, 0, 6, 9, 9, 8, 2, 8, 7, 3, 5, 1, 3, 5, 2, 2, 1, 9, 9, 9, 3, 1, 6, 4, 3, 1, 6, 5, 9, 0, 3, 0, 3, 9, 2, 2, 9, 6, 4, 8, 5, 8, 2, 5, 0, 0, 6, 0, 2, 8, 2, 0, 5, 2, 6, 6, 6, 8, 0, 5, 1, 4, 5, 7, 2, 2, 6, 0, 5, 3, 6, 0, 2, 0, 3, 5, 9, 7, 7, 3, 3, 4, 5, 2, 7, 4, 7, 0, 0, 8, 7, 3, 9, 2, 6, 6, 5, 9, 1, 9, 5, 8, 9, 8, 0, 4, 1, 9, 5, 2, 8, 4, 7, 2, 2, 5, 5, 4, 8, 8, 5, 8, 2, 9, 5, 0, 1, 2, 0, 0, 0, 2, 7, 2, 8, 9, 8, 2, 8, 3, 6, 1, 9, 4, 9, 4, 3, 6, 0, 8, 5, 7, 6, 6, 8, 6, 2, 6, 3, 3, 3, 4, 1, 9, 4, 3, 2, 2, 8, 6, 4, 6, 3, 5, 8, 1, 3, 3, 9, 7, 9, 8, 6, 1, 2, 4, 3, 2, 6, 0]
[5, 7, 7, 6, 4, 6, 6, 0, 8, 1, 8, 0, 0, 9, 9, 8, 2, 8, 7, 3, 5, 2, 3, 5, 2, 2, 1, 9, 9, 9, 3, 2, 6, 4, 3, 1, 6, 5, 9, 0, 3, 0, 3, 9, 2, 2, 9, 7, 4, 8, 5, 8, 2, 5, 0, 0, 6, 0, 2, 8, 2, 6, 7, 2, 6, 6, 7, 8, 2, 5, 1, 4, 5, 7, 2, 2, 6, 2, 5, 3, 6, 2, 0, 0, 3, 5, 9, 7, 7, 3, 9, 4, 5, 2, 7, 4, 7, 2, 2, 8, 7, 0, 9, 2, 6, 6, 9, 9, 1, 9, 5, 8, 9, 8, 0, 4, 2, 9, 5, 2, 8, 4, 7, 2, 2, 5, 5, 4, 8, 8, 5, 8, 2, 9, 5, 0, 1, 2, 0, 2, 0, 2, 7, 2, 8, 9, 8, 2, 9, 3, 6, 2, 9, 4, 9, 4, 3, 6, 0, 8, 5, 7, 6, 6, 8, 6, 2, 6, 3, 3, 3, 4, 2, 9, 4, 3, 2, 2, 8, 6, 4, 6, 3, 5, 8, 1, 3, 3, 9, 0, 9, 8, 6, 1, 2, 4, 3, 2, 6, 0]
n=4, accuracy_a=0.7291666666666666, accuracy_v=0.885
Hebbian model with 5 presentations.
Training...
Evaluating...
source: a, correct: 34 out of 48
[0, 4, 9, 7, 0, 8, 9, 4, 7, 9, 5, 4, 0, 3, 9, 2, 5, 5, 8, 5, 1, 7, 5, 2, 4, 2, 2, 6, 1, 9, 4, 3, 5, 8, 3, 7, 8, 5, 7, 5, 1, 8, 6, 4, 4, 4, 5, 3]
[3, 1, 9, 0, 0, 8, 9, 0, 5, 9, 5, 1, 2, 3, 9, 2, 5, 5, 8, 5, 4, 7, 5, 0, 7, 2, 2, 5, 4, 9, 4, 3, 5, 8, 3, 7, 8, 5, 0, 5, 1, 8, 6, 4, 4, 7, 5, 3]
source: v, correct: 184 out of 200
[5, 7, 7, 6, 4, 6, 6, 5, 8, 1, 8, 0, 6, 9, 9, 8, 2, 8, 7, 3, 5, 1, 3, 5, 2, 2, 1, 9, 9, 9, 3, 1, 6, 4, 3, 1, 6, 5, 9, 0, 3, 0, 3, 9, 2, 2, 9, 6, 4, 8, 5, 8, 2, 5, 0, 0, 6, 0, 2, 8, 2, 0, 5, 2, 6, 6, 6, 8, 0, 5, 1, 4, 5, 7, 2, 2, 6, 0, 5, 3, 6, 0, 2, 0, 3, 5, 9, 7, 7, 3, 3, 4, 5, 2, 7, 4, 7, 0, 0, 8, 7, 3, 9, 2, 6, 6, 5, 9, 1, 9, 5, 8, 9, 8, 0, 4, 1, 9, 5, 2, 8, 4, 7, 2, 2, 5, 5, 4, 8, 8, 5, 8, 2, 9, 5, 0, 1, 2, 0, 0, 0, 2, 7, 2, 8, 9, 8, 2, 8, 3, 6, 1, 9, 4, 9, 4, 3, 6, 0, 8, 5, 7, 6, 6, 8, 6, 2, 6, 3, 3, 3, 4, 1, 9, 4, 3, 2, 2, 8, 6, 4, 6, 3, 5, 8, 1, 3, 3, 9, 7, 9, 8, 6, 1, 2, 4, 3, 2, 6, 0]
[5, 7, 7, 6, 4, 6, 6, 0, 8, 1, 8, 0, 6, 9, 9, 8, 2, 8, 7, 3, 5, 1, 3, 5, 2, 2, 1, 9, 9, 9, 3, 1, 6, 4, 3, 1, 6, 5, 9, 0, 3, 0, 3, 9, 2, 2, 9, 7, 4, 8, 5, 8, 2, 5, 0, 0, 6, 0, 2, 8, 2, 6, 6, 2, 6, 6, 6, 8, 2, 5, 1, 4, 5, 7, 2, 2, 6, 1, 5, 3, 6, 1, 1, 0, 3, 5, 9, 7, 7, 3, 9, 4, 5, 2, 7, 4, 7, 2, 2, 8, 7, 0, 9, 2, 6, 6, 9, 9, 1, 9, 5, 8, 9, 8, 0, 4, 1, 9, 5, 2, 8, 4, 7, 2, 2, 5, 5, 4, 8, 8, 5, 8, 2, 9, 5, 0, 1, 2, 0, 2, 0, 2, 7, 2, 8, 9, 8, 2, 9, 3, 6, 1, 9, 4, 9, 4, 3, 6, 0, 8, 5, 7, 6, 6, 8, 6, 2, 6, 3, 3, 3, 4, 1, 9, 4, 3, 2, 2, 8, 6, 4, 6, 3, 5, 8, 1, 3, 3, 9, 6, 9, 8, 6, 1, 2, 4, 3, 2, 6, 0]
n=5, accuracy_a=0.7083333333333334, accuracy_v=0.92
Hebbian model with 6 presentations.
Training...
Evaluating...
source: a, correct: 37 out of 48
[0, 4, 9, 7, 0, 8, 9, 4, 7, 9, 5, 4, 0, 3, 9, 2, 5, 5, 8, 5, 1, 7, 5, 2, 4, 2, 2, 6, 1, 9, 4, 3, 5, 8, 3, 7, 8, 5, 7, 5, 1, 8, 6, 4, 4, 4, 5, 3]
[0, 1, 9, 1, 0, 8, 9, 0, 5, 9, 5, 1, 0, 3, 9, 2, 5, 5, 8, 5, 4, 7, 5, 0, 7, 2, 2, 5, 4, 9, 4, 3, 5, 8, 3, 7, 8, 5, 7, 5, 1, 8, 6, 4, 4, 7, 5, 3]
source: v, correct: 176 out of 200
[5, 7, 7, 6, 4, 6, 6, 5, 8, 1, 8, 0, 6, 9, 9, 8, 2, 8, 7, 3, 5, 1, 3, 5, 2, 2, 1, 9, 9, 9, 3, 1, 6, 4, 3, 1, 6, 5, 9, 0, 3, 0, 3, 9, 2, 2, 9, 6, 4, 8, 5, 8, 2, 5, 0, 0, 6, 0, 2, 8, 2, 0, 5, 2, 6, 6, 6, 8, 0, 5, 1, 4, 5, 7, 2, 2, 6, 0, 5, 3, 6, 0, 2, 0, 3, 5, 9, 7, 7, 3, 3, 4, 5, 2, 7, 4, 7, 0, 0, 8, 7, 3, 9, 2, 6, 6, 5, 9, 1, 9, 5, 8, 9, 8, 0, 4, 1, 9, 5, 2, 8, 4, 7, 2, 2, 5, 5, 4, 8, 8, 5, 8, 2, 9, 5, 0, 1, 2, 0, 0, 0, 2, 7, 2, 8, 9, 8, 2, 8, 3, 6, 1, 9, 4, 9, 4, 3, 6, 0, 8, 5, 7, 6, 6, 8, 6, 2, 6, 3, 3, 3, 4, 1, 9, 4, 3, 2, 2, 8, 6, 4, 6, 3, 5, 8, 1, 3, 3, 9, 7, 9, 8, 6, 1, 2, 4, 3, 2, 6, 0]
[5, 7, 7, 6, 4, 6, 6, 7, 8, 1, 8, 0, 6, 9, 9, 8, 2, 8, 7, 3, 5, 1, 3, 5, 1, 2, 1, 9, 9, 9, 3, 1, 6, 4, 3, 1, 6, 5, 9, 0, 3, 0, 3, 9, 2, 2, 9, 7, 4, 8, 5, 8, 2, 5, 1, 0, 6, 0, 2, 8, 2, 6, 7, 2, 6, 6, 7, 8, 1, 5, 1, 4, 5, 7, 2, 2, 6, 1, 5, 3, 6, 1, 1, 0, 3, 5, 9, 7, 7, 3, 9, 4, 5, 2, 7, 4, 7, 1, 2, 8, 7, 3, 9, 2, 6, 6, 9, 9, 1, 9, 5, 8, 9, 8, 0, 4, 1, 9, 5, 2, 8, 4, 7, 1, 2, 5, 5, 4, 8, 8, 5, 8, 1, 9, 5, 1, 1, 2, 0, 1, 0, 2, 7, 1, 8, 9, 8, 2, 9, 3, 6, 1, 9, 4, 9, 4, 3, 6, 1, 8, 5, 7, 6, 6, 8, 6, 2, 6, 3, 3, 3, 4, 1, 9, 4, 3, 2, 2, 8, 6, 4, 6, 3, 5, 8, 1, 3, 3, 9, 6, 9, 8, 6, 1, 1, 4, 3, 2, 6, 0]
n=6, accuracy_a=0.7708333333333334, accuracy_v=0.88
Hebbian model with 7 presentations.
Training...
Evaluating...
source: a, correct: 35 out of 48
[0, 4, 9, 7, 0, 8, 9, 4, 7, 9, 5, 4, 0, 3, 9, 2, 5, 5, 8, 5, 1, 7, 5, 2, 4, 2, 2, 6, 1, 9, 4, 3, 5, 8, 3, 7, 8, 5, 7, 5, 1, 8, 6, 4, 4, 4, 5, 3]
[0, 7, 9, 4, 0, 8, 9, 0, 5, 9, 5, 7, 0, 3, 9, 0, 5, 5, 8, 5, 4, 7, 5, 0, 7, 2, 0, 5, 4, 9, 4, 3, 5, 8, 3, 7, 8, 5, 7, 5, 1, 8, 6, 4, 4, 7, 5, 3]
source: v, correct: 178 out of 200
[5, 7, 7, 6, 4, 6, 6, 5, 8, 1, 8, 0, 6, 9, 9, 8, 2, 8, 7, 3, 5, 1, 3, 5, 2, 2, 1, 9, 9, 9, 3, 1, 6, 4, 3, 1, 6, 5, 9, 0, 3, 0, 3, 9, 2, 2, 9, 6, 4, 8, 5, 8, 2, 5, 0, 0, 6, 0, 2, 8, 2, 0, 5, 2, 6, 6, 6, 8, 0, 5, 1, 4, 5, 7, 2, 2, 6, 0, 5, 3, 6, 0, 2, 0, 3, 5, 9, 7, 7, 3, 3, 4, 5, 2, 7, 4, 7, 0, 0, 8, 7, 3, 9, 2, 6, 6, 5, 9, 1, 9, 5, 8, 9, 8, 0, 4, 1, 9, 5, 2, 8, 4, 7, 2, 2, 5, 5, 4, 8, 8, 5, 8, 2, 9, 5, 0, 1, 2, 0, 0, 0, 2, 7, 2, 8, 9, 8, 2, 8, 3, 6, 1, 9, 4, 9, 4, 3, 6, 0, 8, 5, 7, 6, 6, 8, 6, 2, 6, 3, 3, 3, 4, 1, 9, 4, 3, 2, 2, 8, 6, 4, 6, 3, 5, 8, 1, 3, 3, 9, 7, 9, 8, 6, 1, 2, 4, 3, 2, 6, 0]
[5, 7, 7, 6, 4, 6, 6, 7, 8, 1, 8, 0, 6, 9, 9, 8, 2, 8, 7, 3, 5, 1, 3, 5, 2, 2, 1, 9, 9, 9, 3, 1, 6, 4, 3, 1, 6, 5, 9, 0, 3, 0, 3, 9, 2, 2, 9, 7, 4, 8, 5, 8, 2, 5, 1, 0, 6, 0, 2, 8, 2, 6, 7, 2, 6, 6, 7, 8, 1, 5, 1, 4, 5, 7, 2, 2, 6, 1, 5, 3, 6, 1, 1, 0, 3, 5, 9, 7, 7, 3, 9, 4, 5, 2, 7, 4, 7, 1, 2, 8, 7, 3, 9, 2, 6, 6, 9, 9, 1, 9, 5, 8, 9, 8, 0, 4, 1, 9, 5, 2, 8, 4, 7, 1, 2, 5, 5, 4, 8, 8, 5, 8, 1, 9, 5, 1, 1, 2, 0, 2, 0, 2, 7, 2, 8, 9, 8, 2, 9, 3, 6, 1, 9, 4, 9, 4, 3, 6, 2, 8, 5, 7, 6, 6, 8, 6, 2, 6, 3, 3, 3, 4, 1, 9, 4, 3, 2, 2, 8, 6, 4, 6, 3, 5, 8, 1, 3, 3, 9, 6, 9, 8, 6, 1, 1, 4, 3, 2, 6, 0]
n=7, accuracy_a=0.7291666666666666, accuracy_v=0.89
Hebbian model with 8 presentations.
Training...
Evaluating...
source: a, correct: 34 out of 48
[0, 4, 9, 7, 0, 8, 9, 4, 7, 9, 5, 4, 0, 3, 9, 2, 5, 5, 8, 5, 1, 7, 5, 2, 4, 2, 2, 6, 1, 9, 4, 3, 5, 8, 3, 7, 8, 5, 7, 5, 1, 8, 6, 4, 4, 4, 5, 3]
[0, 7, 9, 4, 0, 8, 9, 7, 5, 9, 5, 7, 0, 3, 9, 0, 5, 5, 8, 5, 4, 7, 5, 0, 7, 2, 0, 5, 4, 9, 4, 3, 5, 8, 3, 7, 8, 5, 0, 5, 1, 8, 6, 4, 4, 7, 5, 3]
source: v, correct: 175 out of 200
[5, 7, 7, 6, 4, 6, 6, 5, 8, 1, 8, 0, 6, 9, 9, 8, 2, 8, 7, 3, 5, 1, 3, 5, 2, 2, 1, 9, 9, 9, 3, 1, 6, 4, 3, 1, 6, 5, 9, 0, 3, 0, 3, 9, 2, 2, 9, 6, 4, 8, 5, 8, 2, 5, 0, 0, 6, 0, 2, 8, 2, 0, 5, 2, 6, 6, 6, 8, 0, 5, 1, 4, 5, 7, 2, 2, 6, 0, 5, 3, 6, 0, 2, 0, 3, 5, 9, 7, 7, 3, 3, 4, 5, 2, 7, 4, 7, 0, 0, 8, 7, 3, 9, 2, 6, 6, 5, 9, 1, 9, 5, 8, 9, 8, 0, 4, 1, 9, 5, 2, 8, 4, 7, 2, 2, 5, 5, 4, 8, 8, 5, 8, 2, 9, 5, 0, 1, 2, 0, 0, 0, 2, 7, 2, 8, 9, 8, 2, 8, 3, 6, 1, 9, 4, 9, 4, 3, 6, 0, 8, 5, 7, 6, 6, 8, 6, 2, 6, 3, 3, 3, 4, 1, 9, 4, 3, 2, 2, 8, 6, 4, 6, 3, 5, 8, 1, 3, 3, 9, 7, 9, 8, 6, 1, 2, 4, 3, 2, 6, 0]
[5, 7, 7, 6, 4, 6, 6, 7, 8, 1, 8, 0, 6, 9, 9, 8, 2, 8, 7, 3, 5, 1, 3, 5, 1, 2, 1, 9, 9, 9, 3, 1, 6, 4, 3, 1, 6, 5, 9, 0, 3, 0, 3, 9, 2, 1, 9, 7, 4, 8, 5, 8, 2, 5, 1, 0, 6, 0, 2, 8, 2, 6, 7, 1, 6, 6, 7, 8, 1, 5, 1, 4, 5, 7, 2, 1, 6, 1, 5, 3, 6, 1, 1, 0, 3, 5, 9, 7, 7, 3, 9, 4, 5, 2, 7, 4, 7, 1, 2, 8, 7, 3, 9, 2, 6, 6, 5, 9, 1, 9, 5, 8, 9, 8, 0, 4, 1, 9, 5, 2, 8, 4, 7, 1, 2, 5, 5, 4, 8, 8, 5, 8, 1, 9, 5, 1, 1, 2, 0, 2, 0, 2, 7, 1, 8, 9, 8, 2, 9, 3, 6, 1, 9, 4, 9, 4, 3, 6, 1, 8, 5, 7, 6, 6, 8, 6, 2, 6, 3, 3, 3, 4, 1, 9, 4, 3, 2, 2, 8, 6, 4, 6, 3, 5, 8, 1, 3, 3, 9, 7, 9, 8, 6, 1, 1, 4, 3, 2, 6, 0]
n=8, accuracy_a=0.7083333333333334, accuracy_v=0.875
Hebbian model with 9 presentations.
Training...
Evaluating...
source: a, correct: 33 out of 48
[0, 4, 9, 7, 0, 8, 9, 4, 7, 9, 5, 4, 0, 3, 9, 2, 5, 5, 8, 5, 1, 7, 5, 2, 4, 2, 2, 6, 1, 9, 4, 3, 5, 8, 3, 7, 8, 5, 7, 5, 1, 8, 6, 4, 4, 4, 5, 3]
[3, 7, 9, 1, 0, 8, 9, 7, 5, 9, 5, 7, 0, 3, 9, 0, 5, 5, 8, 5, 4, 7, 5, 0, 7, 2, 0, 3, 4, 9, 4, 3, 5, 8, 3, 7, 8, 5, 0, 5, 1, 8, 6, 4, 4, 7, 5, 3]
source: v, correct: 179 out of 200
[5, 7, 7, 6, 4, 6, 6, 5, 8, 1, 8, 0, 6, 9, 9, 8, 2, 8, 7, 3, 5, 1, 3, 5, 2, 2, 1, 9, 9, 9, 3, 1, 6, 4, 3, 1, 6, 5, 9, 0, 3, 0, 3, 9, 2, 2, 9, 6, 4, 8, 5, 8, 2, 5, 0, 0, 6, 0, 2, 8, 2, 0, 5, 2, 6, 6, 6, 8, 0, 5, 1, 4, 5, 7, 2, 2, 6, 0, 5, 3, 6, 0, 2, 0, 3, 5, 9, 7, 7, 3, 3, 4, 5, 2, 7, 4, 7, 0, 0, 8, 7, 3, 9, 2, 6, 6, 5, 9, 1, 9, 5, 8, 9, 8, 0, 4, 1, 9, 5, 2, 8, 4, 7, 2, 2, 5, 5, 4, 8, 8, 5, 8, 2, 9, 5, 0, 1, 2, 0, 0, 0, 2, 7, 2, 8, 9, 8, 2, 8, 3, 6, 1, 9, 4, 9, 4, 3, 6, 0, 8, 5, 7, 6, 6, 8, 6, 2, 6, 3, 3, 3, 4, 1, 9, 4, 3, 2, 2, 8, 6, 4, 6, 3, 5, 8, 1, 3, 3, 9, 7, 9, 8, 6, 1, 2, 4, 3, 2, 6, 0]
[5, 7, 7, 6, 4, 6, 6, 7, 8, 1, 8, 0, 6, 9, 9, 8, 2, 8, 7, 3, 5, 1, 3, 5, 0, 2, 1, 9, 9, 9, 3, 1, 6, 4, 3, 1, 6, 5, 9, 0, 3, 0, 3, 9, 1, 0, 9, 7, 4, 8, 5, 8, 2, 5, 0, 0, 6, 0, 2, 8, 2, 6, 7, 1, 6, 6, 7, 8, 1, 5, 1, 4, 5, 7, 2, 1, 6, 1, 5, 3, 6, 1, 1, 0, 3, 5, 9, 7, 7, 3, 9, 4, 5, 2, 7, 4, 7, 1, 0, 8, 7, 3, 9, 2, 6, 6, 5, 9, 1, 9, 5, 8, 9, 8, 0, 4, 1, 9, 5, 2, 8, 4, 7, 1, 2, 5, 5, 4, 8, 8, 5, 8, 1, 9, 5, 0, 1, 2, 0, 0, 0, 0, 7, 1, 8, 9, 8, 2, 8, 3, 6, 1, 9, 4, 9, 4, 3, 6, 0, 8, 5, 7, 6, 6, 8, 6, 2, 6, 3, 3, 3, 4, 1, 9, 4, 3, 2, 2, 8, 6, 4, 6, 3, 5, 8, 1, 3, 3, 9, 7, 9, 8, 6, 1, 1, 4, 3, 2, 6, 0]
n=9, accuracy_a=0.6875, accuracy_v=0.895
Hebbian model with 10 presentations.
Training...
Evaluating...
source: a, correct: 37 out of 48
[0, 4, 9, 7, 0, 8, 9, 4, 7, 9, 5, 4, 0, 3, 9, 2, 5, 5, 8, 5, 1, 7, 5, 2, 4, 2, 2, 6, 1, 9, 4, 3, 5, 8, 3, 7, 8, 5, 7, 5, 1, 8, 6, 4, 4, 4, 5, 3]
[0, 7, 9, 1, 0, 8, 9, 7, 5, 9, 5, 7, 2, 3, 9, 2, 5, 5, 8, 5, 4, 7, 5, 2, 7, 2, 2, 3, 4, 9, 4, 3, 5, 8, 3, 7, 8, 5, 7, 5, 1, 8, 6, 4, 4, 7, 5, 3]
source: v, correct: 179 out of 200
[5, 7, 7, 6, 4, 6, 6, 5, 8, 1, 8, 0, 6, 9, 9, 8, 2, 8, 7, 3, 5, 1, 3, 5, 2, 2, 1, 9, 9, 9, 3, 1, 6, 4, 3, 1, 6, 5, 9, 0, 3, 0, 3, 9, 2, 2, 9, 6, 4, 8, 5, 8, 2, 5, 0, 0, 6, 0, 2, 8, 2, 0, 5, 2, 6, 6, 6, 8, 0, 5, 1, 4, 5, 7, 2, 2, 6, 0, 5, 3, 6, 0, 2, 0, 3, 5, 9, 7, 7, 3, 3, 4, 5, 2, 7, 4, 7, 0, 0, 8, 7, 3, 9, 2, 6, 6, 5, 9, 1, 9, 5, 8, 9, 8, 0, 4, 1, 9, 5, 2, 8, 4, 7, 2, 2, 5, 5, 4, 8, 8, 5, 8, 2, 9, 5, 0, 1, 2, 0, 0, 0, 2, 7, 2, 8, 9, 8, 2, 8, 3, 6, 1, 9, 4, 9, 4, 3, 6, 0, 8, 5, 7, 6, 6, 8, 6, 2, 6, 3, 3, 3, 4, 1, 9, 4, 3, 2, 2, 8, 6, 4, 6, 3, 5, 8, 1, 3, 3, 9, 7, 9, 8, 6, 1, 2, 4, 3, 2, 6, 0]
[5, 7, 7, 6, 4, 6, 6, 7, 8, 1, 8, 0, 6, 9, 9, 8, 2, 8, 7, 3, 5, 1, 3, 5, 2, 2, 1, 9, 9, 9, 3, 1, 6, 4, 3, 1, 6, 5, 9, 0, 3, 0, 3, 9, 2, 2, 9, 7, 4, 8, 5, 8, 2, 5, 1, 0, 6, 0, 2, 8, 2, 6, 7, 1, 6, 6, 6, 8, 1, 5, 1, 4, 5, 7, 2, 1, 6, 1, 5, 3, 6, 1, 1, 0, 3, 5, 9, 7, 7, 3, 9, 4, 5, 2, 7, 4, 7, 2, 2, 8, 7, 3, 9, 2, 6, 6, 5, 9, 1, 9, 5, 8, 9, 8, 0, 4, 1, 9, 5, 2, 8, 4, 7, 1, 2, 5, 5, 4, 8, 8, 5, 8, 1, 9, 5, 4, 1, 2, 0, 2, 0, 2, 7, 1, 8, 9, 8, 2, 8, 3, 6, 1, 9, 4, 9, 4, 3, 6, 2, 8, 5, 7, 6, 6, 8, 6, 2, 6, 3, 3, 3, 4, 1, 9, 4, 3, 2, 2, 8, 6, 4, 6, 3, 5, 8, 1, 3, 3, 9, 7, 9, 8, 6, 1, 1, 4, 3, 2, 6, 0]
n=10, accuracy_a=0.7708333333333334, accuracy_v=0.895
Hebbian model with 11 presentations.
Training...
Evaluating...
source: a, correct: 37 out of 48
[0, 4, 9, 7, 0, 8, 9, 4, 7, 9, 5, 4, 0, 3, 9, 2, 5, 5, 8, 5, 1, 7, 5, 2, 4, 2, 2, 6, 1, 9, 4, 3, 5, 8, 3, 7, 8, 5, 7, 5, 1, 8, 6, 4, 4, 4, 5, 3]
[0, 7, 9, 1, 0, 8, 9, 7, 5, 9, 5, 7, 2, 3, 9, 2, 5, 5, 8, 5, 4, 7, 5, 2, 7, 2, 2, 3, 4, 9, 4, 3, 5, 8, 3, 7, 8, 5, 7, 5, 1, 8, 6, 4, 4, 1, 5, 3]
source: v, correct: 182 out of 200
[5, 7, 7, 6, 4, 6, 6, 5, 8, 1, 8, 0, 6, 9, 9, 8, 2, 8, 7, 3, 5, 1, 3, 5, 2, 2, 1, 9, 9, 9, 3, 1, 6, 4, 3, 1, 6, 5, 9, 0, 3, 0, 3, 9, 2, 2, 9, 6, 4, 8, 5, 8, 2, 5, 0, 0, 6, 0, 2, 8, 2, 0, 5, 2, 6, 6, 6, 8, 0, 5, 1, 4, 5, 7, 2, 2, 6, 0, 5, 3, 6, 0, 2, 0, 3, 5, 9, 7, 7, 3, 3, 4, 5, 2, 7, 4, 7, 0, 0, 8, 7, 3, 9, 2, 6, 6, 5, 9, 1, 9, 5, 8, 9, 8, 0, 4, 1, 9, 5, 2, 8, 4, 7, 2, 2, 5, 5, 4, 8, 8, 5, 8, 2, 9, 5, 0, 1, 2, 0, 0, 0, 2, 7, 2, 8, 9, 8, 2, 8, 3, 6, 1, 9, 4, 9, 4, 3, 6, 0, 8, 5, 7, 6, 6, 8, 6, 2, 6, 3, 3, 3, 4, 1, 9, 4, 3, 2, 2, 8, 6, 4, 6, 3, 5, 8, 1, 3, 3, 9, 7, 9, 8, 6, 1, 2, 4, 3, 2, 6, 0]
[5, 7, 7, 6, 4, 6, 6, 5, 8, 1, 8, 0, 6, 9, 9, 8, 2, 8, 7, 3, 5, 1, 3, 5, 0, 2, 1, 9, 9, 9, 3, 1, 6, 4, 3, 1, 6, 5, 9, 0, 3, 0, 3, 9, 2, 0, 9, 7, 4, 8, 5, 8, 2, 5, 0, 0, 6, 0, 2, 8, 2, 6, 7, 1, 6, 6, 7, 8, 1, 5, 1, 4, 5, 7, 2, 1, 6, 1, 5, 3, 6, 1, 0, 0, 3, 5, 3, 7, 7, 3, 3, 4, 5, 2, 7, 4, 7, 0, 0, 8, 7, 3, 9, 2, 6, 6, 5, 9, 1, 9, 5, 8, 9, 8, 0, 4, 1, 9, 5, 2, 8, 4, 7, 1, 0, 5, 5, 4, 8, 8, 5, 8, 1, 9, 5, 0, 1, 2, 0, 0, 0, 2, 7, 1, 8, 9, 8, 2, 8, 3, 6, 1, 9, 4, 9, 4, 3, 6, 0, 8, 5, 7, 6, 6, 8, 6, 2, 6, 3, 3, 3, 4, 1, 9, 4, 3, 2, 2, 8, 6, 4, 6, 3, 5, 8, 1, 3, 3, 9, 7, 9, 8, 6, 1, 1, 4, 3, 2, 6, 0]
n=11, accuracy_a=0.7708333333333334, accuracy_v=0.91
Hebbian model with 12 presentations.
Training...
Evaluating...
source: a, correct: 37 out of 48
[0, 4, 9, 7, 0, 8, 9, 4, 7, 9, 5, 4, 0, 3, 9, 2, 5, 5, 8, 5, 1, 7, 5, 2, 4, 2, 2, 6, 1, 9, 4, 3, 5, 8, 3, 7, 8, 5, 7, 5, 1, 8, 6, 4, 4, 4, 5, 3]
[0, 7, 9, 1, 0, 8, 9, 7, 3, 9, 5, 7, 2, 3, 9, 2, 5, 5, 8, 5, 4, 7, 5, 2, 7, 2, 2, 3, 4, 9, 4, 3, 5, 8, 3, 7, 8, 5, 7, 5, 1, 8, 6, 4, 4, 7, 5, 3]
source: v, correct: 175 out of 200
[5, 7, 7, 6, 4, 6, 6, 5, 8, 1, 8, 0, 6, 9, 9, 8, 2, 8, 7, 3, 5, 1, 3, 5, 2, 2, 1, 9, 9, 9, 3, 1, 6, 4, 3, 1, 6, 5, 9, 0, 3, 0, 3, 9, 2, 2, 9, 6, 4, 8, 5, 8, 2, 5, 0, 0, 6, 0, 2, 8, 2, 0, 5, 2, 6, 6, 6, 8, 0, 5, 1, 4, 5, 7, 2, 2, 6, 0, 5, 3, 6, 0, 2, 0, 3, 5, 9, 7, 7, 3, 3, 4, 5, 2, 7, 4, 7, 0, 0, 8, 7, 3, 9, 2, 6, 6, 5, 9, 1, 9, 5, 8, 9, 8, 0, 4, 1, 9, 5, 2, 8, 4, 7, 2, 2, 5, 5, 4, 8, 8, 5, 8, 2, 9, 5, 0, 1, 2, 0, 0, 0, 2, 7, 2, 8, 9, 8, 2, 8, 3, 6, 1, 9, 4, 9, 4, 3, 6, 0, 8, 5, 7, 6, 6, 8, 6, 2, 6, 3, 3, 3, 4, 1, 9, 4, 3, 2, 2, 8, 6, 4, 6, 3, 5, 8, 1, 3, 3, 9, 7, 9, 8, 6, 1, 2, 4, 3, 2, 6, 0]
[5, 7, 7, 6, 4, 6, 6, 5, 8, 1, 8, 0, 6, 9, 9, 8, 0, 8, 7, 3, 5, 1, 3, 5, 0, 2, 1, 9, 9, 9, 3, 1, 6, 4, 3, 1, 6, 5, 9, 0, 3, 0, 3, 9, 1, 0, 9, 7, 4, 8, 5, 8, 1, 5, 0, 0, 6, 0, 1, 8, 1, 6, 7, 1, 6, 6, 6, 8, 1, 5, 1, 4, 5, 7, 2, 1, 6, 1, 5, 3, 6, 1, 1, 0, 3, 5, 3, 7, 7, 3, 3, 4, 5, 2, 7, 4, 7, 0, 0, 8, 7, 3, 9, 2, 6, 6, 5, 9, 1, 9, 5, 8, 9, 8, 0, 4, 1, 9, 5, 2, 8, 4, 7, 1, 0, 5, 5, 4, 8, 8, 5, 8, 1, 9, 5, 0, 1, 2, 0, 0, 0, 0, 7, 1, 8, 9, 8, 1, 8, 3, 6, 1, 9, 4, 9, 4, 3, 6, 0, 8, 5, 7, 6, 6, 8, 6, 2, 6, 3, 3, 3, 4, 1, 9, 4, 3, 2, 2, 8, 6, 4, 6, 3, 5, 8, 1, 3, 3, 9, 7, 9, 8, 6, 1, 1, 4, 3, 0, 6, 0]
n=12, accuracy_a=0.7708333333333334, accuracy_v=0.875
Hebbian model with 13 presentations.
Training...
Evaluating...
source: a, correct: 37 out of 48
[0, 4, 9, 7, 0, 8, 9, 4, 7, 9, 5, 4, 0, 3, 9, 2, 5, 5, 8, 5, 1, 7, 5, 2, 4, 2, 2, 6, 1, 9, 4, 3, 5, 8, 3, 7, 8, 5, 7, 5, 1, 8, 6, 4, 4, 4, 5, 3]
[0, 7, 9, 1, 0, 8, 9, 7, 3, 9, 5, 7, 2, 3, 9, 2, 5, 5, 8, 5, 4, 7, 5, 2, 7, 2, 2, 3, 4, 9, 4, 3, 5, 8, 3, 7, 8, 5, 7, 5, 1, 8, 6, 4, 4, 7, 5, 3]
source: v, correct: 174 out of 200
[5, 7, 7, 6, 4, 6, 6, 5, 8, 1, 8, 0, 6, 9, 9, 8, 2, 8, 7, 3, 5, 1, 3, 5, 2, 2, 1, 9, 9, 9, 3, 1, 6, 4, 3, 1, 6, 5, 9, 0, 3, 0, 3, 9, 2, 2, 9, 6, 4, 8, 5, 8, 2, 5, 0, 0, 6, 0, 2, 8, 2, 0, 5, 2, 6, 6, 6, 8, 0, 5, 1, 4, 5, 7, 2, 2, 6, 0, 5, 3, 6, 0, 2, 0, 3, 5, 9, 7, 7, 3, 3, 4, 5, 2, 7, 4, 7, 0, 0, 8, 7, 3, 9, 2, 6, 6, 5, 9, 1, 9, 5, 8, 9, 8, 0, 4, 1, 9, 5, 2, 8, 4, 7, 2, 2, 5, 5, 4, 8, 8, 5, 8, 2, 9, 5, 0, 1, 2, 0, 0, 0, 2, 7, 2, 8, 9, 8, 2, 8, 3, 6, 1, 9, 4, 9, 4, 3, 6, 0, 8, 5, 7, 6, 6, 8, 6, 2, 6, 3, 3, 3, 4, 1, 9, 4, 3, 2, 2, 8, 6, 4, 6, 3, 5, 8, 1, 3, 3, 9, 7, 9, 8, 6, 1, 2, 4, 3, 2, 6, 0]
[5, 7, 7, 6, 4, 6, 6, 5, 8, 1, 8, 0, 0, 9, 9, 8, 0, 8, 7, 3, 5, 1, 3, 5, 0, 2, 1, 9, 9, 9, 3, 1, 6, 4, 3, 1, 6, 5, 9, 0, 3, 0, 3, 9, 1, 0, 9, 7, 4, 8, 5, 8, 1, 5, 0, 0, 6, 0, 1, 8, 1, 6, 7, 1, 6, 6, 6, 8, 1, 5, 1, 4, 5, 7, 2, 1, 6, 1, 5, 3, 6, 1, 1, 0, 3, 5, 3, 7, 7, 3, 3, 4, 5, 2, 7, 4, 7, 0, 0, 8, 7, 3, 9, 2, 6, 6, 5, 9, 1, 9, 5, 8, 9, 8, 0, 4, 1, 9, 5, 2, 8, 4, 7, 1, 0, 5, 5, 4, 8, 8, 5, 8, 1, 9, 5, 0, 1, 2, 0, 0, 0, 0, 7, 1, 8, 9, 8, 1, 8, 3, 6, 1, 9, 4, 9, 4, 3, 6, 0, 8, 5, 7, 6, 6, 8, 6, 2, 6, 3, 3, 3, 4, 1, 9, 4, 3, 2, 2, 8, 6, 4, 6, 3, 5, 8, 1, 3, 3, 9, 7, 9, 8, 6, 1, 1, 4, 3, 0, 6, 0]
n=13, accuracy_a=0.7708333333333334, accuracy_v=0.87
Hebbian model with 14 presentations.
Training...
Evaluating...
source: a, correct: 37 out of 48
[0, 4, 9, 7, 0, 8, 9, 4, 7, 9, 5, 4, 0, 3, 9, 2, 5, 5, 8, 5, 1, 7, 5, 2, 4, 2, 2, 6, 1, 9, 4, 3, 5, 8, 3, 7, 8, 5, 7, 5, 1, 8, 6, 4, 4, 4, 5, 3]
[0, 7, 9, 1, 0, 8, 9, 7, 3, 9, 5, 7, 2, 3, 9, 2, 5, 5, 8, 5, 4, 7, 5, 2, 7, 2, 2, 3, 4, 9, 4, 3, 5, 8, 3, 7, 8, 5, 7, 5, 1, 8, 6, 4, 4, 7, 5, 3]
source: v, correct: 180 out of 200
[5, 7, 7, 6, 4, 6, 6, 5, 8, 1, 8, 0, 6, 9, 9, 8, 2, 8, 7, 3, 5, 1, 3, 5, 2, 2, 1, 9, 9, 9, 3, 1, 6, 4, 3, 1, 6, 5, 9, 0, 3, 0, 3, 9, 2, 2, 9, 6, 4, 8, 5, 8, 2, 5, 0, 0, 6, 0, 2, 8, 2, 0, 5, 2, 6, 6, 6, 8, 0, 5, 1, 4, 5, 7, 2, 2, 6, 0, 5, 3, 6, 0, 2, 0, 3, 5, 9, 7, 7, 3, 3, 4, 5, 2, 7, 4, 7, 0, 0, 8, 7, 3, 9, 2, 6, 6, 5, 9, 1, 9, 5, 8, 9, 8, 0, 4, 1, 9, 5, 2, 8, 4, 7, 2, 2, 5, 5, 4, 8, 8, 5, 8, 2, 9, 5, 0, 1, 2, 0, 0, 0, 2, 7, 2, 8, 9, 8, 2, 8, 3, 6, 1, 9, 4, 9, 4, 3, 6, 0, 8, 5, 7, 6, 6, 8, 6, 2, 6, 3, 3, 3, 4, 1, 9, 4, 3, 2, 2, 8, 6, 4, 6, 3, 5, 8, 1, 3, 3, 9, 7, 9, 8, 6, 1, 2, 4, 3, 2, 6, 0]
[5, 7, 7, 6, 4, 6, 6, 5, 8, 1, 8, 0, 6, 9, 9, 8, 0, 8, 7, 3, 5, 1, 3, 5, 0, 0, 1, 9, 9, 9, 3, 1, 6, 4, 3, 1, 6, 5, 9, 0, 3, 0, 3, 9, 0, 0, 9, 7, 4, 8, 5, 8, 2, 5, 0, 0, 6, 0, 2, 8, 2, 6, 7, 1, 6, 6, 6, 8, 0, 5, 1, 4, 5, 7, 2, 1, 6, 0, 5, 3, 6, 1, 0, 0, 3, 5, 9, 7, 7, 3, 3, 4, 5, 2, 7, 4, 7, 0, 0, 8, 7, 3, 9, 2, 6, 6, 5, 9, 1, 9, 5, 8, 9, 8, 0, 4, 1, 9, 5, 2, 8, 4, 7, 1, 0, 5, 5, 4, 8, 8, 5, 8, 1, 9, 5, 0, 1, 2, 0, 0, 0, 0, 7, 1, 8, 9, 8, 2, 8, 3, 6, 1, 9, 4, 9, 4, 3, 6, 0, 8, 5, 7, 6, 6, 8, 6, 2, 6, 3, 3, 3, 4, 1, 9, 4, 3, 2, 2, 8, 6, 4, 6, 3, 5, 8, 1, 3, 3, 9, 6, 9, 8, 6, 1, 1, 4, 3, 0, 6, 0]
n=14, accuracy_a=0.7708333333333334, accuracy_v=0.9
Hebbian model with 15 presentations.
Training...
Evaluating...
source: a, correct: 37 out of 48
[0, 4, 9, 7, 0, 8, 9, 4, 7, 9, 5, 4, 0, 3, 9, 2, 5, 5, 8, 5, 1, 7, 5, 2, 4, 2, 2, 6, 1, 9, 4, 3, 5, 8, 3, 7, 8, 5, 7, 5, 1, 8, 6, 4, 4, 4, 5, 3]
[0, 7, 9, 1, 0, 8, 9, 7, 5, 9, 5, 7, 2, 3, 9, 2, 5, 5, 8, 5, 4, 7, 5, 2, 7, 2, 2, 3, 4, 9, 4, 3, 5, 8, 3, 7, 8, 5, 7, 5, 1, 8, 6, 4, 4, 7, 5, 3]
source: v, correct: 180 out of 200
[5, 7, 7, 6, 4, 6, 6, 5, 8, 1, 8, 0, 6, 9, 9, 8, 2, 8, 7, 3, 5, 1, 3, 5, 2, 2, 1, 9, 9, 9, 3, 1, 6, 4, 3, 1, 6, 5, 9, 0, 3, 0, 3, 9, 2, 2, 9, 6, 4, 8, 5, 8, 2, 5, 0, 0, 6, 0, 2, 8, 2, 0, 5, 2, 6, 6, 6, 8, 0, 5, 1, 4, 5, 7, 2, 2, 6, 0, 5, 3, 6, 0, 2, 0, 3, 5, 9, 7, 7, 3, 3, 4, 5, 2, 7, 4, 7, 0, 0, 8, 7, 3, 9, 2, 6, 6, 5, 9, 1, 9, 5, 8, 9, 8, 0, 4, 1, 9, 5, 2, 8, 4, 7, 2, 2, 5, 5, 4, 8, 8, 5, 8, 2, 9, 5, 0, 1, 2, 0, 0, 0, 2, 7, 2, 8, 9, 8, 2, 8, 3, 6, 1, 9, 4, 9, 4, 3, 6, 0, 8, 5, 7, 6, 6, 8, 6, 2, 6, 3, 3, 3, 4, 1, 9, 4, 3, 2, 2, 8, 6, 4, 6, 3, 5, 8, 1, 3, 3, 9, 7, 9, 8, 6, 1, 2, 4, 3, 2, 6, 0]
[5, 7, 7, 6, 4, 6, 6, 5, 8, 1, 8, 0, 6, 9, 9, 8, 2, 8, 7, 3, 5, 1, 3, 5, 0, 2, 1, 9, 9, 9, 3, 1, 6, 4, 3, 1, 6, 5, 9, 0, 3, 0, 3, 9, 0, 0, 9, 7, 4, 8, 5, 8, 2, 5, 0, 0, 6, 0, 2, 8, 2, 6, 7, 1, 6, 6, 6, 8, 1, 5, 1, 4, 5, 7, 2, 1, 6, 1, 5, 3, 6, 1, 1, 0, 3, 5, 9, 7, 7, 3, 3, 4, 5, 2, 7, 4, 7, 0, 0, 8, 7, 3, 9, 2, 6, 6, 5, 9, 1, 9, 5, 8, 9, 8, 0, 4, 1, 9, 5, 2, 8, 4, 7, 1, 0, 5, 5, 4, 8, 8, 5, 8, 1, 9, 5, 0, 1, 2, 0, 0, 0, 0, 7, 1, 8, 9, 8, 2, 8, 3, 6, 1, 9, 4, 9, 4, 3, 6, 0, 8, 5, 7, 6, 6, 8, 6, 2, 6, 3, 3, 3, 4, 1, 9, 4, 3, 2, 2, 8, 6, 4, 6, 3, 5, 8, 1, 3, 3, 9, 6, 9, 8, 6, 1, 1, 4, 3, 0, 6, 0]
n=15, accuracy_a=0.7708333333333334, accuracy_v=0.9
