2019-01-17 08:46:35.088050: I tensorflow/core/platform/cpu_feature_guard.cc:137] Your CPU supports instructions that this TensorFlow binary was not compiled to use: SSE4.1 SSE4.2 AVX AVX2 FMA
2019-01-17 08:46:35.509724: I tensorflow/core/common_runtime/gpu/gpu_device.cc:1030] Found device 0 with properties: 
name: Tesla P100-PCIE-12GB major: 6 minor: 0 memoryClockRate(GHz): 1.3285
pciBusID: 0000:04:00.0
totalMemory: 11.91GiB freeMemory: 11.63GiB
2019-01-17 08:46:35.510035: I tensorflow/core/common_runtime/gpu/gpu_device.cc:1120] Creating TensorFlow device (/device:GPU:0) -> (device: 0, name: Tesla P100-PCIE-12GB, pci bus id: 0000:04:00.0, compute capability: 6.0)
2019-01-17 08:46:35.589384: I tensorflow/core/common_runtime/gpu/gpu_device.cc:1120] Creating TensorFlow device (/device:GPU:0) -> (device: 0, name: Tesla P100-PCIE-12GB, pci bus id: 0000:04:00.0, compute capability: 6.0)
2019-01-17 08:46:35.695106: I tensorflow/core/common_runtime/gpu/gpu_device.cc:1120] Creating TensorFlow device (/device:GPU:0) -> (device: 0, name: Tesla P100-PCIE-12GB, pci bus id: 0000:04:00.0, compute capability: 6.0)
2019-01-17 08:46:43.246302: I tensorflow/core/common_runtime/gpu/gpu_device.cc:1120] Creating TensorFlow device (/device:GPU:0) -> (device: 0, name: Tesla P100-PCIE-12GB, pci bus id: 0000:04:00.0, compute capability: 6.0)
2019-01-17 08:46:50.022907: I tensorflow/core/common_runtime/gpu/gpu_device.cc:1120] Creating TensorFlow device (/device:GPU:0) -> (device: 0, name: Tesla P100-PCIE-12GB, pci bus id: 0000:04:00.0, compute capability: 6.0)
2019-01-17 08:46:56.782354: I tensorflow/core/common_runtime/gpu/gpu_device.cc:1120] Creating TensorFlow device (/device:GPU:0) -> (device: 0, name: Tesla P100-PCIE-12GB, pci bus id: 0000:04:00.0, compute capability: 6.0)
2019-01-17 08:47:03.721959: I tensorflow/core/common_runtime/gpu/gpu_device.cc:1120] Creating TensorFlow device (/device:GPU:0) -> (device: 0, name: Tesla P100-PCIE-12GB, pci bus id: 0000:04:00.0, compute capability: 6.0)
2019-01-17 08:47:10.604390: I tensorflow/core/common_runtime/gpu/gpu_device.cc:1120] Creating TensorFlow device (/device:GPU:0) -> (device: 0, name: Tesla P100-PCIE-12GB, pci bus id: 0000:04:00.0, compute capability: 6.0)
2019-01-17 08:47:17.524948: I tensorflow/core/common_runtime/gpu/gpu_device.cc:1120] Creating TensorFlow device (/device:GPU:0) -> (device: 0, name: Tesla P100-PCIE-12GB, pci bus id: 0000:04:00.0, compute capability: 6.0)
2019-01-17 08:47:24.552404: I tensorflow/core/common_runtime/gpu/gpu_device.cc:1120] Creating TensorFlow device (/device:GPU:0) -> (device: 0, name: Tesla P100-PCIE-12GB, pci bus id: 0000:04:00.0, compute capability: 6.0)
2019-01-17 08:47:31.602691: I tensorflow/core/common_runtime/gpu/gpu_device.cc:1120] Creating TensorFlow device (/device:GPU:0) -> (device: 0, name: Tesla P100-PCIE-12GB, pci bus id: 0000:04:00.0, compute capability: 6.0)
2019-01-17 08:47:38.736179: I tensorflow/core/common_runtime/gpu/gpu_device.cc:1120] Creating TensorFlow device (/device:GPU:0) -> (device: 0, name: Tesla P100-PCIE-12GB, pci bus id: 0000:04:00.0, compute capability: 6.0)
2019-01-17 08:47:46.006927: I tensorflow/core/common_runtime/gpu/gpu_device.cc:1120] Creating TensorFlow device (/device:GPU:0) -> (device: 0, name: Tesla P100-PCIE-12GB, pci bus id: 0000:04:00.0, compute capability: 6.0)
2019-01-17 08:47:53.352274: I tensorflow/core/common_runtime/gpu/gpu_device.cc:1120] Creating TensorFlow device (/device:GPU:0) -> (device: 0, name: Tesla P100-PCIE-12GB, pci bus id: 0000:04:00.0, compute capability: 6.0)
2019-01-17 08:48:00.693628: I tensorflow/core/common_runtime/gpu/gpu_device.cc:1120] Creating TensorFlow device (/device:GPU:0) -> (device: 0, name: Tesla P100-PCIE-12GB, pci bus id: 0000:04:00.0, compute capability: 6.0)
2019-01-17 08:48:08.127964: I tensorflow/core/common_runtime/gpu/gpu_device.cc:1120] Creating TensorFlow device (/device:GPU:0) -> (device: 0, name: Tesla P100-PCIE-12GB, pci bus id: 0000:04:00.0, compute capability: 6.0)
2019-01-17 08:48:15.637301: I tensorflow/core/common_runtime/gpu/gpu_device.cc:1120] Creating TensorFlow device (/device:GPU:0) -> (device: 0, name: Tesla P100-PCIE-12GB, pci bus id: 0000:04:00.0, compute capability: 6.0)
/usr/home/studenti/sp160362/miniconda3/envs/tf/lib/python3.6/importlib/_bootstrap.py:219: RuntimeWarning: compiletime version 3.5 of module 'tensorflow.python.framework.fast_tensor_util' does not match runtime version 3.6
  return f(*args, **kwds)
/usr/home/studenti/sp160362/miniconda3/envs/tf/lib/python3.6/site-packages/matplotlib/pyplot.py:514: RuntimeWarning: More than 20 figures have been opened. Figures created through the pyplot interface (`matplotlib.pyplot.figure`) are retained until explicitly closed and may consume too much memory. (To control this warning, see the rcParam `figure.max_open_warning`).
  max_open_warning, RuntimeWarning)
Training using video SOM: /usr/home/studenti/sp160362/project/deep-word-learning/data/trained-models/video/best/video_20x30_s10.0_b128_a0.1_group-a_seed42_1545208211_none
---------Info-------
data                : video                                   
dims                : (20, 30)                                
sigma               : 10.0                                    
alpha               : 0.1                                     
batch               : 128                                     
group               : a                                       
seed                : 42                                      
id                  : 1545208211                              
trsf                : none                                    
Data loaded and transformed, building SOMs...
RESTORED SOM MODEL
RESTORED SOM MODEL
Preparing Hebbian model...
Hebbian model with 1 presentations.
Training...
Evaluating...
source: a, correct: 18 out of 48
[0, 4, 9, 7, 0, 8, 9, 4, 7, 9, 5, 4, 0, 3, 9, 2, 5, 5, 8, 5, 1, 7, 5, 2, 4, 2, 2, 6, 1, 9, 4, 3, 5, 8, 3, 7, 8, 5, 7, 5, 1, 8, 6, 4, 4, 4, 5, 3]
[2, 7, 5, 7, 0, 8, 5, 7, 2, 5, 5, 7, 2, 3, 5, 2, 2, 5, 1, 2, 8, 7, 5, 2, 7, 0, 2, 2, 7, 5, 7, 3, 2, 1, 3, 0, 8, 2, 7, 5, 0, 8, 7, 0, 7, 7, 5, 2]
source: v, correct: 95 out of 200
[5, 7, 7, 6, 4, 6, 6, 5, 8, 1, 8, 0, 6, 9, 9, 8, 2, 8, 7, 3, 5, 1, 3, 5, 2, 2, 1, 9, 9, 9, 3, 1, 6, 4, 3, 1, 6, 5, 9, 0, 3, 0, 3, 9, 2, 2, 9, 6, 4, 8, 5, 8, 2, 5, 0, 0, 6, 0, 2, 8, 2, 0, 5, 2, 6, 6, 6, 8, 0, 5, 1, 4, 5, 7, 2, 2, 6, 0, 5, 3, 6, 0, 2, 0, 3, 5, 9, 7, 7, 3, 3, 4, 5, 2, 7, 4, 7, 0, 0, 8, 7, 3, 9, 2, 6, 6, 5, 9, 1, 9, 5, 8, 9, 8, 0, 4, 1, 9, 5, 2, 8, 4, 7, 2, 2, 5, 5, 4, 8, 8, 5, 8, 2, 9, 5, 0, 1, 2, 0, 0, 0, 2, 7, 2, 8, 9, 8, 2, 8, 3, 6, 1, 9, 4, 9, 4, 3, 6, 0, 8, 5, 7, 6, 6, 8, 6, 2, 6, 3, 3, 3, 4, 1, 9, 4, 3, 2, 2, 8, 6, 4, 6, 3, 5, 8, 1, 3, 3, 9, 7, 9, 8, 6, 1, 2, 4, 3, 2, 6, 0]
[5, 7, 7, 6, 7, 6, 6, 5, 8, 3, 8, 9, 0, 5, 5, 8, 1, 8, 7, 3, 0, 2, 3, 5, 9, 0, 1, 5, 5, 5, 3, 2, 7, 7, 3, 1, 6, 7, 5, 0, 3, 0, 3, 5, 2, 1, 5, 7, 4, 8, 7, 8, 1, 7, 1, 2, 7, 2, 1, 8, 1, 2, 5, 2, 6, 7, 7, 8, 2, 5, 0, 7, 0, 7, 2, 3, 6, 0, 6, 3, 6, 0, 3, 0, 3, 7, 5, 7, 0, 3, 3, 7, 7, 1, 7, 7, 7, 0, 2, 5, 7, 3, 5, 2, 6, 6, 5, 5, 2, 5, 5, 8, 5, 8, 1, 0, 2, 5, 5, 1, 8, 8, 7, 1, 1, 6, 5, 7, 8, 8, 7, 8, 1, 5, 7, 0, 0, 2, 1, 2, 2, 1, 4, 2, 8, 5, 5, 3, 8, 3, 7, 2, 5, 4, 5, 7, 3, 6, 1, 8, 0, 7, 0, 6, 8, 6, 2, 7, 3, 3, 3, 7, 0, 5, 7, 3, 0, 1, 8, 6, 7, 6, 3, 7, 7, 2, 3, 3, 5, 7, 5, 8, 6, 7, 2, 7, 3, 1, 0, 1]
n=1, accuracy_a=0.375, accuracy_v=0.475
Hebbian model with 2 presentations.
Training...
Evaluating...
source: a, correct: 27 out of 48
[0, 4, 9, 7, 0, 8, 9, 4, 7, 9, 5, 4, 0, 3, 9, 2, 5, 5, 8, 5, 1, 7, 5, 2, 4, 2, 2, 6, 1, 9, 4, 3, 5, 8, 3, 7, 8, 5, 7, 5, 1, 8, 6, 4, 4, 4, 5, 3]
[2, 7, 9, 1, 0, 8, 9, 7, 2, 9, 5, 7, 2, 3, 9, 2, 5, 5, 6, 5, 7, 7, 5, 2, 7, 0, 2, 2, 7, 9, 7, 3, 5, 2, 3, 0, 8, 5, 0, 5, 1, 8, 6, 2, 7, 7, 5, 1]
source: v, correct: 127 out of 200
[5, 7, 7, 6, 4, 6, 6, 5, 8, 1, 8, 0, 6, 9, 9, 8, 2, 8, 7, 3, 5, 1, 3, 5, 2, 2, 1, 9, 9, 9, 3, 1, 6, 4, 3, 1, 6, 5, 9, 0, 3, 0, 3, 9, 2, 2, 9, 6, 4, 8, 5, 8, 2, 5, 0, 0, 6, 0, 2, 8, 2, 0, 5, 2, 6, 6, 6, 8, 0, 5, 1, 4, 5, 7, 2, 2, 6, 0, 5, 3, 6, 0, 2, 0, 3, 5, 9, 7, 7, 3, 3, 4, 5, 2, 7, 4, 7, 0, 0, 8, 7, 3, 9, 2, 6, 6, 5, 9, 1, 9, 5, 8, 9, 8, 0, 4, 1, 9, 5, 2, 8, 4, 7, 2, 2, 5, 5, 4, 8, 8, 5, 8, 2, 9, 5, 0, 1, 2, 0, 0, 0, 2, 7, 2, 8, 9, 8, 2, 8, 3, 6, 1, 9, 4, 9, 4, 3, 6, 0, 8, 5, 7, 6, 6, 8, 6, 2, 6, 3, 3, 3, 4, 1, 9, 4, 3, 2, 2, 8, 6, 4, 6, 3, 5, 8, 1, 3, 3, 9, 7, 9, 8, 6, 1, 2, 4, 3, 2, 6, 0]
[5, 7, 7, 6, 4, 6, 6, 5, 8, 6, 8, 0, 0, 5, 5, 8, 2, 8, 7, 3, 3, 2, 3, 5, 5, 0, 1, 5, 9, 5, 3, 2, 7, 7, 3, 1, 6, 5, 9, 0, 3, 0, 3, 5, 1, 1, 5, 7, 4, 8, 7, 8, 2, 5, 1, 0, 7, 0, 1, 8, 2, 0, 5, 0, 6, 7, 7, 8, 2, 5, 1, 4, 3, 7, 0, 1, 6, 0, 5, 3, 6, 0, 1, 0, 3, 5, 5, 7, 0, 3, 3, 4, 5, 2, 7, 4, 7, 0, 7, 7, 7, 3, 9, 1, 6, 6, 5, 9, 2, 5, 5, 8, 5, 8, 1, 0, 1, 5, 5, 1, 8, 4, 7, 1, 2, 5, 5, 4, 8, 8, 5, 8, 1, 5, 5, 0, 0, 0, 1, 0, 0, 1, 4, 1, 8, 5, 8, 1, 8, 3, 7, 2, 5, 4, 5, 7, 3, 6, 1, 8, 3, 7, 0, 6, 8, 6, 1, 7, 3, 3, 3, 4, 0, 5, 4, 3, 0, 1, 8, 6, 7, 6, 3, 5, 8, 1, 3, 3, 9, 7, 5, 8, 6, 7, 0, 4, 3, 2, 7, 1]
n=2, accuracy_a=0.5625, accuracy_v=0.635
Hebbian model with 3 presentations.
Training...
Evaluating...
source: a, correct: 33 out of 48
[0, 4, 9, 7, 0, 8, 9, 4, 7, 9, 5, 4, 0, 3, 9, 2, 5, 5, 8, 5, 1, 7, 5, 2, 4, 2, 2, 6, 1, 9, 4, 3, 5, 8, 3, 7, 8, 5, 7, 5, 1, 8, 6, 4, 4, 4, 5, 3]
[2, 2, 9, 0, 0, 8, 9, 0, 2, 9, 5, 2, 2, 3, 9, 2, 5, 5, 8, 5, 2, 7, 5, 2, 7, 2, 2, 2, 7, 9, 7, 3, 5, 8, 3, 7, 8, 5, 7, 5, 1, 8, 6, 2, 7, 7, 5, 3]
source: v, correct: 129 out of 200
[5, 7, 7, 6, 4, 6, 6, 5, 8, 1, 8, 0, 6, 9, 9, 8, 2, 8, 7, 3, 5, 1, 3, 5, 2, 2, 1, 9, 9, 9, 3, 1, 6, 4, 3, 1, 6, 5, 9, 0, 3, 0, 3, 9, 2, 2, 9, 6, 4, 8, 5, 8, 2, 5, 0, 0, 6, 0, 2, 8, 2, 0, 5, 2, 6, 6, 6, 8, 0, 5, 1, 4, 5, 7, 2, 2, 6, 0, 5, 3, 6, 0, 2, 0, 3, 5, 9, 7, 7, 3, 3, 4, 5, 2, 7, 4, 7, 0, 0, 8, 7, 3, 9, 2, 6, 6, 5, 9, 1, 9, 5, 8, 9, 8, 0, 4, 1, 9, 5, 2, 8, 4, 7, 2, 2, 5, 5, 4, 8, 8, 5, 8, 2, 9, 5, 0, 1, 2, 0, 0, 0, 2, 7, 2, 8, 9, 8, 2, 8, 3, 6, 1, 9, 4, 9, 4, 3, 6, 0, 8, 5, 7, 6, 6, 8, 6, 2, 6, 3, 3, 3, 4, 1, 9, 4, 3, 2, 2, 8, 6, 4, 6, 3, 5, 8, 1, 3, 3, 9, 7, 9, 8, 6, 1, 2, 4, 3, 2, 6, 0]
[5, 7, 4, 6, 4, 6, 6, 5, 8, 2, 8, 0, 0, 8, 8, 8, 2, 8, 4, 3, 5, 0, 3, 5, 1, 1, 1, 8, 9, 8, 3, 0, 4, 4, 3, 1, 6, 5, 9, 0, 3, 0, 3, 8, 1, 1, 5, 4, 4, 8, 7, 8, 2, 5, 1, 0, 4, 0, 1, 8, 2, 4, 5, 4, 6, 4, 4, 8, 0, 5, 1, 4, 5, 4, 4, 1, 6, 1, 5, 3, 6, 0, 1, 1, 3, 5, 5, 4, 0, 3, 3, 4, 5, 2, 7, 4, 4, 0, 0, 7, 7, 3, 9, 1, 6, 6, 5, 9, 0, 8, 5, 8, 8, 8, 1, 4, 1, 5, 5, 1, 8, 4, 4, 1, 2, 5, 5, 4, 8, 8, 5, 8, 1, 8, 5, 0, 1, 0, 1, 0, 0, 2, 4, 2, 8, 8, 8, 1, 8, 3, 4, 1, 8, 4, 8, 4, 3, 6, 1, 8, 5, 4, 0, 6, 8, 6, 1, 4, 3, 3, 8, 4, 1, 8, 4, 3, 0, 1, 8, 6, 4, 6, 3, 5, 8, 2, 8, 3, 9, 7, 8, 8, 6, 1, 0, 4, 3, 2, 4, 1]
n=3, accuracy_a=0.6875, accuracy_v=0.645
Hebbian model with 4 presentations.
Training...
Evaluating...
source: a, correct: 33 out of 48
[0, 4, 9, 7, 0, 8, 9, 4, 7, 9, 5, 4, 0, 3, 9, 2, 5, 5, 8, 5, 1, 7, 5, 2, 4, 2, 2, 6, 1, 9, 4, 3, 5, 8, 3, 7, 8, 5, 7, 5, 1, 8, 6, 4, 4, 4, 5, 3]
[3, 2, 9, 7, 0, 8, 9, 4, 3, 9, 5, 2, 2, 3, 9, 2, 5, 5, 8, 5, 4, 7, 5, 0, 7, 2, 2, 3, 4, 9, 7, 3, 5, 3, 3, 0, 8, 5, 0, 5, 1, 8, 6, 4, 7, 4, 5, 3]
source: v, correct: 140 out of 200
[5, 7, 7, 6, 4, 6, 6, 5, 8, 1, 8, 0, 6, 9, 9, 8, 2, 8, 7, 3, 5, 1, 3, 5, 2, 2, 1, 9, 9, 9, 3, 1, 6, 4, 3, 1, 6, 5, 9, 0, 3, 0, 3, 9, 2, 2, 9, 6, 4, 8, 5, 8, 2, 5, 0, 0, 6, 0, 2, 8, 2, 0, 5, 2, 6, 6, 6, 8, 0, 5, 1, 4, 5, 7, 2, 2, 6, 0, 5, 3, 6, 0, 2, 0, 3, 5, 9, 7, 7, 3, 3, 4, 5, 2, 7, 4, 7, 0, 0, 8, 7, 3, 9, 2, 6, 6, 5, 9, 1, 9, 5, 8, 9, 8, 0, 4, 1, 9, 5, 2, 8, 4, 7, 2, 2, 5, 5, 4, 8, 8, 5, 8, 2, 9, 5, 0, 1, 2, 0, 0, 0, 2, 7, 2, 8, 9, 8, 2, 8, 3, 6, 1, 9, 4, 9, 4, 3, 6, 0, 8, 5, 7, 6, 6, 8, 6, 2, 6, 3, 3, 3, 4, 1, 9, 4, 3, 2, 2, 8, 6, 4, 6, 3, 5, 8, 1, 3, 3, 9, 7, 9, 8, 6, 1, 2, 4, 3, 2, 6, 0]
[5, 7, 7, 6, 4, 6, 6, 5, 8, 2, 8, 0, 6, 9, 9, 8, 2, 8, 7, 3, 5, 0, 3, 5, 2, 1, 2, 9, 9, 9, 3, 0, 4, 7, 3, 1, 6, 5, 9, 0, 3, 0, 3, 9, 1, 1, 5, 4, 4, 9, 7, 8, 2, 5, 1, 0, 4, 0, 1, 8, 2, 4, 5, 4, 6, 4, 4, 8, 0, 5, 1, 4, 5, 7, 4, 1, 6, 1, 5, 3, 6, 0, 1, 1, 3, 5, 5, 4, 4, 3, 3, 4, 5, 2, 7, 4, 7, 0, 0, 7, 7, 3, 9, 1, 6, 6, 5, 9, 2, 9, 5, 8, 9, 8, 1, 4, 1, 5, 5, 2, 8, 4, 7, 1, 2, 5, 5, 4, 8, 8, 5, 8, 1, 9, 5, 0, 1, 0, 1, 0, 2, 2, 7, 2, 8, 8, 9, 1, 8, 3, 4, 2, 8, 4, 8, 4, 3, 6, 1, 8, 5, 7, 4, 6, 8, 6, 1, 4, 3, 3, 8, 4, 2, 8, 4, 3, 0, 1, 8, 6, 4, 6, 3, 5, 8, 2, 3, 3, 9, 7, 8, 8, 6, 2, 0, 4, 3, 2, 4, 1]
n=4, accuracy_a=0.6875, accuracy_v=0.7
Hebbian model with 5 presentations.
Training...
Evaluating...
source: a, correct: 32 out of 48
[0, 4, 9, 7, 0, 8, 9, 4, 7, 9, 5, 4, 0, 3, 9, 2, 5, 5, 8, 5, 1, 7, 5, 2, 4, 2, 2, 6, 1, 9, 4, 3, 5, 8, 3, 7, 8, 5, 7, 5, 1, 8, 6, 4, 4, 4, 5, 3]
[7, 2, 9, 7, 4, 8, 9, 0, 5, 9, 5, 2, 4, 3, 9, 2, 5, 5, 8, 5, 4, 7, 5, 4, 7, 2, 2, 5, 4, 9, 7, 3, 5, 8, 3, 0, 8, 5, 0, 5, 1, 8, 6, 4, 7, 4, 5, 3]
source: v, correct: 139 out of 200
[5, 7, 7, 6, 4, 6, 6, 5, 8, 1, 8, 0, 6, 9, 9, 8, 2, 8, 7, 3, 5, 1, 3, 5, 2, 2, 1, 9, 9, 9, 3, 1, 6, 4, 3, 1, 6, 5, 9, 0, 3, 0, 3, 9, 2, 2, 9, 6, 4, 8, 5, 8, 2, 5, 0, 0, 6, 0, 2, 8, 2, 0, 5, 2, 6, 6, 6, 8, 0, 5, 1, 4, 5, 7, 2, 2, 6, 0, 5, 3, 6, 0, 2, 0, 3, 5, 9, 7, 7, 3, 3, 4, 5, 2, 7, 4, 7, 0, 0, 8, 7, 3, 9, 2, 6, 6, 5, 9, 1, 9, 5, 8, 9, 8, 0, 4, 1, 9, 5, 2, 8, 4, 7, 2, 2, 5, 5, 4, 8, 8, 5, 8, 2, 9, 5, 0, 1, 2, 0, 0, 0, 2, 7, 2, 8, 9, 8, 2, 8, 3, 6, 1, 9, 4, 9, 4, 3, 6, 0, 8, 5, 7, 6, 6, 8, 6, 2, 6, 3, 3, 3, 4, 1, 9, 4, 3, 2, 2, 8, 6, 4, 6, 3, 5, 8, 1, 3, 3, 9, 7, 9, 8, 6, 1, 2, 4, 3, 2, 6, 0]
[5, 7, 7, 6, 4, 6, 6, 5, 8, 2, 8, 2, 6, 9, 8, 8, 2, 8, 7, 3, 5, 2, 3, 5, 2, 1, 2, 9, 9, 9, 3, 2, 4, 7, 3, 0, 6, 5, 9, 2, 3, 0, 3, 9, 1, 1, 9, 4, 4, 8, 7, 8, 1, 5, 1, 0, 4, 0, 0, 8, 2, 4, 5, 4, 6, 4, 4, 8, 2, 5, 1, 4, 5, 7, 4, 1, 6, 0, 5, 3, 6, 0, 1, 2, 3, 5, 5, 4, 0, 3, 3, 4, 5, 2, 7, 4, 7, 0, 2, 7, 7, 3, 9, 1, 6, 6, 5, 9, 2, 9, 5, 8, 8, 8, 0, 4, 1, 5, 5, 2, 8, 4, 7, 0, 2, 5, 5, 4, 8, 8, 5, 8, 1, 9, 5, 0, 1, 0, 0, 0, 2, 2, 7, 2, 8, 8, 8, 1, 8, 3, 4, 2, 8, 4, 8, 4, 3, 6, 1, 8, 5, 7, 0, 6, 8, 6, 1, 4, 3, 3, 8, 4, 2, 8, 4, 3, 0, 1, 8, 6, 4, 6, 3, 5, 8, 2, 3, 3, 9, 7, 8, 8, 6, 2, 2, 4, 3, 2, 4, 1]
n=5, accuracy_a=0.6666666666666666, accuracy_v=0.695
Hebbian model with 6 presentations.
Training...
Evaluating...
source: a, correct: 31 out of 48
[0, 4, 9, 7, 0, 8, 9, 4, 7, 9, 5, 4, 0, 3, 9, 2, 5, 5, 8, 5, 1, 7, 5, 2, 4, 2, 2, 6, 1, 9, 4, 3, 5, 8, 3, 7, 8, 5, 7, 5, 1, 8, 6, 4, 4, 4, 5, 3]
[0, 2, 3, 7, 4, 8, 3, 0, 5, 9, 5, 2, 0, 3, 3, 2, 5, 5, 8, 5, 4, 7, 5, 4, 7, 2, 2, 5, 4, 3, 7, 3, 5, 8, 3, 7, 8, 5, 0, 5, 1, 8, 6, 4, 7, 4, 5, 3]
source: v, correct: 145 out of 200
[5, 7, 7, 6, 4, 6, 6, 5, 8, 1, 8, 0, 6, 9, 9, 8, 2, 8, 7, 3, 5, 1, 3, 5, 2, 2, 1, 9, 9, 9, 3, 1, 6, 4, 3, 1, 6, 5, 9, 0, 3, 0, 3, 9, 2, 2, 9, 6, 4, 8, 5, 8, 2, 5, 0, 0, 6, 0, 2, 8, 2, 0, 5, 2, 6, 6, 6, 8, 0, 5, 1, 4, 5, 7, 2, 2, 6, 0, 5, 3, 6, 0, 2, 0, 3, 5, 9, 7, 7, 3, 3, 4, 5, 2, 7, 4, 7, 0, 0, 8, 7, 3, 9, 2, 6, 6, 5, 9, 1, 9, 5, 8, 9, 8, 0, 4, 1, 9, 5, 2, 8, 4, 7, 2, 2, 5, 5, 4, 8, 8, 5, 8, 2, 9, 5, 0, 1, 2, 0, 0, 0, 2, 7, 2, 8, 9, 8, 2, 8, 3, 6, 1, 9, 4, 9, 4, 3, 6, 0, 8, 5, 7, 6, 6, 8, 6, 2, 6, 3, 3, 3, 4, 1, 9, 4, 3, 2, 2, 8, 6, 4, 6, 3, 5, 8, 1, 3, 3, 9, 7, 9, 8, 6, 1, 2, 4, 3, 2, 6, 0]
[5, 7, 7, 6, 4, 6, 6, 5, 8, 2, 8, 2, 6, 9, 9, 8, 1, 8, 7, 3, 5, 2, 3, 5, 2, 2, 2, 9, 9, 9, 3, 2, 4, 7, 3, 0, 6, 5, 9, 2, 3, 0, 3, 9, 1, 1, 9, 4, 4, 8, 7, 8, 1, 5, 1, 0, 4, 0, 0, 8, 2, 4, 5, 4, 6, 4, 4, 8, 2, 5, 1, 4, 5, 7, 4, 1, 6, 0, 5, 3, 6, 0, 1, 2, 3, 5, 9, 7, 0, 3, 3, 4, 5, 1, 7, 4, 7, 0, 2, 9, 7, 3, 9, 1, 6, 6, 5, 9, 2, 9, 5, 8, 9, 8, 0, 4, 1, 9, 5, 2, 8, 4, 7, 0, 2, 5, 5, 4, 8, 8, 5, 8, 1, 9, 5, 0, 2, 0, 0, 0, 2, 2, 7, 2, 8, 9, 8, 1, 8, 3, 4, 2, 9, 4, 9, 7, 3, 6, 1, 8, 5, 7, 0, 6, 8, 6, 1, 4, 3, 3, 3, 4, 2, 9, 4, 3, 0, 1, 8, 6, 4, 6, 3, 5, 3, 2, 3, 3, 9, 7, 9, 8, 6, 2, 2, 4, 3, 1, 4, 1]
n=6, accuracy_a=0.6458333333333334, accuracy_v=0.725
Hebbian model with 7 presentations.
Training...
Evaluating...
source: a, correct: 29 out of 48
[0, 4, 9, 7, 0, 8, 9, 4, 7, 9, 5, 4, 0, 3, 9, 2, 5, 5, 8, 5, 1, 7, 5, 2, 4, 2, 2, 6, 1, 9, 4, 3, 5, 8, 3, 7, 8, 5, 7, 5, 1, 8, 6, 4, 4, 4, 5, 3]
[0, 7, 3, 7, 4, 8, 3, 0, 5, 3, 5, 7, 0, 3, 3, 0, 5, 5, 8, 5, 4, 7, 5, 0, 7, 2, 2, 5, 4, 3, 7, 3, 5, 8, 3, 7, 8, 5, 0, 5, 1, 8, 6, 4, 4, 7, 5, 3]
source: v, correct: 156 out of 200
[5, 7, 7, 6, 4, 6, 6, 5, 8, 1, 8, 0, 6, 9, 9, 8, 2, 8, 7, 3, 5, 1, 3, 5, 2, 2, 1, 9, 9, 9, 3, 1, 6, 4, 3, 1, 6, 5, 9, 0, 3, 0, 3, 9, 2, 2, 9, 6, 4, 8, 5, 8, 2, 5, 0, 0, 6, 0, 2, 8, 2, 0, 5, 2, 6, 6, 6, 8, 0, 5, 1, 4, 5, 7, 2, 2, 6, 0, 5, 3, 6, 0, 2, 0, 3, 5, 9, 7, 7, 3, 3, 4, 5, 2, 7, 4, 7, 0, 0, 8, 7, 3, 9, 2, 6, 6, 5, 9, 1, 9, 5, 8, 9, 8, 0, 4, 1, 9, 5, 2, 8, 4, 7, 2, 2, 5, 5, 4, 8, 8, 5, 8, 2, 9, 5, 0, 1, 2, 0, 0, 0, 2, 7, 2, 8, 9, 8, 2, 8, 3, 6, 1, 9, 4, 9, 4, 3, 6, 0, 8, 5, 7, 6, 6, 8, 6, 2, 6, 3, 3, 3, 4, 1, 9, 4, 3, 2, 2, 8, 6, 4, 6, 3, 5, 8, 1, 3, 3, 9, 7, 9, 8, 6, 1, 2, 4, 3, 2, 6, 0]
[5, 7, 7, 6, 4, 6, 6, 5, 8, 2, 8, 2, 6, 9, 9, 8, 2, 8, 7, 3, 5, 2, 3, 5, 2, 2, 2, 9, 9, 9, 3, 2, 4, 7, 3, 1, 6, 5, 9, 2, 3, 0, 3, 9, 1, 2, 9, 6, 4, 8, 7, 8, 2, 5, 0, 0, 4, 0, 1, 8, 2, 4, 5, 4, 6, 4, 4, 8, 2, 5, 1, 4, 5, 7, 4, 1, 6, 0, 5, 3, 6, 0, 1, 2, 3, 5, 9, 7, 6, 3, 3, 4, 5, 2, 7, 4, 7, 0, 2, 5, 7, 3, 9, 1, 6, 6, 5, 9, 2, 9, 5, 8, 9, 8, 0, 6, 1, 9, 5, 2, 8, 4, 7, 1, 2, 5, 5, 4, 8, 8, 5, 8, 2, 9, 5, 0, 2, 0, 0, 0, 2, 2, 7, 2, 8, 9, 8, 1, 8, 3, 4, 2, 9, 4, 9, 7, 3, 6, 1, 8, 5, 7, 0, 6, 8, 6, 1, 4, 3, 3, 3, 4, 2, 9, 4, 3, 0, 2, 8, 6, 4, 6, 3, 5, 8, 2, 3, 3, 9, 7, 9, 8, 6, 2, 2, 4, 3, 2, 4, 0]
n=7, accuracy_a=0.6041666666666666, accuracy_v=0.78
Hebbian model with 8 presentations.
Training...
Evaluating...
source: a, correct: 35 out of 48
[0, 4, 9, 7, 0, 8, 9, 4, 7, 9, 5, 4, 0, 3, 9, 2, 5, 5, 8, 5, 1, 7, 5, 2, 4, 2, 2, 6, 1, 9, 4, 3, 5, 8, 3, 7, 8, 5, 7, 5, 1, 8, 6, 4, 4, 4, 5, 3]
[0, 4, 9, 7, 0, 8, 3, 7, 5, 9, 5, 7, 0, 3, 3, 0, 5, 5, 8, 5, 4, 7, 5, 0, 4, 2, 2, 5, 4, 9, 7, 3, 5, 8, 3, 7, 8, 5, 0, 5, 1, 8, 6, 4, 4, 7, 5, 3]
source: v, correct: 153 out of 200
[5, 7, 7, 6, 4, 6, 6, 5, 8, 1, 8, 0, 6, 9, 9, 8, 2, 8, 7, 3, 5, 1, 3, 5, 2, 2, 1, 9, 9, 9, 3, 1, 6, 4, 3, 1, 6, 5, 9, 0, 3, 0, 3, 9, 2, 2, 9, 6, 4, 8, 5, 8, 2, 5, 0, 0, 6, 0, 2, 8, 2, 0, 5, 2, 6, 6, 6, 8, 0, 5, 1, 4, 5, 7, 2, 2, 6, 0, 5, 3, 6, 0, 2, 0, 3, 5, 9, 7, 7, 3, 3, 4, 5, 2, 7, 4, 7, 0, 0, 8, 7, 3, 9, 2, 6, 6, 5, 9, 1, 9, 5, 8, 9, 8, 0, 4, 1, 9, 5, 2, 8, 4, 7, 2, 2, 5, 5, 4, 8, 8, 5, 8, 2, 9, 5, 0, 1, 2, 0, 0, 0, 2, 7, 2, 8, 9, 8, 2, 8, 3, 6, 1, 9, 4, 9, 4, 3, 6, 0, 8, 5, 7, 6, 6, 8, 6, 2, 6, 3, 3, 3, 4, 1, 9, 4, 3, 2, 2, 8, 6, 4, 6, 3, 5, 8, 1, 3, 3, 9, 7, 9, 8, 6, 1, 2, 4, 3, 2, 6, 0]
[5, 7, 7, 6, 4, 6, 6, 5, 8, 1, 8, 0, 6, 9, 9, 8, 2, 8, 7, 3, 5, 2, 3, 5, 2, 2, 2, 9, 9, 9, 3, 2, 4, 7, 3, 1, 6, 5, 9, 0, 3, 0, 3, 9, 1, 1, 9, 6, 4, 8, 7, 8, 2, 5, 0, 0, 4, 0, 1, 8, 2, 4, 5, 4, 6, 7, 7, 8, 2, 5, 1, 4, 5, 7, 4, 1, 6, 0, 5, 3, 6, 0, 1, 2, 3, 5, 9, 7, 6, 3, 3, 4, 5, 1, 7, 4, 7, 0, 0, 7, 7, 3, 9, 1, 6, 6, 5, 9, 2, 9, 5, 8, 9, 8, 0, 6, 1, 9, 5, 2, 8, 4, 7, 1, 2, 5, 5, 4, 8, 8, 5, 8, 1, 9, 5, 0, 2, 0, 0, 0, 2, 1, 7, 1, 8, 9, 8, 1, 8, 3, 7, 2, 9, 4, 9, 7, 3, 6, 1, 8, 5, 7, 0, 6, 8, 6, 1, 7, 3, 3, 3, 4, 2, 9, 4, 3, 0, 1, 8, 6, 4, 6, 3, 5, 8, 2, 3, 3, 9, 7, 9, 8, 6, 2, 2, 4, 3, 1, 4, 0]
n=8, accuracy_a=0.7291666666666666, accuracy_v=0.765
Hebbian model with 9 presentations.
Training...
Evaluating...
source: a, correct: 33 out of 48
[0, 4, 9, 7, 0, 8, 9, 4, 7, 9, 5, 4, 0, 3, 9, 2, 5, 5, 8, 5, 1, 7, 5, 2, 4, 2, 2, 6, 1, 9, 4, 3, 5, 8, 3, 7, 8, 5, 7, 5, 1, 8, 6, 4, 4, 4, 5, 3]
[0, 4, 9, 0, 0, 8, 3, 7, 5, 9, 5, 7, 0, 3, 3, 0, 5, 5, 8, 5, 4, 7, 5, 0, 7, 1, 2, 5, 7, 9, 4, 3, 5, 8, 3, 7, 8, 5, 0, 5, 1, 8, 6, 4, 4, 7, 5, 3]
source: v, correct: 156 out of 200
[5, 7, 7, 6, 4, 6, 6, 5, 8, 1, 8, 0, 6, 9, 9, 8, 2, 8, 7, 3, 5, 1, 3, 5, 2, 2, 1, 9, 9, 9, 3, 1, 6, 4, 3, 1, 6, 5, 9, 0, 3, 0, 3, 9, 2, 2, 9, 6, 4, 8, 5, 8, 2, 5, 0, 0, 6, 0, 2, 8, 2, 0, 5, 2, 6, 6, 6, 8, 0, 5, 1, 4, 5, 7, 2, 2, 6, 0, 5, 3, 6, 0, 2, 0, 3, 5, 9, 7, 7, 3, 3, 4, 5, 2, 7, 4, 7, 0, 0, 8, 7, 3, 9, 2, 6, 6, 5, 9, 1, 9, 5, 8, 9, 8, 0, 4, 1, 9, 5, 2, 8, 4, 7, 2, 2, 5, 5, 4, 8, 8, 5, 8, 2, 9, 5, 0, 1, 2, 0, 0, 0, 2, 7, 2, 8, 9, 8, 2, 8, 3, 6, 1, 9, 4, 9, 4, 3, 6, 0, 8, 5, 7, 6, 6, 8, 6, 2, 6, 3, 3, 3, 4, 1, 9, 4, 3, 2, 2, 8, 6, 4, 6, 3, 5, 8, 1, 3, 3, 9, 7, 9, 8, 6, 1, 2, 4, 3, 2, 6, 0]
[5, 7, 7, 6, 4, 6, 6, 5, 8, 2, 8, 0, 6, 9, 9, 8, 2, 8, 7, 3, 5, 2, 3, 5, 0, 2, 2, 9, 9, 9, 3, 2, 0, 7, 3, 0, 6, 5, 9, 0, 3, 0, 3, 9, 1, 1, 9, 6, 4, 8, 5, 8, 2, 5, 0, 0, 6, 0, 0, 8, 2, 4, 5, 4, 6, 0, 7, 8, 0, 5, 1, 4, 5, 7, 4, 1, 6, 0, 5, 3, 6, 0, 1, 0, 3, 5, 9, 7, 0, 3, 3, 4, 5, 1, 7, 4, 7, 0, 0, 7, 7, 3, 9, 1, 6, 6, 5, 9, 2, 9, 5, 8, 9, 8, 0, 6, 1, 9, 5, 2, 8, 4, 7, 0, 2, 5, 5, 4, 8, 8, 5, 8, 1, 9, 5, 0, 2, 0, 0, 0, 2, 1, 7, 1, 8, 9, 8, 1, 8, 3, 7, 2, 9, 4, 9, 7, 3, 6, 0, 8, 5, 7, 0, 6, 8, 6, 1, 7, 3, 3, 3, 4, 2, 9, 4, 3, 0, 1, 8, 6, 4, 6, 3, 5, 8, 1, 3, 3, 9, 7, 9, 8, 6, 2, 2, 4, 3, 1, 0, 0]
n=9, accuracy_a=0.6875, accuracy_v=0.78
Hebbian model with 10 presentations.
Training...
Evaluating...
source: a, correct: 33 out of 48
[0, 4, 9, 7, 0, 8, 9, 4, 7, 9, 5, 4, 0, 3, 9, 2, 5, 5, 8, 5, 1, 7, 5, 2, 4, 2, 2, 6, 1, 9, 4, 3, 5, 8, 3, 7, 8, 5, 7, 5, 1, 8, 6, 4, 4, 4, 5, 3]
[0, 4, 9, 0, 0, 8, 3, 7, 5, 9, 5, 7, 0, 3, 3, 0, 5, 5, 8, 5, 4, 7, 5, 0, 7, 1, 2, 5, 7, 9, 4, 3, 5, 8, 3, 7, 8, 5, 0, 5, 1, 8, 6, 4, 4, 7, 5, 3]
source: v, correct: 157 out of 200
[5, 7, 7, 6, 4, 6, 6, 5, 8, 1, 8, 0, 6, 9, 9, 8, 2, 8, 7, 3, 5, 1, 3, 5, 2, 2, 1, 9, 9, 9, 3, 1, 6, 4, 3, 1, 6, 5, 9, 0, 3, 0, 3, 9, 2, 2, 9, 6, 4, 8, 5, 8, 2, 5, 0, 0, 6, 0, 2, 8, 2, 0, 5, 2, 6, 6, 6, 8, 0, 5, 1, 4, 5, 7, 2, 2, 6, 0, 5, 3, 6, 0, 2, 0, 3, 5, 9, 7, 7, 3, 3, 4, 5, 2, 7, 4, 7, 0, 0, 8, 7, 3, 9, 2, 6, 6, 5, 9, 1, 9, 5, 8, 9, 8, 0, 4, 1, 9, 5, 2, 8, 4, 7, 2, 2, 5, 5, 4, 8, 8, 5, 8, 2, 9, 5, 0, 1, 2, 0, 0, 0, 2, 7, 2, 8, 9, 8, 2, 8, 3, 6, 1, 9, 4, 9, 4, 3, 6, 0, 8, 5, 7, 6, 6, 8, 6, 2, 6, 3, 3, 3, 4, 1, 9, 4, 3, 2, 2, 8, 6, 4, 6, 3, 5, 8, 1, 3, 3, 9, 7, 9, 8, 6, 1, 2, 4, 3, 2, 6, 0]
[5, 7, 7, 6, 4, 6, 6, 5, 8, 1, 8, 0, 6, 9, 9, 8, 2, 8, 7, 3, 5, 2, 3, 5, 0, 2, 2, 9, 9, 9, 3, 2, 4, 7, 3, 0, 6, 5, 9, 0, 3, 0, 3, 9, 1, 1, 9, 6, 4, 8, 5, 8, 2, 5, 0, 0, 4, 0, 0, 8, 2, 4, 5, 4, 6, 4, 4, 8, 0, 5, 1, 4, 5, 7, 4, 1, 6, 0, 5, 3, 6, 0, 1, 0, 3, 5, 9, 7, 0, 3, 3, 4, 5, 1, 7, 4, 7, 0, 0, 4, 7, 3, 9, 1, 6, 6, 5, 9, 1, 9, 5, 8, 9, 8, 0, 6, 1, 9, 5, 2, 8, 4, 7, 0, 2, 5, 5, 4, 8, 8, 5, 8, 1, 9, 5, 0, 2, 0, 0, 0, 2, 1, 7, 1, 8, 9, 8, 1, 8, 3, 4, 2, 9, 4, 9, 7, 3, 6, 0, 8, 5, 7, 0, 6, 8, 6, 1, 4, 3, 3, 3, 4, 2, 9, 4, 3, 0, 1, 8, 6, 4, 6, 3, 5, 8, 1, 3, 3, 9, 7, 9, 8, 6, 2, 2, 4, 3, 1, 4, 0]
n=10, accuracy_a=0.6875, accuracy_v=0.785
Hebbian model with 11 presentations.
Training...
Evaluating...
source: a, correct: 34 out of 48
[0, 4, 9, 7, 0, 8, 9, 4, 7, 9, 5, 4, 0, 3, 9, 2, 5, 5, 8, 5, 1, 7, 5, 2, 4, 2, 2, 6, 1, 9, 4, 3, 5, 8, 3, 7, 8, 5, 7, 5, 1, 8, 6, 4, 4, 4, 5, 3]
[0, 4, 9, 0, 0, 8, 3, 7, 5, 9, 5, 7, 0, 3, 3, 0, 5, 5, 8, 5, 4, 7, 5, 0, 7, 1, 2, 5, 7, 9, 4, 3, 5, 8, 3, 7, 8, 5, 7, 5, 1, 8, 6, 4, 4, 7, 5, 3]
source: v, correct: 151 out of 200
[5, 7, 7, 6, 4, 6, 6, 5, 8, 1, 8, 0, 6, 9, 9, 8, 2, 8, 7, 3, 5, 1, 3, 5, 2, 2, 1, 9, 9, 9, 3, 1, 6, 4, 3, 1, 6, 5, 9, 0, 3, 0, 3, 9, 2, 2, 9, 6, 4, 8, 5, 8, 2, 5, 0, 0, 6, 0, 2, 8, 2, 0, 5, 2, 6, 6, 6, 8, 0, 5, 1, 4, 5, 7, 2, 2, 6, 0, 5, 3, 6, 0, 2, 0, 3, 5, 9, 7, 7, 3, 3, 4, 5, 2, 7, 4, 7, 0, 0, 8, 7, 3, 9, 2, 6, 6, 5, 9, 1, 9, 5, 8, 9, 8, 0, 4, 1, 9, 5, 2, 8, 4, 7, 2, 2, 5, 5, 4, 8, 8, 5, 8, 2, 9, 5, 0, 1, 2, 0, 0, 0, 2, 7, 2, 8, 9, 8, 2, 8, 3, 6, 1, 9, 4, 9, 4, 3, 6, 0, 8, 5, 7, 6, 6, 8, 6, 2, 6, 3, 3, 3, 4, 1, 9, 4, 3, 2, 2, 8, 6, 4, 6, 3, 5, 8, 1, 3, 3, 9, 7, 9, 8, 6, 1, 2, 4, 3, 2, 6, 0]
[0, 7, 7, 6, 4, 6, 6, 5, 8, 1, 8, 0, 6, 9, 9, 8, 1, 8, 7, 3, 5, 2, 3, 5, 0, 0, 2, 9, 9, 9, 3, 2, 4, 7, 3, 0, 6, 5, 9, 0, 3, 0, 3, 9, 1, 1, 9, 6, 4, 8, 5, 8, 1, 5, 0, 0, 6, 0, 0, 8, 1, 0, 5, 4, 6, 4, 4, 8, 0, 5, 1, 4, 5, 7, 1, 1, 6, 0, 5, 3, 6, 0, 1, 0, 3, 5, 9, 7, 0, 3, 3, 4, 5, 1, 7, 4, 7, 0, 0, 9, 7, 3, 9, 1, 6, 6, 5, 9, 1, 9, 5, 8, 9, 8, 0, 6, 1, 9, 5, 1, 8, 4, 7, 0, 1, 5, 5, 4, 8, 8, 5, 8, 1, 9, 5, 0, 2, 0, 0, 0, 1, 1, 7, 1, 8, 9, 8, 1, 8, 3, 4, 2, 9, 4, 9, 7, 3, 6, 0, 8, 5, 7, 0, 6, 8, 6, 1, 4, 3, 3, 3, 4, 2, 9, 4, 3, 0, 1, 8, 6, 4, 6, 3, 5, 8, 1, 3, 3, 9, 7, 9, 8, 6, 2, 1, 4, 3, 1, 0, 0]
n=11, accuracy_a=0.7083333333333334, accuracy_v=0.755
Hebbian model with 12 presentations.
Training...
Evaluating...
source: a, correct: 34 out of 48
[0, 4, 9, 7, 0, 8, 9, 4, 7, 9, 5, 4, 0, 3, 9, 2, 5, 5, 8, 5, 1, 7, 5, 2, 4, 2, 2, 6, 1, 9, 4, 3, 5, 8, 3, 7, 8, 5, 7, 5, 1, 8, 6, 4, 4, 4, 5, 3]
[0, 4, 9, 0, 0, 8, 3, 7, 5, 9, 5, 7, 0, 3, 3, 0, 5, 5, 8, 5, 4, 7, 5, 0, 7, 1, 2, 3, 4, 9, 4, 3, 5, 8, 3, 7, 8, 5, 7, 5, 1, 8, 6, 4, 4, 7, 5, 3]
source: v, correct: 151 out of 200
[5, 7, 7, 6, 4, 6, 6, 5, 8, 1, 8, 0, 6, 9, 9, 8, 2, 8, 7, 3, 5, 1, 3, 5, 2, 2, 1, 9, 9, 9, 3, 1, 6, 4, 3, 1, 6, 5, 9, 0, 3, 0, 3, 9, 2, 2, 9, 6, 4, 8, 5, 8, 2, 5, 0, 0, 6, 0, 2, 8, 2, 0, 5, 2, 6, 6, 6, 8, 0, 5, 1, 4, 5, 7, 2, 2, 6, 0, 5, 3, 6, 0, 2, 0, 3, 5, 9, 7, 7, 3, 3, 4, 5, 2, 7, 4, 7, 0, 0, 8, 7, 3, 9, 2, 6, 6, 5, 9, 1, 9, 5, 8, 9, 8, 0, 4, 1, 9, 5, 2, 8, 4, 7, 2, 2, 5, 5, 4, 8, 8, 5, 8, 2, 9, 5, 0, 1, 2, 0, 0, 0, 2, 7, 2, 8, 9, 8, 2, 8, 3, 6, 1, 9, 4, 9, 4, 3, 6, 0, 8, 5, 7, 6, 6, 8, 6, 2, 6, 3, 3, 3, 4, 1, 9, 4, 3, 2, 2, 8, 6, 4, 6, 3, 5, 8, 1, 3, 3, 9, 7, 9, 8, 6, 1, 2, 4, 3, 2, 6, 0]
[0, 7, 7, 6, 4, 6, 6, 5, 8, 1, 8, 0, 6, 9, 9, 8, 1, 8, 7, 3, 5, 2, 3, 5, 0, 0, 2, 9, 9, 9, 3, 2, 6, 7, 3, 0, 6, 5, 9, 0, 3, 0, 3, 9, 1, 1, 9, 6, 4, 8, 5, 8, 1, 5, 1, 0, 6, 0, 0, 8, 1, 0, 5, 0, 6, 4, 6, 8, 0, 5, 1, 4, 5, 7, 0, 1, 6, 0, 5, 3, 6, 0, 1, 0, 3, 5, 9, 7, 0, 3, 3, 4, 5, 1, 7, 4, 7, 0, 0, 9, 7, 3, 9, 1, 6, 6, 5, 9, 1, 9, 5, 8, 9, 8, 0, 6, 1, 9, 5, 1, 8, 4, 7, 0, 1, 5, 5, 4, 8, 8, 5, 8, 1, 9, 5, 0, 2, 0, 0, 0, 1, 1, 7, 1, 8, 9, 8, 1, 8, 3, 7, 2, 9, 4, 9, 7, 3, 6, 0, 8, 5, 7, 0, 6, 8, 6, 1, 7, 3, 3, 3, 4, 2, 9, 4, 3, 0, 1, 8, 6, 4, 6, 3, 5, 8, 1, 3, 3, 9, 7, 9, 8, 6, 2, 1, 4, 3, 1, 0, 1]
n=12, accuracy_a=0.7083333333333334, accuracy_v=0.755
Hebbian model with 13 presentations.
Training...
Evaluating...
source: a, correct: 34 out of 48
[0, 4, 9, 7, 0, 8, 9, 4, 7, 9, 5, 4, 0, 3, 9, 2, 5, 5, 8, 5, 1, 7, 5, 2, 4, 2, 2, 6, 1, 9, 4, 3, 5, 8, 3, 7, 8, 5, 7, 5, 1, 8, 6, 4, 4, 4, 5, 3]
[0, 4, 9, 0, 0, 8, 3, 7, 5, 9, 5, 7, 0, 3, 3, 0, 5, 5, 8, 5, 4, 7, 5, 0, 7, 1, 2, 5, 4, 9, 4, 3, 5, 8, 3, 7, 8, 5, 7, 5, 1, 8, 6, 4, 4, 7, 5, 3]
source: v, correct: 154 out of 200
[5, 7, 7, 6, 4, 6, 6, 5, 8, 1, 8, 0, 6, 9, 9, 8, 2, 8, 7, 3, 5, 1, 3, 5, 2, 2, 1, 9, 9, 9, 3, 1, 6, 4, 3, 1, 6, 5, 9, 0, 3, 0, 3, 9, 2, 2, 9, 6, 4, 8, 5, 8, 2, 5, 0, 0, 6, 0, 2, 8, 2, 0, 5, 2, 6, 6, 6, 8, 0, 5, 1, 4, 5, 7, 2, 2, 6, 0, 5, 3, 6, 0, 2, 0, 3, 5, 9, 7, 7, 3, 3, 4, 5, 2, 7, 4, 7, 0, 0, 8, 7, 3, 9, 2, 6, 6, 5, 9, 1, 9, 5, 8, 9, 8, 0, 4, 1, 9, 5, 2, 8, 4, 7, 2, 2, 5, 5, 4, 8, 8, 5, 8, 2, 9, 5, 0, 1, 2, 0, 0, 0, 2, 7, 2, 8, 9, 8, 2, 8, 3, 6, 1, 9, 4, 9, 4, 3, 6, 0, 8, 5, 7, 6, 6, 8, 6, 2, 6, 3, 3, 3, 4, 1, 9, 4, 3, 2, 2, 8, 6, 4, 6, 3, 5, 8, 1, 3, 3, 9, 7, 9, 8, 6, 1, 2, 4, 3, 2, 6, 0]
[0, 7, 7, 6, 4, 6, 6, 5, 8, 1, 8, 0, 6, 9, 9, 8, 1, 8, 7, 3, 5, 1, 3, 5, 0, 0, 2, 9, 9, 9, 3, 1, 6, 7, 3, 0, 6, 5, 9, 0, 3, 0, 3, 9, 1, 1, 9, 6, 4, 8, 5, 8, 1, 5, 1, 0, 6, 0, 0, 8, 1, 0, 5, 0, 6, 4, 6, 8, 0, 5, 1, 4, 5, 7, 0, 1, 6, 0, 5, 3, 6, 0, 1, 0, 3, 5, 9, 7, 0, 3, 3, 4, 5, 1, 7, 4, 7, 0, 0, 9, 7, 3, 9, 1, 6, 6, 5, 9, 1, 9, 5, 8, 9, 8, 0, 6, 1, 9, 5, 1, 8, 4, 7, 0, 1, 5, 5, 4, 8, 8, 5, 8, 1, 9, 5, 0, 2, 0, 0, 0, 1, 1, 7, 1, 8, 9, 8, 1, 8, 3, 7, 1, 9, 4, 9, 7, 3, 6, 0, 8, 5, 7, 0, 6, 8, 6, 1, 7, 3, 3, 3, 4, 2, 9, 4, 3, 0, 1, 8, 6, 4, 6, 3, 5, 3, 1, 3, 3, 9, 7, 9, 8, 6, 1, 1, 4, 3, 1, 0, 1]
n=13, accuracy_a=0.7083333333333334, accuracy_v=0.77
Hebbian model with 14 presentations.
Training...
Evaluating...
source: a, correct: 36 out of 48
[0, 4, 9, 7, 0, 8, 9, 4, 7, 9, 5, 4, 0, 3, 9, 2, 5, 5, 8, 5, 1, 7, 5, 2, 4, 2, 2, 6, 1, 9, 4, 3, 5, 8, 3, 7, 8, 5, 7, 5, 1, 8, 6, 4, 4, 4, 5, 3]
[0, 4, 9, 0, 0, 8, 9, 7, 5, 9, 5, 7, 0, 3, 9, 0, 5, 5, 8, 5, 4, 7, 5, 0, 7, 1, 2, 5, 4, 9, 4, 3, 5, 8, 3, 7, 8, 5, 7, 5, 1, 8, 6, 4, 4, 7, 5, 3]
source: v, correct: 149 out of 200
[5, 7, 7, 6, 4, 6, 6, 5, 8, 1, 8, 0, 6, 9, 9, 8, 2, 8, 7, 3, 5, 1, 3, 5, 2, 2, 1, 9, 9, 9, 3, 1, 6, 4, 3, 1, 6, 5, 9, 0, 3, 0, 3, 9, 2, 2, 9, 6, 4, 8, 5, 8, 2, 5, 0, 0, 6, 0, 2, 8, 2, 0, 5, 2, 6, 6, 6, 8, 0, 5, 1, 4, 5, 7, 2, 2, 6, 0, 5, 3, 6, 0, 2, 0, 3, 5, 9, 7, 7, 3, 3, 4, 5, 2, 7, 4, 7, 0, 0, 8, 7, 3, 9, 2, 6, 6, 5, 9, 1, 9, 5, 8, 9, 8, 0, 4, 1, 9, 5, 2, 8, 4, 7, 2, 2, 5, 5, 4, 8, 8, 5, 8, 2, 9, 5, 0, 1, 2, 0, 0, 0, 2, 7, 2, 8, 9, 8, 2, 8, 3, 6, 1, 9, 4, 9, 4, 3, 6, 0, 8, 5, 7, 6, 6, 8, 6, 2, 6, 3, 3, 3, 4, 1, 9, 4, 3, 2, 2, 8, 6, 4, 6, 3, 5, 8, 1, 3, 3, 9, 7, 9, 8, 6, 1, 2, 4, 3, 2, 6, 0]
[0, 7, 7, 6, 4, 6, 6, 5, 8, 1, 8, 0, 6, 9, 9, 8, 1, 8, 7, 3, 5, 1, 3, 5, 0, 2, 2, 9, 9, 9, 3, 1, 4, 7, 3, 0, 6, 5, 9, 0, 3, 0, 3, 9, 1, 1, 9, 6, 4, 8, 5, 8, 1, 5, 1, 0, 4, 0, 0, 8, 1, 0, 5, 0, 6, 4, 4, 8, 0, 5, 1, 4, 5, 7, 0, 1, 6, 0, 5, 3, 6, 0, 1, 0, 3, 5, 9, 7, 6, 3, 3, 4, 5, 1, 7, 4, 7, 0, 0, 9, 7, 3, 9, 1, 6, 6, 5, 9, 1, 9, 9, 8, 9, 8, 0, 6, 1, 9, 5, 1, 8, 4, 7, 0, 1, 5, 5, 4, 8, 8, 5, 8, 1, 9, 5, 0, 2, 0, 0, 0, 1, 1, 7, 1, 8, 9, 8, 1, 8, 3, 7, 2, 9, 4, 9, 7, 3, 6, 0, 8, 5, 7, 0, 6, 8, 6, 1, 7, 3, 3, 3, 4, 2, 9, 4, 3, 0, 1, 8, 6, 4, 6, 3, 5, 3, 1, 3, 3, 9, 7, 9, 8, 6, 2, 1, 4, 3, 1, 0, 1]
n=14, accuracy_a=0.75, accuracy_v=0.745
Hebbian model with 15 presentations.
Training...
Evaluating...
source: a, correct: 35 out of 48
[0, 4, 9, 7, 0, 8, 9, 4, 7, 9, 5, 4, 0, 3, 9, 2, 5, 5, 8, 5, 1, 7, 5, 2, 4, 2, 2, 6, 1, 9, 4, 3, 5, 8, 3, 7, 8, 5, 7, 5, 1, 8, 6, 4, 4, 4, 5, 3]
[0, 4, 9, 0, 0, 8, 9, 7, 5, 9, 5, 7, 4, 3, 9, 0, 5, 5, 8, 5, 4, 7, 5, 4, 7, 1, 2, 5, 4, 9, 4, 3, 5, 8, 3, 7, 8, 5, 7, 5, 1, 8, 6, 4, 4, 7, 5, 3]
source: v, correct: 154 out of 200
[5, 7, 7, 6, 4, 6, 6, 5, 8, 1, 8, 0, 6, 9, 9, 8, 2, 8, 7, 3, 5, 1, 3, 5, 2, 2, 1, 9, 9, 9, 3, 1, 6, 4, 3, 1, 6, 5, 9, 0, 3, 0, 3, 9, 2, 2, 9, 6, 4, 8, 5, 8, 2, 5, 0, 0, 6, 0, 2, 8, 2, 0, 5, 2, 6, 6, 6, 8, 0, 5, 1, 4, 5, 7, 2, 2, 6, 0, 5, 3, 6, 0, 2, 0, 3, 5, 9, 7, 7, 3, 3, 4, 5, 2, 7, 4, 7, 0, 0, 8, 7, 3, 9, 2, 6, 6, 5, 9, 1, 9, 5, 8, 9, 8, 0, 4, 1, 9, 5, 2, 8, 4, 7, 2, 2, 5, 5, 4, 8, 8, 5, 8, 2, 9, 5, 0, 1, 2, 0, 0, 0, 2, 7, 2, 8, 9, 8, 2, 8, 3, 6, 1, 9, 4, 9, 4, 3, 6, 0, 8, 5, 7, 6, 6, 8, 6, 2, 6, 3, 3, 3, 4, 1, 9, 4, 3, 2, 2, 8, 6, 4, 6, 3, 5, 8, 1, 3, 3, 9, 7, 9, 8, 6, 1, 2, 4, 3, 2, 6, 0]
[0, 7, 7, 6, 4, 6, 6, 5, 8, 1, 8, 0, 6, 9, 9, 8, 1, 8, 7, 3, 5, 1, 3, 5, 0, 2, 1, 9, 9, 9, 3, 1, 6, 7, 3, 0, 6, 5, 9, 0, 3, 0, 3, 9, 1, 1, 9, 6, 4, 8, 5, 8, 1, 5, 1, 0, 6, 0, 0, 8, 1, 0, 5, 0, 6, 4, 4, 8, 0, 5, 1, 4, 5, 7, 0, 1, 6, 0, 5, 3, 6, 0, 1, 0, 3, 5, 9, 7, 6, 3, 3, 4, 5, 1, 7, 4, 7, 0, 0, 9, 7, 3, 9, 1, 6, 6, 5, 9, 1, 9, 5, 8, 9, 8, 0, 6, 1, 9, 5, 1, 8, 4, 7, 0, 1, 5, 5, 4, 8, 8, 5, 8, 1, 9, 5, 0, 2, 0, 0, 0, 1, 1, 7, 1, 8, 9, 8, 1, 8, 3, 7, 2, 9, 4, 9, 7, 3, 6, 0, 8, 5, 7, 0, 6, 8, 6, 1, 7, 3, 3, 3, 4, 2, 9, 4, 3, 0, 1, 8, 6, 4, 6, 3, 5, 3, 1, 3, 3, 9, 7, 9, 8, 6, 1, 1, 4, 3, 1, 0, 1]
n=15, accuracy_a=0.7291666666666666, accuracy_v=0.77
