2019-01-17 08:25:58.181159: I tensorflow/core/platform/cpu_feature_guard.cc:137] Your CPU supports instructions that this TensorFlow binary was not compiled to use: SSE4.1 SSE4.2 AVX AVX2 FMA
2019-01-17 08:25:58.606130: I tensorflow/core/common_runtime/gpu/gpu_device.cc:1030] Found device 0 with properties: 
name: Tesla P100-PCIE-12GB major: 6 minor: 0 memoryClockRate(GHz): 1.3285
pciBusID: 0000:04:00.0
totalMemory: 11.91GiB freeMemory: 11.63GiB
2019-01-17 08:25:58.606185: I tensorflow/core/common_runtime/gpu/gpu_device.cc:1120] Creating TensorFlow device (/device:GPU:0) -> (device: 0, name: Tesla P100-PCIE-12GB, pci bus id: 0000:04:00.0, compute capability: 6.0)
2019-01-17 08:25:58.682658: I tensorflow/core/common_runtime/gpu/gpu_device.cc:1120] Creating TensorFlow device (/device:GPU:0) -> (device: 0, name: Tesla P100-PCIE-12GB, pci bus id: 0000:04:00.0, compute capability: 6.0)
2019-01-17 08:25:58.788089: I tensorflow/core/common_runtime/gpu/gpu_device.cc:1120] Creating TensorFlow device (/device:GPU:0) -> (device: 0, name: Tesla P100-PCIE-12GB, pci bus id: 0000:04:00.0, compute capability: 6.0)
2019-01-17 08:26:06.659521: I tensorflow/core/common_runtime/gpu/gpu_device.cc:1120] Creating TensorFlow device (/device:GPU:0) -> (device: 0, name: Tesla P100-PCIE-12GB, pci bus id: 0000:04:00.0, compute capability: 6.0)
2019-01-17 08:26:13.477886: I tensorflow/core/common_runtime/gpu/gpu_device.cc:1120] Creating TensorFlow device (/device:GPU:0) -> (device: 0, name: Tesla P100-PCIE-12GB, pci bus id: 0000:04:00.0, compute capability: 6.0)
2019-01-17 08:26:20.337538: I tensorflow/core/common_runtime/gpu/gpu_device.cc:1120] Creating TensorFlow device (/device:GPU:0) -> (device: 0, name: Tesla P100-PCIE-12GB, pci bus id: 0000:04:00.0, compute capability: 6.0)
2019-01-17 08:26:27.273591: I tensorflow/core/common_runtime/gpu/gpu_device.cc:1120] Creating TensorFlow device (/device:GPU:0) -> (device: 0, name: Tesla P100-PCIE-12GB, pci bus id: 0000:04:00.0, compute capability: 6.0)
2019-01-17 08:26:34.209349: I tensorflow/core/common_runtime/gpu/gpu_device.cc:1120] Creating TensorFlow device (/device:GPU:0) -> (device: 0, name: Tesla P100-PCIE-12GB, pci bus id: 0000:04:00.0, compute capability: 6.0)
2019-01-17 08:26:41.232126: I tensorflow/core/common_runtime/gpu/gpu_device.cc:1120] Creating TensorFlow device (/device:GPU:0) -> (device: 0, name: Tesla P100-PCIE-12GB, pci bus id: 0000:04:00.0, compute capability: 6.0)
2019-01-17 08:26:48.421245: I tensorflow/core/common_runtime/gpu/gpu_device.cc:1120] Creating TensorFlow device (/device:GPU:0) -> (device: 0, name: Tesla P100-PCIE-12GB, pci bus id: 0000:04:00.0, compute capability: 6.0)
2019-01-17 08:26:55.631350: I tensorflow/core/common_runtime/gpu/gpu_device.cc:1120] Creating TensorFlow device (/device:GPU:0) -> (device: 0, name: Tesla P100-PCIE-12GB, pci bus id: 0000:04:00.0, compute capability: 6.0)
2019-01-17 08:27:02.755112: I tensorflow/core/common_runtime/gpu/gpu_device.cc:1120] Creating TensorFlow device (/device:GPU:0) -> (device: 0, name: Tesla P100-PCIE-12GB, pci bus id: 0000:04:00.0, compute capability: 6.0)
2019-01-17 08:27:09.983572: I tensorflow/core/common_runtime/gpu/gpu_device.cc:1120] Creating TensorFlow device (/device:GPU:0) -> (device: 0, name: Tesla P100-PCIE-12GB, pci bus id: 0000:04:00.0, compute capability: 6.0)
2019-01-17 08:27:17.232647: I tensorflow/core/common_runtime/gpu/gpu_device.cc:1120] Creating TensorFlow device (/device:GPU:0) -> (device: 0, name: Tesla P100-PCIE-12GB, pci bus id: 0000:04:00.0, compute capability: 6.0)
2019-01-17 08:27:24.483160: I tensorflow/core/common_runtime/gpu/gpu_device.cc:1120] Creating TensorFlow device (/device:GPU:0) -> (device: 0, name: Tesla P100-PCIE-12GB, pci bus id: 0000:04:00.0, compute capability: 6.0)
2019-01-17 08:27:31.893333: I tensorflow/core/common_runtime/gpu/gpu_device.cc:1120] Creating TensorFlow device (/device:GPU:0) -> (device: 0, name: Tesla P100-PCIE-12GB, pci bus id: 0000:04:00.0, compute capability: 6.0)
2019-01-17 08:27:39.474373: I tensorflow/core/common_runtime/gpu/gpu_device.cc:1120] Creating TensorFlow device (/device:GPU:0) -> (device: 0, name: Tesla P100-PCIE-12GB, pci bus id: 0000:04:00.0, compute capability: 6.0)
/usr/home/studenti/sp160362/miniconda3/envs/tf/lib/python3.6/importlib/_bootstrap.py:219: RuntimeWarning: compiletime version 3.5 of module 'tensorflow.python.framework.fast_tensor_util' does not match runtime version 3.6
  return f(*args, **kwds)
/usr/home/studenti/sp160362/miniconda3/envs/tf/lib/python3.6/site-packages/matplotlib/pyplot.py:514: RuntimeWarning: More than 20 figures have been opened. Figures created through the pyplot interface (`matplotlib.pyplot.figure`) are retained until explicitly closed and may consume too much memory. (To control this warning, see the rcParam `figure.max_open_warning`).
  max_open_warning, RuntimeWarning)
Training using video SOM: /usr/home/studenti/sp160362/project/deep-word-learning/data/trained-models/video/best/video_20x30_s10.0_b128_a0.1_group-a_seed42_1545208211_none
---------Info-------
data                : video                                   
dims                : (20, 30)                                
sigma               : 10.0                                    
alpha               : 0.1                                     
batch               : 128                                     
group               : a                                       
seed                : 42                                      
id                  : 1545208211                              
trsf                : none                                    
Data loaded and transformed, building SOMs...
RESTORED SOM MODEL
RESTORED SOM MODEL
Preparing Hebbian model...
Hebbian model with 1 presentations.
Training...
Evaluating...
source: a, correct: 151 out of 200
[5, 7, 7, 6, 4, 6, 6, 5, 8, 1, 8, 0, 6, 9, 9, 8, 2, 8, 7, 3, 5, 1, 3, 5, 2, 2, 1, 9, 9, 9, 3, 1, 6, 4, 3, 1, 6, 5, 9, 0, 3, 0, 3, 9, 2, 2, 9, 6, 4, 8, 5, 8, 2, 5, 0, 0, 6, 0, 2, 8, 2, 0, 5, 2, 6, 6, 6, 8, 0, 5, 1, 4, 5, 7, 2, 2, 6, 0, 5, 3, 6, 0, 2, 0, 3, 5, 9, 7, 7, 3, 3, 4, 5, 2, 7, 4, 7, 0, 0, 8, 7, 3, 9, 2, 6, 6, 5, 9, 1, 9, 5, 8, 9, 8, 0, 4, 1, 9, 5, 2, 8, 4, 7, 2, 2, 5, 5, 4, 8, 8, 5, 8, 2, 9, 5, 0, 1, 2, 0, 0, 0, 2, 7, 2, 8, 9, 8, 2, 8, 3, 6, 1, 9, 4, 9, 4, 3, 6, 0, 8, 5, 7, 6, 6, 8, 6, 2, 6, 3, 3, 3, 4, 1, 9, 4, 3, 2, 2, 8, 6, 4, 6, 3, 5, 8, 1, 3, 3, 9, 7, 9, 8, 6, 1, 2, 4, 3, 2, 6, 0]
[5, 7, 7, 6, 7, 6, 6, 5, 8, 2, 8, 0, 6, 5, 5, 8, 2, 8, 7, 3, 5, 2, 3, 5, 2, 2, 2, 5, 5, 5, 3, 2, 6, 7, 3, 2, 6, 5, 5, 0, 3, 0, 3, 5, 2, 2, 5, 6, 7, 8, 5, 8, 2, 5, 0, 0, 6, 0, 2, 8, 2, 0, 5, 2, 6, 6, 6, 8, 0, 5, 2, 7, 5, 7, 2, 2, 6, 0, 5, 3, 6, 0, 2, 0, 3, 5, 5, 7, 7, 3, 3, 7, 5, 2, 7, 7, 7, 0, 0, 8, 7, 3, 5, 2, 6, 6, 5, 5, 2, 5, 5, 8, 5, 8, 0, 7, 2, 5, 5, 2, 8, 7, 7, 2, 2, 5, 5, 7, 8, 8, 5, 8, 2, 5, 5, 0, 2, 2, 0, 0, 0, 2, 7, 2, 8, 5, 8, 2, 8, 3, 6, 2, 5, 7, 5, 7, 3, 6, 0, 8, 5, 7, 6, 6, 8, 6, 2, 6, 3, 3, 3, 7, 2, 5, 7, 3, 2, 2, 8, 6, 7, 6, 3, 5, 8, 2, 3, 3, 5, 7, 5, 8, 6, 2, 2, 7, 3, 2, 6, 0]
source: v, correct: 105 out of 200
[5, 7, 7, 6, 4, 6, 6, 5, 8, 1, 8, 0, 6, 9, 9, 8, 2, 8, 7, 3, 5, 1, 3, 5, 2, 2, 1, 9, 9, 9, 3, 1, 6, 4, 3, 1, 6, 5, 9, 0, 3, 0, 3, 9, 2, 2, 9, 6, 4, 8, 5, 8, 2, 5, 0, 0, 6, 0, 2, 8, 2, 0, 5, 2, 6, 6, 6, 8, 0, 5, 1, 4, 5, 7, 2, 2, 6, 0, 5, 3, 6, 0, 2, 0, 3, 5, 9, 7, 7, 3, 3, 4, 5, 2, 7, 4, 7, 0, 0, 8, 7, 3, 9, 2, 6, 6, 5, 9, 1, 9, 5, 8, 9, 8, 0, 4, 1, 9, 5, 2, 8, 4, 7, 2, 2, 5, 5, 4, 8, 8, 5, 8, 2, 9, 5, 0, 1, 2, 0, 0, 0, 2, 7, 2, 8, 9, 8, 2, 8, 3, 6, 1, 9, 4, 9, 4, 3, 6, 0, 8, 5, 7, 6, 6, 8, 6, 2, 6, 3, 3, 3, 4, 1, 9, 4, 3, 2, 2, 8, 6, 4, 6, 3, 5, 8, 1, 3, 3, 9, 7, 9, 8, 6, 1, 2, 4, 3, 2, 6, 0]
[5, 7, 7, 6, 6, 6, 6, 5, 8, 1, 8, 2, 0, 5, 5, 8, 1, 8, 7, 3, 7, 2, 3, 5, 3, 0, 1, 5, 5, 5, 3, 2, 0, 7, 3, 1, 6, 5, 5, 0, 3, 0, 3, 5, 2, 2, 5, 7, 4, 8, 7, 8, 2, 7, 1, 2, 7, 2, 1, 8, 2, 2, 5, 2, 6, 7, 7, 8, 2, 7, 2, 2, 7, 7, 2, 5, 6, 0, 7, 3, 6, 0, 5, 0, 3, 7, 5, 7, 0, 3, 3, 6, 5, 1, 7, 4, 7, 0, 3, 5, 7, 3, 5, 2, 6, 6, 5, 5, 2, 5, 5, 8, 5, 5, 1, 0, 2, 5, 5, 1, 8, 4, 7, 1, 2, 5, 5, 6, 8, 8, 5, 8, 1, 5, 7, 0, 0, 2, 0, 2, 2, 1, 7, 1, 8, 5, 5, 1, 8, 3, 7, 2, 5, 4, 5, 7, 3, 6, 1, 8, 9, 7, 0, 6, 8, 6, 2, 7, 3, 3, 3, 0, 0, 5, 7, 3, 0, 1, 8, 6, 7, 6, 3, 7, 3, 2, 3, 7, 5, 7, 5, 8, 6, 1, 2, 6, 3, 1, 0, 1]
n=1, accuracy_a=0.755, accuracy_v=0.525
Hebbian model with 2 presentations.
Training...
Evaluating...
source: a, correct: 198 out of 200
[5, 7, 7, 6, 4, 6, 6, 5, 8, 1, 8, 0, 6, 9, 9, 8, 2, 8, 7, 3, 5, 1, 3, 5, 2, 2, 1, 9, 9, 9, 3, 1, 6, 4, 3, 1, 6, 5, 9, 0, 3, 0, 3, 9, 2, 2, 9, 6, 4, 8, 5, 8, 2, 5, 0, 0, 6, 0, 2, 8, 2, 0, 5, 2, 6, 6, 6, 8, 0, 5, 1, 4, 5, 7, 2, 2, 6, 0, 5, 3, 6, 0, 2, 0, 3, 5, 9, 7, 7, 3, 3, 4, 5, 2, 7, 4, 7, 0, 0, 8, 7, 3, 9, 2, 6, 6, 5, 9, 1, 9, 5, 8, 9, 8, 0, 4, 1, 9, 5, 2, 8, 4, 7, 2, 2, 5, 5, 4, 8, 8, 5, 8, 2, 9, 5, 0, 1, 2, 0, 0, 0, 2, 7, 2, 8, 9, 8, 2, 8, 3, 6, 1, 9, 4, 9, 4, 3, 6, 0, 8, 5, 7, 6, 6, 8, 6, 2, 6, 3, 3, 3, 4, 1, 9, 4, 3, 2, 2, 8, 6, 4, 6, 3, 5, 8, 1, 3, 3, 9, 7, 9, 8, 6, 1, 2, 4, 3, 2, 6, 0]
[5, 7, 7, 6, 4, 6, 6, 5, 8, 1, 8, 0, 6, 9, 9, 8, 2, 8, 7, 3, 5, 1, 3, 5, 2, 2, 2, 9, 9, 9, 3, 1, 6, 4, 3, 1, 6, 5, 9, 0, 3, 0, 3, 9, 2, 2, 9, 6, 4, 8, 5, 8, 2, 5, 0, 0, 6, 0, 2, 8, 2, 0, 5, 2, 6, 6, 6, 8, 0, 5, 1, 4, 5, 7, 2, 2, 6, 0, 5, 3, 6, 0, 2, 0, 3, 5, 9, 7, 7, 3, 3, 4, 5, 2, 7, 4, 7, 0, 0, 8, 7, 3, 9, 2, 6, 6, 5, 9, 1, 9, 5, 8, 9, 8, 0, 4, 1, 9, 5, 2, 8, 4, 7, 2, 2, 5, 5, 4, 8, 8, 5, 8, 2, 9, 5, 0, 1, 2, 0, 0, 0, 2, 7, 2, 8, 9, 8, 2, 8, 3, 6, 1, 9, 4, 9, 4, 3, 6, 0, 8, 5, 7, 6, 6, 8, 6, 2, 6, 3, 3, 3, 4, 1, 9, 4, 3, 2, 2, 8, 6, 4, 6, 3, 5, 8, 1, 3, 3, 9, 7, 9, 8, 6, 2, 2, 4, 3, 2, 6, 0]
source: v, correct: 131 out of 200
[5, 7, 7, 6, 4, 6, 6, 5, 8, 1, 8, 0, 6, 9, 9, 8, 2, 8, 7, 3, 5, 1, 3, 5, 2, 2, 1, 9, 9, 9, 3, 1, 6, 4, 3, 1, 6, 5, 9, 0, 3, 0, 3, 9, 2, 2, 9, 6, 4, 8, 5, 8, 2, 5, 0, 0, 6, 0, 2, 8, 2, 0, 5, 2, 6, 6, 6, 8, 0, 5, 1, 4, 5, 7, 2, 2, 6, 0, 5, 3, 6, 0, 2, 0, 3, 5, 9, 7, 7, 3, 3, 4, 5, 2, 7, 4, 7, 0, 0, 8, 7, 3, 9, 2, 6, 6, 5, 9, 1, 9, 5, 8, 9, 8, 0, 4, 1, 9, 5, 2, 8, 4, 7, 2, 2, 5, 5, 4, 8, 8, 5, 8, 2, 9, 5, 0, 1, 2, 0, 0, 0, 2, 7, 2, 8, 9, 8, 2, 8, 3, 6, 1, 9, 4, 9, 4, 3, 6, 0, 8, 5, 7, 6, 6, 8, 6, 2, 6, 3, 3, 3, 4, 1, 9, 4, 3, 2, 2, 8, 6, 4, 6, 3, 5, 8, 1, 3, 3, 9, 7, 9, 8, 6, 1, 2, 4, 3, 2, 6, 0]
[5, 7, 7, 6, 4, 6, 6, 5, 8, 1, 8, 0, 7, 5, 5, 8, 2, 8, 7, 3, 5, 2, 3, 5, 3, 0, 1, 5, 9, 5, 3, 0, 7, 7, 3, 1, 6, 5, 9, 0, 3, 0, 3, 5, 0, 1, 5, 7, 4, 7, 7, 8, 2, 5, 0, 0, 7, 0, 1, 8, 2, 0, 5, 0, 6, 7, 7, 8, 0, 7, 1, 4, 5, 7, 0, 0, 6, 0, 5, 3, 6, 0, 1, 0, 3, 5, 5, 7, 7, 3, 3, 4, 5, 1, 7, 4, 7, 0, 3, 7, 7, 3, 9, 1, 6, 6, 5, 9, 0, 5, 5, 8, 5, 8, 0, 7, 0, 5, 5, 1, 8, 4, 7, 1, 2, 5, 5, 4, 8, 8, 5, 8, 1, 5, 5, 0, 0, 0, 0, 0, 0, 1, 7, 1, 8, 5, 7, 0, 8, 3, 7, 0, 5, 4, 5, 7, 3, 6, 0, 8, 5, 7, 7, 6, 8, 6, 0, 7, 3, 3, 3, 4, 0, 5, 7, 3, 0, 1, 8, 6, 7, 7, 3, 5, 8, 1, 3, 7, 9, 7, 5, 8, 6, 1, 0, 4, 3, 1, 7, 0]
n=2, accuracy_a=0.99, accuracy_v=0.655
Hebbian model with 3 presentations.
Training...
Evaluating...
source: a, correct: 187 out of 200
[5, 7, 7, 6, 4, 6, 6, 5, 8, 1, 8, 0, 6, 9, 9, 8, 2, 8, 7, 3, 5, 1, 3, 5, 2, 2, 1, 9, 9, 9, 3, 1, 6, 4, 3, 1, 6, 5, 9, 0, 3, 0, 3, 9, 2, 2, 9, 6, 4, 8, 5, 8, 2, 5, 0, 0, 6, 0, 2, 8, 2, 0, 5, 2, 6, 6, 6, 8, 0, 5, 1, 4, 5, 7, 2, 2, 6, 0, 5, 3, 6, 0, 2, 0, 3, 5, 9, 7, 7, 3, 3, 4, 5, 2, 7, 4, 7, 0, 0, 8, 7, 3, 9, 2, 6, 6, 5, 9, 1, 9, 5, 8, 9, 8, 0, 4, 1, 9, 5, 2, 8, 4, 7, 2, 2, 5, 5, 4, 8, 8, 5, 8, 2, 9, 5, 0, 1, 2, 0, 0, 0, 2, 7, 2, 8, 9, 8, 2, 8, 3, 6, 1, 9, 4, 9, 4, 3, 6, 0, 8, 5, 7, 6, 6, 8, 6, 2, 6, 3, 3, 3, 4, 1, 9, 4, 3, 2, 2, 8, 6, 4, 6, 3, 5, 8, 1, 3, 3, 9, 7, 9, 8, 6, 1, 2, 4, 3, 2, 6, 0]
[5, 7, 7, 6, 4, 6, 6, 5, 8, 2, 8, 0, 6, 9, 9, 8, 2, 8, 7, 3, 5, 2, 3, 5, 2, 2, 2, 9, 9, 9, 3, 2, 6, 4, 3, 2, 6, 5, 9, 0, 3, 0, 3, 9, 2, 2, 9, 6, 4, 8, 5, 8, 2, 5, 0, 0, 6, 0, 2, 8, 2, 0, 5, 2, 6, 6, 6, 8, 0, 5, 2, 4, 5, 7, 2, 2, 6, 0, 5, 3, 6, 0, 2, 0, 3, 5, 9, 7, 7, 3, 3, 4, 5, 2, 7, 4, 7, 0, 0, 8, 7, 3, 9, 2, 6, 6, 5, 9, 2, 9, 5, 8, 9, 8, 0, 4, 2, 9, 5, 2, 8, 4, 7, 2, 2, 5, 5, 4, 8, 8, 5, 8, 2, 9, 5, 0, 2, 2, 0, 0, 0, 2, 7, 2, 8, 9, 8, 2, 8, 3, 6, 2, 9, 4, 9, 4, 3, 6, 0, 8, 5, 7, 6, 6, 8, 6, 2, 6, 3, 3, 3, 4, 2, 9, 4, 3, 2, 2, 8, 6, 4, 6, 3, 5, 8, 2, 3, 3, 9, 7, 9, 8, 6, 2, 2, 4, 3, 2, 6, 0]
source: v, correct: 135 out of 200
[5, 7, 7, 6, 4, 6, 6, 5, 8, 1, 8, 0, 6, 9, 9, 8, 2, 8, 7, 3, 5, 1, 3, 5, 2, 2, 1, 9, 9, 9, 3, 1, 6, 4, 3, 1, 6, 5, 9, 0, 3, 0, 3, 9, 2, 2, 9, 6, 4, 8, 5, 8, 2, 5, 0, 0, 6, 0, 2, 8, 2, 0, 5, 2, 6, 6, 6, 8, 0, 5, 1, 4, 5, 7, 2, 2, 6, 0, 5, 3, 6, 0, 2, 0, 3, 5, 9, 7, 7, 3, 3, 4, 5, 2, 7, 4, 7, 0, 0, 8, 7, 3, 9, 2, 6, 6, 5, 9, 1, 9, 5, 8, 9, 8, 0, 4, 1, 9, 5, 2, 8, 4, 7, 2, 2, 5, 5, 4, 8, 8, 5, 8, 2, 9, 5, 0, 1, 2, 0, 0, 0, 2, 7, 2, 8, 9, 8, 2, 8, 3, 6, 1, 9, 4, 9, 4, 3, 6, 0, 8, 5, 7, 6, 6, 8, 6, 2, 6, 3, 3, 3, 4, 1, 9, 4, 3, 2, 2, 8, 6, 4, 6, 3, 5, 8, 1, 3, 3, 9, 7, 9, 8, 6, 1, 2, 4, 3, 2, 6, 0]
[5, 7, 7, 6, 4, 6, 6, 5, 8, 2, 8, 0, 7, 8, 8, 8, 2, 8, 7, 3, 5, 0, 3, 5, 1, 1, 1, 5, 9, 5, 3, 0, 7, 7, 3, 1, 6, 5, 9, 0, 3, 0, 3, 5, 0, 2, 9, 7, 4, 8, 5, 8, 2, 5, 0, 0, 7, 0, 1, 8, 2, 0, 5, 0, 6, 7, 7, 8, 0, 7, 1, 4, 5, 7, 0, 0, 6, 1, 5, 3, 6, 1, 1, 1, 3, 5, 5, 7, 7, 3, 3, 4, 5, 1, 7, 4, 7, 1, 0, 7, 7, 3, 9, 0, 6, 6, 5, 9, 0, 5, 5, 8, 8, 8, 0, 7, 1, 5, 5, 1, 8, 4, 7, 1, 2, 5, 5, 4, 8, 8, 5, 8, 1, 8, 5, 1, 1, 0, 1, 0, 1, 1, 7, 1, 8, 5, 8, 0, 8, 3, 7, 1, 5, 4, 5, 7, 3, 6, 0, 8, 5, 7, 7, 6, 8, 6, 0, 7, 3, 3, 8, 4, 1, 5, 4, 3, 1, 2, 8, 6, 7, 6, 3, 5, 8, 2, 3, 7, 9, 7, 5, 8, 6, 1, 0, 4, 3, 2, 7, 0]
n=3, accuracy_a=0.935, accuracy_v=0.675
Hebbian model with 4 presentations.
Training...
Evaluating...
source: a, correct: 200 out of 200
[5, 7, 7, 6, 4, 6, 6, 5, 8, 1, 8, 0, 6, 9, 9, 8, 2, 8, 7, 3, 5, 1, 3, 5, 2, 2, 1, 9, 9, 9, 3, 1, 6, 4, 3, 1, 6, 5, 9, 0, 3, 0, 3, 9, 2, 2, 9, 6, 4, 8, 5, 8, 2, 5, 0, 0, 6, 0, 2, 8, 2, 0, 5, 2, 6, 6, 6, 8, 0, 5, 1, 4, 5, 7, 2, 2, 6, 0, 5, 3, 6, 0, 2, 0, 3, 5, 9, 7, 7, 3, 3, 4, 5, 2, 7, 4, 7, 0, 0, 8, 7, 3, 9, 2, 6, 6, 5, 9, 1, 9, 5, 8, 9, 8, 0, 4, 1, 9, 5, 2, 8, 4, 7, 2, 2, 5, 5, 4, 8, 8, 5, 8, 2, 9, 5, 0, 1, 2, 0, 0, 0, 2, 7, 2, 8, 9, 8, 2, 8, 3, 6, 1, 9, 4, 9, 4, 3, 6, 0, 8, 5, 7, 6, 6, 8, 6, 2, 6, 3, 3, 3, 4, 1, 9, 4, 3, 2, 2, 8, 6, 4, 6, 3, 5, 8, 1, 3, 3, 9, 7, 9, 8, 6, 1, 2, 4, 3, 2, 6, 0]
[5, 7, 7, 6, 4, 6, 6, 5, 8, 1, 8, 0, 6, 9, 9, 8, 2, 8, 7, 3, 5, 1, 3, 5, 2, 2, 1, 9, 9, 9, 3, 1, 6, 4, 3, 1, 6, 5, 9, 0, 3, 0, 3, 9, 2, 2, 9, 6, 4, 8, 5, 8, 2, 5, 0, 0, 6, 0, 2, 8, 2, 0, 5, 2, 6, 6, 6, 8, 0, 5, 1, 4, 5, 7, 2, 2, 6, 0, 5, 3, 6, 0, 2, 0, 3, 5, 9, 7, 7, 3, 3, 4, 5, 2, 7, 4, 7, 0, 0, 8, 7, 3, 9, 2, 6, 6, 5, 9, 1, 9, 5, 8, 9, 8, 0, 4, 1, 9, 5, 2, 8, 4, 7, 2, 2, 5, 5, 4, 8, 8, 5, 8, 2, 9, 5, 0, 1, 2, 0, 0, 0, 2, 7, 2, 8, 9, 8, 2, 8, 3, 6, 1, 9, 4, 9, 4, 3, 6, 0, 8, 5, 7, 6, 6, 8, 6, 2, 6, 3, 3, 3, 4, 1, 9, 4, 3, 2, 2, 8, 6, 4, 6, 3, 5, 8, 1, 3, 3, 9, 7, 9, 8, 6, 1, 2, 4, 3, 2, 6, 0]
source: v, correct: 145 out of 200
[5, 7, 7, 6, 4, 6, 6, 5, 8, 1, 8, 0, 6, 9, 9, 8, 2, 8, 7, 3, 5, 1, 3, 5, 2, 2, 1, 9, 9, 9, 3, 1, 6, 4, 3, 1, 6, 5, 9, 0, 3, 0, 3, 9, 2, 2, 9, 6, 4, 8, 5, 8, 2, 5, 0, 0, 6, 0, 2, 8, 2, 0, 5, 2, 6, 6, 6, 8, 0, 5, 1, 4, 5, 7, 2, 2, 6, 0, 5, 3, 6, 0, 2, 0, 3, 5, 9, 7, 7, 3, 3, 4, 5, 2, 7, 4, 7, 0, 0, 8, 7, 3, 9, 2, 6, 6, 5, 9, 1, 9, 5, 8, 9, 8, 0, 4, 1, 9, 5, 2, 8, 4, 7, 2, 2, 5, 5, 4, 8, 8, 5, 8, 2, 9, 5, 0, 1, 2, 0, 0, 0, 2, 7, 2, 8, 9, 8, 2, 8, 3, 6, 1, 9, 4, 9, 4, 3, 6, 0, 8, 5, 7, 6, 6, 8, 6, 2, 6, 3, 3, 3, 4, 1, 9, 4, 3, 2, 2, 8, 6, 4, 6, 3, 5, 8, 1, 3, 3, 9, 7, 9, 8, 6, 1, 2, 4, 3, 2, 6, 0]
[7, 7, 7, 6, 4, 6, 6, 5, 8, 2, 8, 0, 7, 8, 8, 8, 2, 8, 7, 3, 5, 2, 3, 5, 0, 1, 2, 9, 9, 8, 3, 0, 7, 7, 3, 0, 6, 5, 9, 0, 3, 0, 3, 9, 1, 1, 9, 7, 4, 8, 5, 8, 2, 5, 0, 0, 4, 0, 1, 8, 2, 0, 5, 0, 6, 7, 7, 8, 0, 7, 2, 4, 5, 7, 0, 1, 6, 0, 5, 3, 6, 0, 1, 0, 3, 5, 9, 7, 0, 3, 3, 4, 5, 2, 7, 4, 7, 0, 0, 7, 7, 3, 9, 1, 6, 6, 5, 9, 2, 9, 5, 8, 8, 8, 0, 7, 2, 9, 5, 2, 8, 4, 7, 1, 2, 5, 5, 4, 8, 8, 5, 8, 1, 8, 5, 0, 0, 0, 0, 0, 2, 2, 7, 2, 8, 9, 8, 1, 8, 3, 7, 2, 9, 4, 9, 7, 3, 6, 0, 8, 5, 7, 7, 6, 8, 6, 1, 7, 3, 3, 3, 4, 2, 9, 4, 3, 0, 1, 8, 6, 7, 6, 3, 5, 8, 2, 3, 7, 9, 7, 9, 8, 6, 2, 2, 4, 3, 2, 7, 0]
n=4, accuracy_a=1.0, accuracy_v=0.725
Hebbian model with 5 presentations.
Training...
Evaluating...
source: a, correct: 173 out of 200
[5, 7, 7, 6, 4, 6, 6, 5, 8, 1, 8, 0, 6, 9, 9, 8, 2, 8, 7, 3, 5, 1, 3, 5, 2, 2, 1, 9, 9, 9, 3, 1, 6, 4, 3, 1, 6, 5, 9, 0, 3, 0, 3, 9, 2, 2, 9, 6, 4, 8, 5, 8, 2, 5, 0, 0, 6, 0, 2, 8, 2, 0, 5, 2, 6, 6, 6, 8, 0, 5, 1, 4, 5, 7, 2, 2, 6, 0, 5, 3, 6, 0, 2, 0, 3, 5, 9, 7, 7, 3, 3, 4, 5, 2, 7, 4, 7, 0, 0, 8, 7, 3, 9, 2, 6, 6, 5, 9, 1, 9, 5, 8, 9, 8, 0, 4, 1, 9, 5, 2, 8, 4, 7, 2, 2, 5, 5, 4, 8, 8, 5, 8, 2, 9, 5, 0, 1, 2, 0, 0, 0, 2, 7, 2, 8, 9, 8, 2, 8, 3, 6, 1, 9, 4, 9, 4, 3, 6, 0, 8, 5, 7, 6, 6, 8, 6, 2, 6, 3, 3, 3, 4, 1, 9, 4, 3, 2, 2, 8, 6, 4, 6, 3, 5, 8, 1, 3, 3, 9, 7, 9, 8, 6, 1, 2, 4, 3, 2, 6, 0]
[5, 7, 7, 6, 4, 6, 6, 5, 8, 1, 8, 0, 6, 9, 9, 8, 1, 8, 7, 3, 5, 1, 3, 5, 1, 1, 1, 9, 9, 9, 3, 1, 6, 4, 3, 1, 6, 5, 9, 0, 3, 0, 3, 9, 1, 1, 9, 6, 4, 8, 5, 8, 1, 5, 0, 0, 6, 0, 1, 8, 1, 0, 5, 1, 6, 6, 6, 8, 0, 5, 1, 4, 5, 7, 1, 1, 6, 0, 5, 3, 6, 0, 1, 0, 3, 5, 9, 7, 7, 3, 3, 4, 5, 1, 7, 4, 7, 0, 0, 8, 7, 3, 9, 1, 6, 6, 5, 9, 1, 9, 5, 8, 9, 8, 0, 4, 1, 9, 5, 1, 8, 4, 7, 1, 1, 5, 5, 4, 8, 8, 5, 8, 1, 9, 5, 0, 1, 1, 0, 0, 0, 1, 7, 1, 8, 9, 8, 1, 8, 3, 6, 1, 9, 4, 9, 4, 3, 6, 0, 8, 5, 7, 6, 6, 8, 6, 1, 6, 3, 3, 3, 4, 1, 9, 4, 3, 1, 1, 8, 6, 4, 6, 3, 5, 8, 1, 3, 3, 9, 7, 9, 8, 6, 1, 1, 4, 3, 1, 6, 0]
source: v, correct: 147 out of 200
[5, 7, 7, 6, 4, 6, 6, 5, 8, 1, 8, 0, 6, 9, 9, 8, 2, 8, 7, 3, 5, 1, 3, 5, 2, 2, 1, 9, 9, 9, 3, 1, 6, 4, 3, 1, 6, 5, 9, 0, 3, 0, 3, 9, 2, 2, 9, 6, 4, 8, 5, 8, 2, 5, 0, 0, 6, 0, 2, 8, 2, 0, 5, 2, 6, 6, 6, 8, 0, 5, 1, 4, 5, 7, 2, 2, 6, 0, 5, 3, 6, 0, 2, 0, 3, 5, 9, 7, 7, 3, 3, 4, 5, 2, 7, 4, 7, 0, 0, 8, 7, 3, 9, 2, 6, 6, 5, 9, 1, 9, 5, 8, 9, 8, 0, 4, 1, 9, 5, 2, 8, 4, 7, 2, 2, 5, 5, 4, 8, 8, 5, 8, 2, 9, 5, 0, 1, 2, 0, 0, 0, 2, 7, 2, 8, 9, 8, 2, 8, 3, 6, 1, 9, 4, 9, 4, 3, 6, 0, 8, 5, 7, 6, 6, 8, 6, 2, 6, 3, 3, 3, 4, 1, 9, 4, 3, 2, 2, 8, 6, 4, 6, 3, 5, 8, 1, 3, 3, 9, 7, 9, 8, 6, 1, 2, 4, 3, 2, 6, 0]
[7, 7, 7, 6, 4, 6, 6, 5, 8, 2, 8, 0, 7, 8, 8, 8, 1, 8, 7, 3, 5, 2, 3, 5, 2, 0, 2, 9, 9, 8, 3, 2, 7, 7, 3, 0, 6, 5, 9, 0, 3, 0, 3, 9, 1, 1, 9, 7, 4, 8, 5, 8, 1, 5, 0, 0, 4, 0, 0, 8, 2, 0, 5, 1, 6, 7, 7, 8, 0, 7, 1, 4, 5, 7, 1, 1, 6, 0, 5, 3, 6, 0, 1, 0, 3, 5, 9, 7, 0, 3, 3, 4, 5, 2, 7, 4, 7, 0, 0, 8, 7, 3, 9, 1, 6, 6, 5, 9, 2, 9, 5, 8, 8, 8, 0, 7, 1, 9, 5, 2, 8, 4, 7, 0, 2, 5, 5, 4, 8, 8, 5, 8, 1, 8, 5, 0, 0, 0, 0, 0, 2, 2, 7, 2, 8, 9, 8, 1, 8, 3, 7, 2, 9, 4, 9, 7, 3, 6, 0, 8, 5, 7, 0, 6, 8, 6, 1, 7, 3, 3, 3, 4, 2, 9, 4, 3, 0, 1, 8, 6, 7, 6, 3, 5, 8, 2, 3, 7, 9, 7, 9, 8, 6, 2, 2, 4, 3, 2, 7, 0]
n=5, accuracy_a=0.865, accuracy_v=0.735
Hebbian model with 6 presentations.
Training...
Evaluating...
source: a, correct: 160 out of 200
[5, 7, 7, 6, 4, 6, 6, 5, 8, 1, 8, 0, 6, 9, 9, 8, 2, 8, 7, 3, 5, 1, 3, 5, 2, 2, 1, 9, 9, 9, 3, 1, 6, 4, 3, 1, 6, 5, 9, 0, 3, 0, 3, 9, 2, 2, 9, 6, 4, 8, 5, 8, 2, 5, 0, 0, 6, 0, 2, 8, 2, 0, 5, 2, 6, 6, 6, 8, 0, 5, 1, 4, 5, 7, 2, 2, 6, 0, 5, 3, 6, 0, 2, 0, 3, 5, 9, 7, 7, 3, 3, 4, 5, 2, 7, 4, 7, 0, 0, 8, 7, 3, 9, 2, 6, 6, 5, 9, 1, 9, 5, 8, 9, 8, 0, 4, 1, 9, 5, 2, 8, 4, 7, 2, 2, 5, 5, 4, 8, 8, 5, 8, 2, 9, 5, 0, 1, 2, 0, 0, 0, 2, 7, 2, 8, 9, 8, 2, 8, 3, 6, 1, 9, 4, 9, 4, 3, 6, 0, 8, 5, 7, 6, 6, 8, 6, 2, 6, 3, 3, 3, 4, 1, 9, 4, 3, 2, 2, 8, 6, 4, 6, 3, 5, 8, 1, 3, 3, 9, 7, 9, 8, 6, 1, 2, 4, 3, 2, 6, 0]
[5, 7, 7, 6, 4, 6, 6, 5, 8, 2, 8, 0, 6, 9, 9, 8, 1, 8, 7, 3, 5, 2, 3, 5, 1, 1, 2, 9, 9, 9, 3, 2, 6, 4, 3, 2, 6, 5, 9, 0, 3, 0, 3, 9, 1, 1, 9, 6, 4, 8, 5, 8, 1, 5, 0, 0, 6, 0, 1, 8, 1, 0, 5, 1, 6, 6, 6, 8, 0, 5, 2, 4, 5, 7, 1, 1, 6, 0, 5, 3, 6, 0, 1, 0, 3, 5, 9, 7, 7, 3, 3, 4, 5, 1, 7, 4, 7, 0, 0, 8, 7, 3, 9, 1, 6, 6, 5, 9, 2, 9, 5, 8, 9, 8, 0, 4, 2, 9, 5, 1, 8, 4, 7, 1, 1, 5, 5, 4, 8, 8, 5, 8, 1, 9, 5, 0, 2, 1, 0, 0, 0, 1, 7, 1, 8, 9, 8, 1, 8, 3, 6, 2, 9, 4, 9, 4, 3, 6, 0, 8, 5, 7, 6, 6, 8, 6, 1, 6, 3, 3, 3, 4, 2, 9, 4, 3, 1, 1, 8, 6, 4, 6, 3, 5, 8, 2, 3, 3, 9, 7, 9, 8, 6, 2, 1, 4, 3, 1, 6, 0]
source: v, correct: 148 out of 200
[5, 7, 7, 6, 4, 6, 6, 5, 8, 1, 8, 0, 6, 9, 9, 8, 2, 8, 7, 3, 5, 1, 3, 5, 2, 2, 1, 9, 9, 9, 3, 1, 6, 4, 3, 1, 6, 5, 9, 0, 3, 0, 3, 9, 2, 2, 9, 6, 4, 8, 5, 8, 2, 5, 0, 0, 6, 0, 2, 8, 2, 0, 5, 2, 6, 6, 6, 8, 0, 5, 1, 4, 5, 7, 2, 2, 6, 0, 5, 3, 6, 0, 2, 0, 3, 5, 9, 7, 7, 3, 3, 4, 5, 2, 7, 4, 7, 0, 0, 8, 7, 3, 9, 2, 6, 6, 5, 9, 1, 9, 5, 8, 9, 8, 0, 4, 1, 9, 5, 2, 8, 4, 7, 2, 2, 5, 5, 4, 8, 8, 5, 8, 2, 9, 5, 0, 1, 2, 0, 0, 0, 2, 7, 2, 8, 9, 8, 2, 8, 3, 6, 1, 9, 4, 9, 4, 3, 6, 0, 8, 5, 7, 6, 6, 8, 6, 2, 6, 3, 3, 3, 4, 1, 9, 4, 3, 2, 2, 8, 6, 4, 6, 3, 5, 8, 1, 3, 3, 9, 7, 9, 8, 6, 1, 2, 4, 3, 2, 6, 0]
[5, 7, 7, 6, 4, 6, 6, 5, 8, 2, 8, 0, 6, 8, 3, 8, 1, 8, 7, 3, 5, 2, 3, 5, 2, 2, 2, 9, 9, 9, 3, 2, 7, 7, 3, 0, 6, 5, 9, 0, 3, 0, 3, 9, 1, 1, 9, 7, 4, 8, 5, 8, 1, 5, 0, 0, 4, 0, 0, 8, 1, 0, 5, 0, 6, 7, 7, 8, 0, 5, 1, 4, 5, 7, 0, 1, 6, 0, 5, 3, 6, 0, 1, 0, 3, 5, 9, 7, 0, 3, 3, 4, 5, 1, 7, 4, 7, 0, 0, 9, 7, 3, 9, 1, 6, 6, 5, 9, 2, 9, 5, 8, 9, 8, 0, 7, 1, 9, 5, 2, 8, 4, 7, 1, 1, 5, 5, 4, 8, 8, 5, 8, 1, 9, 5, 0, 2, 0, 0, 0, 2, 2, 7, 2, 8, 9, 8, 1, 8, 3, 7, 2, 9, 4, 9, 7, 3, 6, 0, 8, 5, 7, 0, 6, 8, 6, 1, 7, 3, 3, 3, 4, 2, 9, 4, 3, 0, 1, 8, 6, 7, 6, 3, 5, 3, 2, 3, 7, 9, 7, 9, 8, 6, 2, 2, 4, 3, 1, 7, 0]
n=6, accuracy_a=0.8, accuracy_v=0.74
Hebbian model with 7 presentations.
Training...
Evaluating...
source: a, correct: 160 out of 200
[5, 7, 7, 6, 4, 6, 6, 5, 8, 1, 8, 0, 6, 9, 9, 8, 2, 8, 7, 3, 5, 1, 3, 5, 2, 2, 1, 9, 9, 9, 3, 1, 6, 4, 3, 1, 6, 5, 9, 0, 3, 0, 3, 9, 2, 2, 9, 6, 4, 8, 5, 8, 2, 5, 0, 0, 6, 0, 2, 8, 2, 0, 5, 2, 6, 6, 6, 8, 0, 5, 1, 4, 5, 7, 2, 2, 6, 0, 5, 3, 6, 0, 2, 0, 3, 5, 9, 7, 7, 3, 3, 4, 5, 2, 7, 4, 7, 0, 0, 8, 7, 3, 9, 2, 6, 6, 5, 9, 1, 9, 5, 8, 9, 8, 0, 4, 1, 9, 5, 2, 8, 4, 7, 2, 2, 5, 5, 4, 8, 8, 5, 8, 2, 9, 5, 0, 1, 2, 0, 0, 0, 2, 7, 2, 8, 9, 8, 2, 8, 3, 6, 1, 9, 4, 9, 4, 3, 6, 0, 8, 5, 7, 6, 6, 8, 6, 2, 6, 3, 3, 3, 4, 1, 9, 4, 3, 2, 2, 8, 6, 4, 6, 3, 5, 8, 1, 3, 3, 9, 7, 9, 8, 6, 1, 2, 4, 3, 2, 6, 0]
[5, 7, 7, 6, 4, 6, 6, 5, 8, 2, 8, 0, 6, 9, 9, 8, 1, 8, 7, 3, 5, 2, 3, 5, 1, 1, 2, 9, 9, 9, 3, 2, 6, 4, 3, 2, 6, 5, 9, 0, 3, 0, 3, 9, 1, 1, 9, 6, 4, 8, 5, 8, 1, 5, 0, 0, 6, 0, 1, 8, 1, 0, 5, 1, 6, 6, 6, 8, 0, 5, 2, 4, 5, 7, 1, 1, 6, 0, 5, 3, 6, 0, 1, 0, 3, 5, 9, 7, 7, 3, 3, 4, 5, 1, 7, 4, 7, 0, 0, 8, 7, 3, 9, 1, 6, 6, 5, 9, 2, 9, 5, 8, 9, 8, 0, 4, 2, 9, 5, 1, 8, 4, 7, 1, 1, 5, 5, 4, 8, 8, 5, 8, 1, 9, 5, 0, 2, 1, 0, 0, 0, 1, 7, 1, 8, 9, 8, 1, 8, 3, 6, 2, 9, 4, 9, 4, 3, 6, 0, 8, 5, 7, 6, 6, 8, 6, 1, 6, 3, 3, 3, 4, 2, 9, 4, 3, 1, 1, 8, 6, 4, 6, 3, 5, 8, 2, 3, 3, 9, 7, 9, 8, 6, 2, 1, 4, 3, 1, 6, 0]
source: v, correct: 154 out of 200
[5, 7, 7, 6, 4, 6, 6, 5, 8, 1, 8, 0, 6, 9, 9, 8, 2, 8, 7, 3, 5, 1, 3, 5, 2, 2, 1, 9, 9, 9, 3, 1, 6, 4, 3, 1, 6, 5, 9, 0, 3, 0, 3, 9, 2, 2, 9, 6, 4, 8, 5, 8, 2, 5, 0, 0, 6, 0, 2, 8, 2, 0, 5, 2, 6, 6, 6, 8, 0, 5, 1, 4, 5, 7, 2, 2, 6, 0, 5, 3, 6, 0, 2, 0, 3, 5, 9, 7, 7, 3, 3, 4, 5, 2, 7, 4, 7, 0, 0, 8, 7, 3, 9, 2, 6, 6, 5, 9, 1, 9, 5, 8, 9, 8, 0, 4, 1, 9, 5, 2, 8, 4, 7, 2, 2, 5, 5, 4, 8, 8, 5, 8, 2, 9, 5, 0, 1, 2, 0, 0, 0, 2, 7, 2, 8, 9, 8, 2, 8, 3, 6, 1, 9, 4, 9, 4, 3, 6, 0, 8, 5, 7, 6, 6, 8, 6, 2, 6, 3, 3, 3, 4, 1, 9, 4, 3, 2, 2, 8, 6, 4, 6, 3, 5, 8, 1, 3, 3, 9, 7, 9, 8, 6, 1, 2, 4, 3, 2, 6, 0]
[5, 7, 7, 6, 4, 6, 6, 5, 8, 2, 8, 0, 6, 9, 9, 8, 2, 8, 7, 3, 5, 2, 3, 5, 2, 0, 2, 9, 9, 9, 3, 2, 7, 7, 3, 0, 6, 5, 9, 0, 3, 0, 3, 9, 1, 1, 9, 7, 4, 8, 5, 8, 2, 5, 0, 0, 4, 0, 0, 8, 2, 0, 5, 1, 6, 7, 7, 8, 2, 5, 2, 4, 5, 7, 1, 1, 6, 0, 5, 3, 6, 0, 1, 0, 3, 5, 9, 7, 0, 3, 3, 4, 5, 2, 7, 4, 7, 0, 0, 9, 7, 3, 9, 1, 6, 6, 5, 9, 2, 9, 5, 8, 9, 8, 0, 7, 2, 9, 5, 2, 8, 4, 7, 0, 2, 5, 5, 4, 8, 8, 5, 8, 2, 9, 5, 0, 2, 0, 0, 0, 2, 2, 7, 2, 8, 9, 8, 1, 8, 3, 7, 2, 9, 4, 9, 7, 3, 6, 0, 8, 5, 7, 0, 6, 8, 6, 1, 7, 3, 3, 3, 4, 2, 9, 4, 3, 0, 1, 8, 6, 7, 6, 3, 5, 8, 2, 3, 7, 9, 7, 9, 8, 6, 2, 2, 4, 3, 2, 7, 0]
n=7, accuracy_a=0.8, accuracy_v=0.77
Hebbian model with 8 presentations.
Training...
Evaluating...
source: a, correct: 187 out of 200
[5, 7, 7, 6, 4, 6, 6, 5, 8, 1, 8, 0, 6, 9, 9, 8, 2, 8, 7, 3, 5, 1, 3, 5, 2, 2, 1, 9, 9, 9, 3, 1, 6, 4, 3, 1, 6, 5, 9, 0, 3, 0, 3, 9, 2, 2, 9, 6, 4, 8, 5, 8, 2, 5, 0, 0, 6, 0, 2, 8, 2, 0, 5, 2, 6, 6, 6, 8, 0, 5, 1, 4, 5, 7, 2, 2, 6, 0, 5, 3, 6, 0, 2, 0, 3, 5, 9, 7, 7, 3, 3, 4, 5, 2, 7, 4, 7, 0, 0, 8, 7, 3, 9, 2, 6, 6, 5, 9, 1, 9, 5, 8, 9, 8, 0, 4, 1, 9, 5, 2, 8, 4, 7, 2, 2, 5, 5, 4, 8, 8, 5, 8, 2, 9, 5, 0, 1, 2, 0, 0, 0, 2, 7, 2, 8, 9, 8, 2, 8, 3, 6, 1, 9, 4, 9, 4, 3, 6, 0, 8, 5, 7, 6, 6, 8, 6, 2, 6, 3, 3, 3, 4, 1, 9, 4, 3, 2, 2, 8, 6, 4, 6, 3, 5, 8, 1, 3, 3, 9, 7, 9, 8, 6, 1, 2, 4, 3, 2, 6, 0]
[5, 7, 7, 6, 4, 6, 6, 5, 8, 2, 8, 0, 6, 9, 9, 8, 2, 8, 7, 3, 5, 2, 3, 5, 2, 2, 2, 9, 9, 9, 3, 2, 6, 4, 3, 2, 6, 5, 9, 0, 3, 0, 3, 9, 2, 2, 9, 6, 4, 8, 5, 8, 2, 5, 0, 0, 6, 0, 2, 8, 2, 0, 5, 2, 6, 6, 6, 8, 0, 5, 2, 4, 5, 7, 2, 2, 6, 0, 5, 3, 6, 0, 2, 0, 3, 5, 9, 7, 7, 3, 3, 4, 5, 2, 7, 4, 7, 0, 0, 8, 7, 3, 9, 2, 6, 6, 5, 9, 2, 9, 5, 8, 9, 8, 0, 4, 2, 9, 5, 2, 8, 4, 7, 2, 2, 5, 5, 4, 8, 8, 5, 8, 2, 9, 5, 0, 2, 2, 0, 0, 0, 2, 7, 2, 8, 9, 8, 2, 8, 3, 6, 2, 9, 4, 9, 4, 3, 6, 0, 8, 5, 7, 6, 6, 8, 6, 2, 6, 3, 3, 3, 4, 2, 9, 4, 3, 2, 2, 8, 6, 4, 6, 3, 5, 8, 2, 3, 3, 9, 7, 9, 8, 6, 2, 2, 4, 3, 2, 6, 0]
source: v, correct: 151 out of 200
[5, 7, 7, 6, 4, 6, 6, 5, 8, 1, 8, 0, 6, 9, 9, 8, 2, 8, 7, 3, 5, 1, 3, 5, 2, 2, 1, 9, 9, 9, 3, 1, 6, 4, 3, 1, 6, 5, 9, 0, 3, 0, 3, 9, 2, 2, 9, 6, 4, 8, 5, 8, 2, 5, 0, 0, 6, 0, 2, 8, 2, 0, 5, 2, 6, 6, 6, 8, 0, 5, 1, 4, 5, 7, 2, 2, 6, 0, 5, 3, 6, 0, 2, 0, 3, 5, 9, 7, 7, 3, 3, 4, 5, 2, 7, 4, 7, 0, 0, 8, 7, 3, 9, 2, 6, 6, 5, 9, 1, 9, 5, 8, 9, 8, 0, 4, 1, 9, 5, 2, 8, 4, 7, 2, 2, 5, 5, 4, 8, 8, 5, 8, 2, 9, 5, 0, 1, 2, 0, 0, 0, 2, 7, 2, 8, 9, 8, 2, 8, 3, 6, 1, 9, 4, 9, 4, 3, 6, 0, 8, 5, 7, 6, 6, 8, 6, 2, 6, 3, 3, 3, 4, 1, 9, 4, 3, 2, 2, 8, 6, 4, 6, 3, 5, 8, 1, 3, 3, 9, 7, 9, 8, 6, 1, 2, 4, 3, 2, 6, 0]
[5, 7, 7, 6, 4, 6, 6, 5, 8, 2, 8, 0, 6, 8, 9, 8, 1, 8, 7, 3, 5, 2, 3, 5, 2, 2, 2, 9, 9, 9, 3, 2, 7, 7, 3, 0, 6, 5, 9, 0, 3, 0, 3, 9, 1, 1, 9, 6, 4, 8, 5, 8, 1, 5, 0, 0, 4, 0, 0, 8, 1, 0, 5, 1, 6, 7, 7, 8, 0, 5, 1, 4, 5, 7, 1, 1, 6, 0, 5, 3, 6, 0, 1, 0, 3, 5, 9, 7, 0, 3, 3, 4, 5, 1, 7, 4, 7, 0, 0, 9, 7, 3, 9, 1, 6, 6, 5, 9, 2, 9, 5, 8, 9, 8, 0, 6, 1, 9, 5, 2, 8, 4, 7, 1, 1, 5, 5, 4, 8, 8, 5, 8, 1, 9, 5, 0, 2, 0, 0, 0, 2, 2, 7, 2, 8, 9, 8, 1, 8, 3, 7, 2, 9, 4, 9, 7, 3, 6, 0, 8, 5, 7, 0, 6, 8, 6, 1, 7, 3, 3, 3, 4, 2, 9, 4, 3, 0, 1, 8, 6, 7, 6, 3, 5, 8, 2, 3, 7, 9, 7, 9, 8, 6, 2, 2, 4, 3, 1, 7, 0]
n=8, accuracy_a=0.935, accuracy_v=0.755
Hebbian model with 9 presentations.
Training...
Evaluating...
source: a, correct: 172 out of 200
[5, 7, 7, 6, 4, 6, 6, 5, 8, 1, 8, 0, 6, 9, 9, 8, 2, 8, 7, 3, 5, 1, 3, 5, 2, 2, 1, 9, 9, 9, 3, 1, 6, 4, 3, 1, 6, 5, 9, 0, 3, 0, 3, 9, 2, 2, 9, 6, 4, 8, 5, 8, 2, 5, 0, 0, 6, 0, 2, 8, 2, 0, 5, 2, 6, 6, 6, 8, 0, 5, 1, 4, 5, 7, 2, 2, 6, 0, 5, 3, 6, 0, 2, 0, 3, 5, 9, 7, 7, 3, 3, 4, 5, 2, 7, 4, 7, 0, 0, 8, 7, 3, 9, 2, 6, 6, 5, 9, 1, 9, 5, 8, 9, 8, 0, 4, 1, 9, 5, 2, 8, 4, 7, 2, 2, 5, 5, 4, 8, 8, 5, 8, 2, 9, 5, 0, 1, 2, 0, 0, 0, 2, 7, 2, 8, 9, 8, 2, 8, 3, 6, 1, 9, 4, 9, 4, 3, 6, 0, 8, 5, 7, 6, 6, 8, 6, 2, 6, 3, 3, 3, 4, 1, 9, 4, 3, 2, 2, 8, 6, 4, 6, 3, 5, 8, 1, 3, 3, 9, 7, 9, 8, 6, 1, 2, 4, 3, 2, 6, 0]
[5, 7, 7, 6, 4, 6, 6, 5, 8, 2, 8, 0, 6, 9, 9, 8, 2, 8, 7, 3, 5, 2, 3, 5, 1, 1, 2, 9, 9, 9, 3, 2, 6, 4, 3, 2, 6, 5, 9, 0, 3, 0, 3, 9, 1, 1, 9, 6, 4, 8, 5, 8, 2, 5, 0, 0, 6, 0, 2, 8, 2, 0, 5, 2, 6, 6, 6, 8, 0, 5, 2, 4, 5, 7, 1, 2, 6, 0, 5, 3, 6, 0, 2, 0, 3, 5, 9, 7, 7, 3, 3, 4, 5, 1, 7, 4, 7, 0, 0, 8, 7, 3, 9, 2, 6, 6, 5, 9, 2, 9, 5, 8, 9, 8, 0, 4, 2, 9, 5, 1, 8, 4, 7, 1, 1, 5, 5, 4, 8, 8, 5, 8, 1, 9, 5, 0, 2, 2, 0, 0, 0, 1, 7, 2, 8, 9, 8, 1, 8, 3, 6, 2, 9, 4, 9, 4, 3, 6, 0, 8, 5, 7, 6, 6, 8, 6, 2, 6, 3, 3, 3, 4, 2, 9, 4, 3, 1, 2, 8, 6, 4, 6, 3, 5, 8, 2, 3, 3, 9, 7, 9, 8, 6, 2, 1, 4, 3, 1, 6, 0]
source: v, correct: 149 out of 200
[5, 7, 7, 6, 4, 6, 6, 5, 8, 1, 8, 0, 6, 9, 9, 8, 2, 8, 7, 3, 5, 1, 3, 5, 2, 2, 1, 9, 9, 9, 3, 1, 6, 4, 3, 1, 6, 5, 9, 0, 3, 0, 3, 9, 2, 2, 9, 6, 4, 8, 5, 8, 2, 5, 0, 0, 6, 0, 2, 8, 2, 0, 5, 2, 6, 6, 6, 8, 0, 5, 1, 4, 5, 7, 2, 2, 6, 0, 5, 3, 6, 0, 2, 0, 3, 5, 9, 7, 7, 3, 3, 4, 5, 2, 7, 4, 7, 0, 0, 8, 7, 3, 9, 2, 6, 6, 5, 9, 1, 9, 5, 8, 9, 8, 0, 4, 1, 9, 5, 2, 8, 4, 7, 2, 2, 5, 5, 4, 8, 8, 5, 8, 2, 9, 5, 0, 1, 2, 0, 0, 0, 2, 7, 2, 8, 9, 8, 2, 8, 3, 6, 1, 9, 4, 9, 4, 3, 6, 0, 8, 5, 7, 6, 6, 8, 6, 2, 6, 3, 3, 3, 4, 1, 9, 4, 3, 2, 2, 8, 6, 4, 6, 3, 5, 8, 1, 3, 3, 9, 7, 9, 8, 6, 1, 2, 4, 3, 2, 6, 0]
[5, 7, 7, 6, 4, 6, 6, 5, 8, 2, 8, 0, 6, 8, 3, 8, 1, 8, 7, 3, 5, 2, 3, 5, 0, 0, 2, 9, 9, 9, 3, 2, 7, 7, 3, 0, 6, 5, 9, 0, 3, 0, 3, 9, 1, 1, 9, 6, 4, 8, 5, 8, 1, 5, 0, 0, 4, 0, 0, 8, 1, 0, 5, 1, 6, 7, 7, 8, 0, 5, 1, 4, 5, 7, 1, 1, 6, 0, 5, 3, 6, 0, 1, 0, 3, 5, 9, 7, 0, 3, 3, 4, 5, 2, 7, 4, 7, 0, 0, 9, 7, 3, 9, 1, 6, 6, 5, 9, 2, 9, 5, 8, 9, 8, 0, 6, 1, 9, 5, 2, 8, 4, 7, 1, 1, 5, 5, 4, 8, 8, 5, 8, 1, 9, 5, 0, 0, 0, 0, 0, 2, 2, 7, 2, 8, 9, 8, 1, 8, 3, 7, 2, 9, 4, 9, 7, 3, 6, 0, 8, 5, 7, 0, 6, 8, 6, 1, 7, 3, 3, 3, 4, 2, 9, 4, 3, 0, 1, 8, 6, 7, 6, 3, 5, 3, 2, 3, 7, 9, 7, 9, 8, 6, 2, 2, 4, 3, 2, 0, 0]
n=9, accuracy_a=0.86, accuracy_v=0.745
Hebbian model with 10 presentations.
Training...
Evaluating...
source: a, correct: 189 out of 200
[5, 7, 7, 6, 4, 6, 6, 5, 8, 1, 8, 0, 6, 9, 9, 8, 2, 8, 7, 3, 5, 1, 3, 5, 2, 2, 1, 9, 9, 9, 3, 1, 6, 4, 3, 1, 6, 5, 9, 0, 3, 0, 3, 9, 2, 2, 9, 6, 4, 8, 5, 8, 2, 5, 0, 0, 6, 0, 2, 8, 2, 0, 5, 2, 6, 6, 6, 8, 0, 5, 1, 4, 5, 7, 2, 2, 6, 0, 5, 3, 6, 0, 2, 0, 3, 5, 9, 7, 7, 3, 3, 4, 5, 2, 7, 4, 7, 0, 0, 8, 7, 3, 9, 2, 6, 6, 5, 9, 1, 9, 5, 8, 9, 8, 0, 4, 1, 9, 5, 2, 8, 4, 7, 2, 2, 5, 5, 4, 8, 8, 5, 8, 2, 9, 5, 0, 1, 2, 0, 0, 0, 2, 7, 2, 8, 9, 8, 2, 8, 3, 6, 1, 9, 4, 9, 4, 3, 6, 0, 8, 5, 7, 6, 6, 8, 6, 2, 6, 3, 3, 3, 4, 1, 9, 4, 3, 2, 2, 8, 6, 4, 6, 3, 5, 8, 1, 3, 3, 9, 7, 9, 8, 6, 1, 2, 4, 3, 2, 6, 0]
[5, 7, 7, 6, 4, 6, 6, 5, 8, 1, 8, 0, 6, 9, 9, 8, 2, 8, 7, 3, 5, 1, 3, 5, 1, 1, 1, 9, 9, 9, 3, 1, 6, 4, 3, 1, 6, 5, 9, 0, 3, 0, 3, 9, 1, 1, 9, 6, 4, 8, 5, 8, 2, 5, 0, 0, 6, 0, 2, 8, 2, 0, 5, 2, 6, 6, 6, 8, 0, 5, 1, 4, 5, 7, 1, 2, 6, 0, 5, 3, 6, 0, 2, 0, 3, 5, 9, 7, 7, 3, 3, 4, 5, 1, 7, 4, 7, 0, 0, 8, 7, 3, 9, 2, 6, 6, 5, 9, 1, 9, 5, 8, 9, 8, 0, 4, 1, 9, 5, 1, 8, 4, 7, 1, 2, 5, 5, 4, 8, 8, 5, 8, 2, 9, 5, 0, 1, 2, 0, 0, 0, 1, 7, 2, 8, 9, 8, 1, 8, 3, 6, 1, 9, 4, 9, 4, 3, 6, 0, 8, 5, 7, 6, 6, 8, 6, 2, 6, 3, 3, 3, 4, 1, 9, 4, 3, 2, 2, 8, 6, 4, 6, 3, 5, 8, 1, 3, 3, 9, 7, 9, 8, 6, 1, 1, 4, 3, 2, 6, 0]
source: v, correct: 153 out of 200
[5, 7, 7, 6, 4, 6, 6, 5, 8, 1, 8, 0, 6, 9, 9, 8, 2, 8, 7, 3, 5, 1, 3, 5, 2, 2, 1, 9, 9, 9, 3, 1, 6, 4, 3, 1, 6, 5, 9, 0, 3, 0, 3, 9, 2, 2, 9, 6, 4, 8, 5, 8, 2, 5, 0, 0, 6, 0, 2, 8, 2, 0, 5, 2, 6, 6, 6, 8, 0, 5, 1, 4, 5, 7, 2, 2, 6, 0, 5, 3, 6, 0, 2, 0, 3, 5, 9, 7, 7, 3, 3, 4, 5, 2, 7, 4, 7, 0, 0, 8, 7, 3, 9, 2, 6, 6, 5, 9, 1, 9, 5, 8, 9, 8, 0, 4, 1, 9, 5, 2, 8, 4, 7, 2, 2, 5, 5, 4, 8, 8, 5, 8, 2, 9, 5, 0, 1, 2, 0, 0, 0, 2, 7, 2, 8, 9, 8, 2, 8, 3, 6, 1, 9, 4, 9, 4, 3, 6, 0, 8, 5, 7, 6, 6, 8, 6, 2, 6, 3, 3, 3, 4, 1, 9, 4, 3, 2, 2, 8, 6, 4, 6, 3, 5, 8, 1, 3, 3, 9, 7, 9, 8, 6, 1, 2, 4, 3, 2, 6, 0]
[5, 7, 7, 6, 4, 6, 6, 5, 8, 2, 8, 0, 6, 8, 8, 8, 2, 8, 7, 3, 5, 2, 3, 5, 0, 0, 2, 9, 9, 9, 3, 2, 7, 7, 3, 0, 6, 5, 9, 0, 3, 0, 3, 9, 1, 1, 9, 6, 4, 8, 5, 8, 1, 5, 0, 0, 4, 0, 1, 8, 2, 0, 5, 1, 6, 7, 7, 8, 0, 5, 1, 4, 5, 7, 1, 1, 6, 0, 5, 3, 6, 0, 1, 0, 3, 5, 9, 7, 0, 3, 3, 4, 5, 2, 7, 4, 7, 0, 0, 8, 7, 3, 9, 1, 6, 6, 5, 9, 2, 9, 5, 8, 9, 8, 0, 6, 1, 9, 5, 2, 8, 4, 7, 1, 2, 5, 5, 4, 8, 8, 5, 8, 1, 9, 5, 0, 0, 0, 0, 0, 2, 2, 7, 2, 8, 9, 8, 1, 8, 3, 7, 2, 9, 4, 9, 7, 3, 6, 0, 8, 5, 7, 0, 6, 8, 6, 1, 7, 3, 3, 3, 4, 2, 9, 4, 3, 0, 1, 8, 6, 7, 6, 3, 5, 8, 2, 3, 7, 9, 7, 9, 8, 6, 2, 1, 4, 3, 2, 0, 0]
n=10, accuracy_a=0.945, accuracy_v=0.765
Hebbian model with 11 presentations.
Training...
Evaluating...
source: a, correct: 200 out of 200
[5, 7, 7, 6, 4, 6, 6, 5, 8, 1, 8, 0, 6, 9, 9, 8, 2, 8, 7, 3, 5, 1, 3, 5, 2, 2, 1, 9, 9, 9, 3, 1, 6, 4, 3, 1, 6, 5, 9, 0, 3, 0, 3, 9, 2, 2, 9, 6, 4, 8, 5, 8, 2, 5, 0, 0, 6, 0, 2, 8, 2, 0, 5, 2, 6, 6, 6, 8, 0, 5, 1, 4, 5, 7, 2, 2, 6, 0, 5, 3, 6, 0, 2, 0, 3, 5, 9, 7, 7, 3, 3, 4, 5, 2, 7, 4, 7, 0, 0, 8, 7, 3, 9, 2, 6, 6, 5, 9, 1, 9, 5, 8, 9, 8, 0, 4, 1, 9, 5, 2, 8, 4, 7, 2, 2, 5, 5, 4, 8, 8, 5, 8, 2, 9, 5, 0, 1, 2, 0, 0, 0, 2, 7, 2, 8, 9, 8, 2, 8, 3, 6, 1, 9, 4, 9, 4, 3, 6, 0, 8, 5, 7, 6, 6, 8, 6, 2, 6, 3, 3, 3, 4, 1, 9, 4, 3, 2, 2, 8, 6, 4, 6, 3, 5, 8, 1, 3, 3, 9, 7, 9, 8, 6, 1, 2, 4, 3, 2, 6, 0]
[5, 7, 7, 6, 4, 6, 6, 5, 8, 1, 8, 0, 6, 9, 9, 8, 2, 8, 7, 3, 5, 1, 3, 5, 2, 2, 1, 9, 9, 9, 3, 1, 6, 4, 3, 1, 6, 5, 9, 0, 3, 0, 3, 9, 2, 2, 9, 6, 4, 8, 5, 8, 2, 5, 0, 0, 6, 0, 2, 8, 2, 0, 5, 2, 6, 6, 6, 8, 0, 5, 1, 4, 5, 7, 2, 2, 6, 0, 5, 3, 6, 0, 2, 0, 3, 5, 9, 7, 7, 3, 3, 4, 5, 2, 7, 4, 7, 0, 0, 8, 7, 3, 9, 2, 6, 6, 5, 9, 1, 9, 5, 8, 9, 8, 0, 4, 1, 9, 5, 2, 8, 4, 7, 2, 2, 5, 5, 4, 8, 8, 5, 8, 2, 9, 5, 0, 1, 2, 0, 0, 0, 2, 7, 2, 8, 9, 8, 2, 8, 3, 6, 1, 9, 4, 9, 4, 3, 6, 0, 8, 5, 7, 6, 6, 8, 6, 2, 6, 3, 3, 3, 4, 1, 9, 4, 3, 2, 2, 8, 6, 4, 6, 3, 5, 8, 1, 3, 3, 9, 7, 9, 8, 6, 1, 2, 4, 3, 2, 6, 0]
source: v, correct: 151 out of 200
[5, 7, 7, 6, 4, 6, 6, 5, 8, 1, 8, 0, 6, 9, 9, 8, 2, 8, 7, 3, 5, 1, 3, 5, 2, 2, 1, 9, 9, 9, 3, 1, 6, 4, 3, 1, 6, 5, 9, 0, 3, 0, 3, 9, 2, 2, 9, 6, 4, 8, 5, 8, 2, 5, 0, 0, 6, 0, 2, 8, 2, 0, 5, 2, 6, 6, 6, 8, 0, 5, 1, 4, 5, 7, 2, 2, 6, 0, 5, 3, 6, 0, 2, 0, 3, 5, 9, 7, 7, 3, 3, 4, 5, 2, 7, 4, 7, 0, 0, 8, 7, 3, 9, 2, 6, 6, 5, 9, 1, 9, 5, 8, 9, 8, 0, 4, 1, 9, 5, 2, 8, 4, 7, 2, 2, 5, 5, 4, 8, 8, 5, 8, 2, 9, 5, 0, 1, 2, 0, 0, 0, 2, 7, 2, 8, 9, 8, 2, 8, 3, 6, 1, 9, 4, 9, 4, 3, 6, 0, 8, 5, 7, 6, 6, 8, 6, 2, 6, 3, 3, 3, 4, 1, 9, 4, 3, 2, 2, 8, 6, 4, 6, 3, 5, 8, 1, 3, 3, 9, 7, 9, 8, 6, 1, 2, 4, 3, 2, 6, 0]
[0, 7, 7, 6, 4, 6, 6, 5, 8, 2, 8, 0, 6, 8, 8, 8, 2, 8, 7, 3, 5, 2, 3, 5, 0, 0, 2, 9, 9, 9, 3, 2, 0, 7, 3, 0, 6, 5, 9, 0, 3, 0, 3, 9, 1, 1, 9, 6, 4, 8, 5, 8, 1, 5, 0, 0, 4, 0, 1, 8, 2, 0, 5, 1, 6, 7, 7, 8, 0, 5, 1, 4, 5, 7, 1, 1, 6, 0, 5, 3, 6, 0, 1, 0, 3, 5, 9, 7, 0, 3, 3, 4, 5, 1, 7, 4, 7, 0, 0, 9, 7, 3, 9, 1, 6, 6, 5, 9, 2, 9, 5, 8, 9, 8, 0, 6, 1, 9, 5, 2, 8, 4, 7, 1, 2, 5, 5, 4, 8, 8, 5, 8, 1, 9, 5, 0, 0, 0, 0, 0, 2, 2, 7, 2, 8, 9, 8, 1, 8, 3, 7, 2, 9, 4, 9, 7, 3, 6, 0, 8, 5, 7, 0, 6, 8, 6, 1, 7, 3, 3, 3, 4, 2, 9, 4, 3, 0, 1, 8, 6, 7, 6, 3, 5, 8, 1, 3, 7, 9, 7, 9, 8, 6, 2, 1, 4, 3, 2, 0, 0]
n=11, accuracy_a=1.0, accuracy_v=0.755
Hebbian model with 12 presentations.
Training...
Evaluating...
source: a, correct: 200 out of 200
[5, 7, 7, 6, 4, 6, 6, 5, 8, 1, 8, 0, 6, 9, 9, 8, 2, 8, 7, 3, 5, 1, 3, 5, 2, 2, 1, 9, 9, 9, 3, 1, 6, 4, 3, 1, 6, 5, 9, 0, 3, 0, 3, 9, 2, 2, 9, 6, 4, 8, 5, 8, 2, 5, 0, 0, 6, 0, 2, 8, 2, 0, 5, 2, 6, 6, 6, 8, 0, 5, 1, 4, 5, 7, 2, 2, 6, 0, 5, 3, 6, 0, 2, 0, 3, 5, 9, 7, 7, 3, 3, 4, 5, 2, 7, 4, 7, 0, 0, 8, 7, 3, 9, 2, 6, 6, 5, 9, 1, 9, 5, 8, 9, 8, 0, 4, 1, 9, 5, 2, 8, 4, 7, 2, 2, 5, 5, 4, 8, 8, 5, 8, 2, 9, 5, 0, 1, 2, 0, 0, 0, 2, 7, 2, 8, 9, 8, 2, 8, 3, 6, 1, 9, 4, 9, 4, 3, 6, 0, 8, 5, 7, 6, 6, 8, 6, 2, 6, 3, 3, 3, 4, 1, 9, 4, 3, 2, 2, 8, 6, 4, 6, 3, 5, 8, 1, 3, 3, 9, 7, 9, 8, 6, 1, 2, 4, 3, 2, 6, 0]
[5, 7, 7, 6, 4, 6, 6, 5, 8, 1, 8, 0, 6, 9, 9, 8, 2, 8, 7, 3, 5, 1, 3, 5, 2, 2, 1, 9, 9, 9, 3, 1, 6, 4, 3, 1, 6, 5, 9, 0, 3, 0, 3, 9, 2, 2, 9, 6, 4, 8, 5, 8, 2, 5, 0, 0, 6, 0, 2, 8, 2, 0, 5, 2, 6, 6, 6, 8, 0, 5, 1, 4, 5, 7, 2, 2, 6, 0, 5, 3, 6, 0, 2, 0, 3, 5, 9, 7, 7, 3, 3, 4, 5, 2, 7, 4, 7, 0, 0, 8, 7, 3, 9, 2, 6, 6, 5, 9, 1, 9, 5, 8, 9, 8, 0, 4, 1, 9, 5, 2, 8, 4, 7, 2, 2, 5, 5, 4, 8, 8, 5, 8, 2, 9, 5, 0, 1, 2, 0, 0, 0, 2, 7, 2, 8, 9, 8, 2, 8, 3, 6, 1, 9, 4, 9, 4, 3, 6, 0, 8, 5, 7, 6, 6, 8, 6, 2, 6, 3, 3, 3, 4, 1, 9, 4, 3, 2, 2, 8, 6, 4, 6, 3, 5, 8, 1, 3, 3, 9, 7, 9, 8, 6, 1, 2, 4, 3, 2, 6, 0]
source: v, correct: 147 out of 200
[5, 7, 7, 6, 4, 6, 6, 5, 8, 1, 8, 0, 6, 9, 9, 8, 2, 8, 7, 3, 5, 1, 3, 5, 2, 2, 1, 9, 9, 9, 3, 1, 6, 4, 3, 1, 6, 5, 9, 0, 3, 0, 3, 9, 2, 2, 9, 6, 4, 8, 5, 8, 2, 5, 0, 0, 6, 0, 2, 8, 2, 0, 5, 2, 6, 6, 6, 8, 0, 5, 1, 4, 5, 7, 2, 2, 6, 0, 5, 3, 6, 0, 2, 0, 3, 5, 9, 7, 7, 3, 3, 4, 5, 2, 7, 4, 7, 0, 0, 8, 7, 3, 9, 2, 6, 6, 5, 9, 1, 9, 5, 8, 9, 8, 0, 4, 1, 9, 5, 2, 8, 4, 7, 2, 2, 5, 5, 4, 8, 8, 5, 8, 2, 9, 5, 0, 1, 2, 0, 0, 0, 2, 7, 2, 8, 9, 8, 2, 8, 3, 6, 1, 9, 4, 9, 4, 3, 6, 0, 8, 5, 7, 6, 6, 8, 6, 2, 6, 3, 3, 3, 4, 1, 9, 4, 3, 2, 2, 8, 6, 4, 6, 3, 5, 8, 1, 3, 3, 9, 7, 9, 8, 6, 1, 2, 4, 3, 2, 6, 0]
[5, 7, 7, 6, 4, 6, 6, 5, 8, 2, 8, 0, 6, 8, 8, 8, 1, 8, 7, 3, 5, 2, 3, 5, 0, 0, 2, 9, 9, 9, 3, 0, 7, 7, 3, 0, 6, 5, 9, 0, 3, 0, 3, 9, 1, 1, 9, 6, 4, 8, 5, 8, 1, 5, 0, 0, 4, 0, 1, 8, 1, 0, 5, 1, 6, 7, 7, 8, 0, 5, 1, 4, 5, 7, 1, 1, 6, 0, 5, 3, 6, 0, 1, 0, 3, 5, 9, 7, 0, 3, 3, 4, 5, 1, 7, 4, 7, 0, 0, 9, 7, 3, 9, 1, 6, 6, 5, 9, 1, 9, 5, 8, 9, 8, 0, 6, 1, 9, 5, 1, 8, 4, 7, 1, 2, 5, 5, 4, 8, 8, 5, 8, 1, 9, 5, 0, 0, 0, 0, 0, 2, 1, 7, 1, 8, 9, 8, 1, 8, 3, 7, 2, 9, 4, 9, 7, 3, 6, 0, 8, 5, 7, 0, 6, 8, 6, 1, 7, 3, 3, 3, 4, 2, 9, 4, 3, 0, 1, 8, 6, 7, 6, 3, 5, 8, 1, 3, 7, 9, 7, 9, 8, 6, 2, 1, 4, 3, 1, 0, 0]
n=12, accuracy_a=1.0, accuracy_v=0.735
Hebbian model with 13 presentations.
Training...
Evaluating...
source: a, correct: 195 out of 200
[5, 7, 7, 6, 4, 6, 6, 5, 8, 1, 8, 0, 6, 9, 9, 8, 2, 8, 7, 3, 5, 1, 3, 5, 2, 2, 1, 9, 9, 9, 3, 1, 6, 4, 3, 1, 6, 5, 9, 0, 3, 0, 3, 9, 2, 2, 9, 6, 4, 8, 5, 8, 2, 5, 0, 0, 6, 0, 2, 8, 2, 0, 5, 2, 6, 6, 6, 8, 0, 5, 1, 4, 5, 7, 2, 2, 6, 0, 5, 3, 6, 0, 2, 0, 3, 5, 9, 7, 7, 3, 3, 4, 5, 2, 7, 4, 7, 0, 0, 8, 7, 3, 9, 2, 6, 6, 5, 9, 1, 9, 5, 8, 9, 8, 0, 4, 1, 9, 5, 2, 8, 4, 7, 2, 2, 5, 5, 4, 8, 8, 5, 8, 2, 9, 5, 0, 1, 2, 0, 0, 0, 2, 7, 2, 8, 9, 8, 2, 8, 3, 6, 1, 9, 4, 9, 4, 3, 6, 0, 8, 5, 7, 6, 6, 8, 6, 2, 6, 3, 3, 3, 4, 1, 9, 4, 3, 2, 2, 8, 6, 4, 6, 3, 5, 8, 1, 3, 3, 9, 7, 9, 8, 6, 1, 2, 4, 3, 2, 6, 0]
[5, 7, 7, 6, 4, 6, 6, 5, 8, 1, 8, 0, 6, 9, 9, 8, 2, 8, 7, 3, 5, 1, 3, 5, 1, 1, 1, 9, 9, 9, 3, 1, 6, 4, 3, 1, 6, 5, 9, 0, 3, 0, 3, 9, 2, 2, 9, 6, 4, 8, 5, 8, 2, 5, 0, 0, 6, 0, 2, 8, 2, 0, 5, 2, 6, 6, 6, 8, 0, 5, 1, 4, 5, 7, 1, 2, 6, 0, 5, 3, 6, 0, 2, 0, 3, 5, 9, 7, 7, 3, 3, 4, 5, 1, 7, 4, 7, 0, 0, 8, 7, 3, 9, 2, 6, 6, 5, 9, 1, 9, 5, 8, 9, 8, 0, 4, 1, 9, 5, 2, 8, 4, 7, 1, 2, 5, 5, 4, 8, 8, 5, 8, 2, 9, 5, 0, 1, 2, 0, 0, 0, 2, 7, 2, 8, 9, 8, 2, 8, 3, 6, 1, 9, 4, 9, 4, 3, 6, 0, 8, 5, 7, 6, 6, 8, 6, 2, 6, 3, 3, 3, 4, 1, 9, 4, 3, 2, 2, 8, 6, 4, 6, 3, 5, 8, 1, 3, 3, 9, 7, 9, 8, 6, 1, 2, 4, 3, 2, 6, 0]
source: v, correct: 155 out of 200
[5, 7, 7, 6, 4, 6, 6, 5, 8, 1, 8, 0, 6, 9, 9, 8, 2, 8, 7, 3, 5, 1, 3, 5, 2, 2, 1, 9, 9, 9, 3, 1, 6, 4, 3, 1, 6, 5, 9, 0, 3, 0, 3, 9, 2, 2, 9, 6, 4, 8, 5, 8, 2, 5, 0, 0, 6, 0, 2, 8, 2, 0, 5, 2, 6, 6, 6, 8, 0, 5, 1, 4, 5, 7, 2, 2, 6, 0, 5, 3, 6, 0, 2, 0, 3, 5, 9, 7, 7, 3, 3, 4, 5, 2, 7, 4, 7, 0, 0, 8, 7, 3, 9, 2, 6, 6, 5, 9, 1, 9, 5, 8, 9, 8, 0, 4, 1, 9, 5, 2, 8, 4, 7, 2, 2, 5, 5, 4, 8, 8, 5, 8, 2, 9, 5, 0, 1, 2, 0, 0, 0, 2, 7, 2, 8, 9, 8, 2, 8, 3, 6, 1, 9, 4, 9, 4, 3, 6, 0, 8, 5, 7, 6, 6, 8, 6, 2, 6, 3, 3, 3, 4, 1, 9, 4, 3, 2, 2, 8, 6, 4, 6, 3, 5, 8, 1, 3, 3, 9, 7, 9, 8, 6, 1, 2, 4, 3, 2, 6, 0]
[0, 7, 7, 6, 4, 6, 6, 5, 8, 2, 8, 0, 6, 9, 3, 8, 2, 8, 7, 3, 5, 1, 3, 5, 0, 0, 2, 9, 9, 9, 3, 0, 6, 7, 3, 0, 6, 5, 9, 0, 3, 0, 3, 9, 1, 1, 9, 6, 4, 8, 5, 8, 1, 5, 0, 0, 6, 0, 1, 8, 2, 0, 5, 1, 6, 7, 7, 8, 0, 5, 1, 4, 5, 7, 1, 1, 6, 0, 5, 3, 6, 0, 1, 0, 3, 5, 9, 7, 0, 3, 3, 4, 5, 1, 7, 4, 7, 0, 0, 9, 7, 3, 9, 1, 6, 6, 5, 9, 1, 9, 5, 8, 9, 8, 0, 6, 1, 9, 5, 1, 8, 4, 7, 1, 2, 5, 5, 4, 8, 8, 5, 8, 1, 9, 5, 0, 0, 0, 0, 0, 1, 1, 7, 1, 8, 9, 8, 1, 8, 3, 7, 1, 9, 4, 9, 7, 3, 6, 0, 8, 5, 7, 0, 6, 8, 6, 1, 7, 3, 3, 3, 4, 1, 9, 4, 3, 0, 1, 8, 6, 7, 6, 3, 5, 3, 1, 3, 7, 9, 7, 9, 8, 6, 1, 1, 4, 3, 2, 0, 0]
n=13, accuracy_a=0.975, accuracy_v=0.775
Hebbian model with 14 presentations.
Training...
Evaluating...
source: a, correct: 178 out of 200
[5, 7, 7, 6, 4, 6, 6, 5, 8, 1, 8, 0, 6, 9, 9, 8, 2, 8, 7, 3, 5, 1, 3, 5, 2, 2, 1, 9, 9, 9, 3, 1, 6, 4, 3, 1, 6, 5, 9, 0, 3, 0, 3, 9, 2, 2, 9, 6, 4, 8, 5, 8, 2, 5, 0, 0, 6, 0, 2, 8, 2, 0, 5, 2, 6, 6, 6, 8, 0, 5, 1, 4, 5, 7, 2, 2, 6, 0, 5, 3, 6, 0, 2, 0, 3, 5, 9, 7, 7, 3, 3, 4, 5, 2, 7, 4, 7, 0, 0, 8, 7, 3, 9, 2, 6, 6, 5, 9, 1, 9, 5, 8, 9, 8, 0, 4, 1, 9, 5, 2, 8, 4, 7, 2, 2, 5, 5, 4, 8, 8, 5, 8, 2, 9, 5, 0, 1, 2, 0, 0, 0, 2, 7, 2, 8, 9, 8, 2, 8, 3, 6, 1, 9, 4, 9, 4, 3, 6, 0, 8, 5, 7, 6, 6, 8, 6, 2, 6, 3, 3, 3, 4, 1, 9, 4, 3, 2, 2, 8, 6, 4, 6, 3, 5, 8, 1, 3, 3, 9, 7, 9, 8, 6, 1, 2, 4, 3, 2, 6, 0]
[5, 7, 7, 6, 4, 6, 6, 5, 8, 1, 8, 0, 6, 9, 9, 8, 1, 8, 7, 3, 5, 1, 3, 5, 1, 1, 1, 9, 9, 9, 3, 1, 6, 4, 3, 1, 6, 5, 9, 0, 3, 0, 3, 9, 1, 1, 9, 6, 4, 8, 5, 8, 1, 5, 0, 0, 6, 0, 1, 8, 1, 0, 5, 2, 6, 6, 6, 8, 0, 5, 1, 4, 5, 7, 1, 2, 6, 0, 5, 3, 6, 0, 1, 0, 3, 5, 9, 7, 7, 3, 3, 4, 5, 1, 7, 4, 7, 0, 0, 8, 7, 3, 9, 1, 6, 6, 5, 9, 1, 9, 5, 8, 9, 8, 0, 4, 1, 9, 5, 2, 8, 4, 7, 1, 1, 5, 5, 4, 8, 8, 5, 8, 1, 9, 5, 0, 1, 1, 0, 0, 0, 1, 7, 1, 8, 9, 8, 2, 8, 3, 6, 1, 9, 4, 9, 4, 3, 6, 0, 8, 5, 7, 6, 6, 8, 6, 1, 6, 3, 3, 3, 4, 1, 9, 4, 3, 1, 1, 8, 6, 4, 6, 3, 5, 8, 1, 3, 3, 9, 7, 9, 8, 6, 1, 1, 4, 3, 2, 6, 0]
source: v, correct: 153 out of 200
[5, 7, 7, 6, 4, 6, 6, 5, 8, 1, 8, 0, 6, 9, 9, 8, 2, 8, 7, 3, 5, 1, 3, 5, 2, 2, 1, 9, 9, 9, 3, 1, 6, 4, 3, 1, 6, 5, 9, 0, 3, 0, 3, 9, 2, 2, 9, 6, 4, 8, 5, 8, 2, 5, 0, 0, 6, 0, 2, 8, 2, 0, 5, 2, 6, 6, 6, 8, 0, 5, 1, 4, 5, 7, 2, 2, 6, 0, 5, 3, 6, 0, 2, 0, 3, 5, 9, 7, 7, 3, 3, 4, 5, 2, 7, 4, 7, 0, 0, 8, 7, 3, 9, 2, 6, 6, 5, 9, 1, 9, 5, 8, 9, 8, 0, 4, 1, 9, 5, 2, 8, 4, 7, 2, 2, 5, 5, 4, 8, 8, 5, 8, 2, 9, 5, 0, 1, 2, 0, 0, 0, 2, 7, 2, 8, 9, 8, 2, 8, 3, 6, 1, 9, 4, 9, 4, 3, 6, 0, 8, 5, 7, 6, 6, 8, 6, 2, 6, 3, 3, 3, 4, 1, 9, 4, 3, 2, 2, 8, 6, 4, 6, 3, 5, 8, 1, 3, 3, 9, 7, 9, 8, 6, 1, 2, 4, 3, 2, 6, 0]
[0, 7, 7, 6, 4, 6, 6, 9, 8, 1, 8, 0, 6, 9, 3, 8, 1, 8, 7, 3, 5, 1, 3, 5, 0, 1, 1, 9, 9, 9, 3, 0, 6, 7, 3, 0, 6, 5, 9, 0, 3, 0, 3, 9, 1, 1, 9, 6, 4, 8, 5, 8, 1, 5, 0, 0, 6, 0, 1, 8, 2, 0, 5, 1, 6, 7, 7, 8, 0, 5, 1, 4, 5, 7, 1, 1, 6, 0, 5, 3, 6, 0, 1, 0, 3, 5, 9, 7, 6, 3, 3, 4, 5, 1, 7, 4, 7, 0, 0, 9, 7, 3, 9, 1, 6, 6, 5, 9, 1, 9, 5, 8, 9, 8, 0, 6, 1, 9, 5, 1, 8, 4, 7, 1, 2, 5, 5, 4, 8, 8, 5, 8, 1, 9, 5, 0, 0, 0, 0, 0, 1, 1, 7, 1, 8, 9, 8, 1, 8, 3, 7, 2, 9, 4, 9, 7, 3, 6, 0, 8, 5, 7, 0, 6, 8, 6, 1, 7, 3, 3, 3, 4, 1, 9, 4, 3, 0, 1, 8, 6, 7, 6, 3, 5, 3, 1, 3, 7, 9, 7, 9, 8, 6, 1, 1, 4, 3, 1, 0, 0]
n=14, accuracy_a=0.89, accuracy_v=0.765
Hebbian model with 15 presentations.
Training...
Evaluating...
source: a, correct: 173 out of 200
[5, 7, 7, 6, 4, 6, 6, 5, 8, 1, 8, 0, 6, 9, 9, 8, 2, 8, 7, 3, 5, 1, 3, 5, 2, 2, 1, 9, 9, 9, 3, 1, 6, 4, 3, 1, 6, 5, 9, 0, 3, 0, 3, 9, 2, 2, 9, 6, 4, 8, 5, 8, 2, 5, 0, 0, 6, 0, 2, 8, 2, 0, 5, 2, 6, 6, 6, 8, 0, 5, 1, 4, 5, 7, 2, 2, 6, 0, 5, 3, 6, 0, 2, 0, 3, 5, 9, 7, 7, 3, 3, 4, 5, 2, 7, 4, 7, 0, 0, 8, 7, 3, 9, 2, 6, 6, 5, 9, 1, 9, 5, 8, 9, 8, 0, 4, 1, 9, 5, 2, 8, 4, 7, 2, 2, 5, 5, 4, 8, 8, 5, 8, 2, 9, 5, 0, 1, 2, 0, 0, 0, 2, 7, 2, 8, 9, 8, 2, 8, 3, 6, 1, 9, 4, 9, 4, 3, 6, 0, 8, 5, 7, 6, 6, 8, 6, 2, 6, 3, 3, 3, 4, 1, 9, 4, 3, 2, 2, 8, 6, 4, 6, 3, 5, 8, 1, 3, 3, 9, 7, 9, 8, 6, 1, 2, 4, 3, 2, 6, 0]
[5, 7, 7, 6, 4, 6, 6, 5, 8, 1, 8, 0, 6, 9, 9, 8, 1, 8, 7, 3, 5, 1, 3, 5, 1, 1, 1, 9, 9, 9, 3, 1, 6, 4, 3, 1, 6, 5, 9, 0, 3, 0, 3, 9, 1, 1, 9, 6, 4, 8, 5, 8, 1, 5, 0, 0, 6, 0, 1, 8, 1, 0, 5, 1, 6, 6, 6, 8, 0, 5, 1, 4, 5, 7, 1, 1, 6, 0, 5, 3, 6, 0, 1, 0, 3, 5, 9, 7, 7, 3, 3, 4, 5, 1, 7, 4, 7, 0, 0, 8, 7, 3, 9, 1, 6, 6, 5, 9, 1, 9, 5, 8, 9, 8, 0, 4, 1, 9, 5, 1, 8, 4, 7, 1, 1, 5, 5, 4, 8, 8, 5, 8, 1, 9, 5, 0, 1, 1, 0, 0, 0, 1, 7, 1, 8, 9, 8, 1, 8, 3, 6, 1, 9, 4, 9, 4, 3, 6, 0, 8, 5, 7, 6, 6, 8, 6, 1, 6, 3, 3, 3, 4, 1, 9, 4, 3, 1, 1, 8, 6, 4, 6, 3, 5, 8, 1, 3, 3, 9, 7, 9, 8, 6, 1, 1, 4, 3, 1, 6, 0]
source: v, correct: 155 out of 200
[5, 7, 7, 6, 4, 6, 6, 5, 8, 1, 8, 0, 6, 9, 9, 8, 2, 8, 7, 3, 5, 1, 3, 5, 2, 2, 1, 9, 9, 9, 3, 1, 6, 4, 3, 1, 6, 5, 9, 0, 3, 0, 3, 9, 2, 2, 9, 6, 4, 8, 5, 8, 2, 5, 0, 0, 6, 0, 2, 8, 2, 0, 5, 2, 6, 6, 6, 8, 0, 5, 1, 4, 5, 7, 2, 2, 6, 0, 5, 3, 6, 0, 2, 0, 3, 5, 9, 7, 7, 3, 3, 4, 5, 2, 7, 4, 7, 0, 0, 8, 7, 3, 9, 2, 6, 6, 5, 9, 1, 9, 5, 8, 9, 8, 0, 4, 1, 9, 5, 2, 8, 4, 7, 2, 2, 5, 5, 4, 8, 8, 5, 8, 2, 9, 5, 0, 1, 2, 0, 0, 0, 2, 7, 2, 8, 9, 8, 2, 8, 3, 6, 1, 9, 4, 9, 4, 3, 6, 0, 8, 5, 7, 6, 6, 8, 6, 2, 6, 3, 3, 3, 4, 1, 9, 4, 3, 2, 2, 8, 6, 4, 6, 3, 5, 8, 1, 3, 3, 9, 7, 9, 8, 6, 1, 2, 4, 3, 2, 6, 0]
[0, 7, 7, 6, 4, 6, 6, 5, 8, 1, 8, 0, 6, 8, 3, 8, 1, 8, 7, 3, 5, 1, 3, 5, 0, 1, 1, 9, 9, 9, 3, 0, 6, 7, 3, 0, 6, 5, 9, 0, 3, 0, 3, 9, 1, 1, 9, 6, 4, 8, 5, 8, 1, 5, 0, 0, 6, 0, 1, 8, 2, 0, 5, 1, 6, 7, 7, 8, 0, 5, 1, 4, 5, 7, 1, 1, 6, 0, 5, 3, 6, 0, 1, 0, 3, 5, 9, 7, 6, 3, 3, 4, 5, 1, 7, 4, 7, 0, 0, 9, 7, 3, 9, 1, 6, 6, 5, 9, 1, 9, 5, 8, 9, 8, 0, 6, 1, 9, 5, 1, 8, 4, 7, 1, 2, 5, 5, 4, 8, 8, 5, 8, 1, 9, 5, 0, 1, 0, 0, 0, 1, 1, 7, 1, 8, 9, 8, 1, 8, 3, 7, 1, 9, 4, 9, 7, 3, 6, 0, 8, 5, 7, 0, 6, 8, 6, 1, 7, 3, 3, 3, 4, 1, 9, 4, 3, 0, 1, 8, 6, 7, 6, 3, 5, 3, 1, 3, 7, 9, 7, 9, 8, 6, 1, 1, 4, 3, 1, 0, 0]
n=15, accuracy_a=0.865, accuracy_v=0.775
